<?xml version="1.0" encoding="UTF-8"?>
<testsuite xmlns:xsi="http://www.w3.org/2001/XMLSchema-instance" xsi:noNamespaceSchemaLocation="https://maven.apache.org/surefire/maven-surefire-plugin/xsd/surefire-test-report-3.0.xsd" version="3.0" name="runners.Runner" time="46.979" tests="4" errors="1" skipped="0" failures="0">
  <properties>
[...]
</properties>
  <testcase name="Check categories" classname="Check categories" time="14.987">
    <system-out><![CDATA[[INFO ] 2020-12-13 21:52:46 WebDriverManager:605 :resolveDriverVersion - message:Using chromedriver 87.0.4280.88 (resolved driver for Chrome 87)
[INFO ] 2020-12-13 21:52:46 WebDriverManager:661 :exportDriver - message:Exporting webdriver.chrome.driver as C:\Users\tom\.cache\selenium\chromedriver\win32\87.0.4280.88\chromedriver.exe
]]></system-out>
    <system-err><![CDATA[Starting ChromeDriver 87.0.4280.88 (89e2380a3e36c3464b5dd1302349b1382549290d-refs/branch-heads/4280@{#1761}) on port 45326
Only local connections are allowed.
Please see https://chromedriver.chromium.org/security-considerations for suggestions on keeping ChromeDriver safe.
ChromeDriver was started successfully.
дек. 13, 2020 9:52:48 PM org.openqa.selenium.remote.ProtocolHandshake createSession
INFO: Detected dialect: W3C
]]></system-err>
  </testcase>
  <testcase name="Check the amount of languages in dropdown" classname="Check the amount of languages" time="10.295">
    <error message="Session ID is null. Using WebDriver after calling quit()?&#10;Build info: version: &apos;3.141.59&apos;, revision: &apos;e82be7d358&apos;, time: &apos;2018-11-14T08:17:03&apos;&#10;System info: host: &apos;DESKTOP-IJO2JF1&apos;, ip: &apos;192.168.1.103&apos;, os.name: &apos;Windows 10&apos;, os.arch: &apos;amd64&apos;, os.version: &apos;10.0&apos;, java.version: &apos;12.0.2&apos;&#10;Driver info: driver.version: RemoteWebDriver" type="org.openqa.selenium.NoSuchSessionException"><![CDATA[org.openqa.selenium.NoSuchSessionException: 
Session ID is null. Using WebDriver after calling quit()?
Build info: version: '3.141.59', revision: 'e82be7d358', time: '2018-11-14T08:17:03'
System info: host: 'DESKTOP-IJO2JF1', ip: '192.168.1.103', os.name: 'Windows 10', os.arch: 'amd64', os.version: '10.0', java.version: '12.0.2'
Driver info: driver.version: RemoteWebDriver
]]></error>
    <system-out><![CDATA[[INFO ] 2020-12-13 21:53:01 WebDriverManager:605 :resolveDriverVersion - message:Using chromedriver 87.0.4280.88 (resolved driver for Chrome 87)
[INFO ] 2020-12-13 21:53:01 WebDriverManager:661 :exportDriver - message:Exporting webdriver.chrome.driver as C:\Users\tom\.cache\selenium\chromedriver\win32\87.0.4280.88\chromedriver.exe
]]></system-out>
    <system-err><![CDATA[Starting ChromeDriver 87.0.4280.88 (89e2380a3e36c3464b5dd1302349b1382549290d-refs/branch-heads/4280@{#1761}) on port 47282
Only local connections are allowed.
Please see https://chromedriver.chromium.org/security-considerations for suggestions on keeping ChromeDriver safe.
ChromeDriver was started successfully.
дек. 13, 2020 9:53:02 PM org.openqa.selenium.remote.ProtocolHandshake createSession
INFO: Detected dialect: W3C
]]></system-err>
  </testcase>
  <testcase name="Check Popular Products" classname="Check Popular Products" time="10.412">
    <system-out><![CDATA[[INFO ] 2020-12-13 21:53:11 WebDriverManager:605 :resolveDriverVersion - message:Using chromedriver 87.0.4280.88 (resolved driver for Chrome 87)
[INFO ] 2020-12-13 21:53:11 WebDriverManager:661 :exportDriver - message:Exporting webdriver.chrome.driver as C:\Users\tom\.cache\selenium\chromedriver\win32\87.0.4280.88\chromedriver.exe
[INFO ] 2020-12-13 21:53:21 MainPage:63 :checkAllPricesArePositive - message:checkAllPricesArePositive
]]></system-out>
    <system-err><![CDATA[Starting ChromeDriver 87.0.4280.88 (89e2380a3e36c3464b5dd1302349b1382549290d-refs/branch-heads/4280@{#1761}) on port 36863
Only local connections are allowed.
Please see https://chromedriver.chromium.org/security-considerations for suggestions on keeping ChromeDriver safe.
ChromeDriver was started successfully.
дек. 13, 2020 9:53:13 PM org.openqa.selenium.remote.ProtocolHandshake createSession
INFO: Detected dialect: W3C
]]></system-err>
  </testcase>
  <testcase name="Subscribe With Invalid Email" classname="Subscribe To Smth With Invalid Email" time="10.6">
    <system-out><![CDATA[[INFO ] 2020-12-13 21:53:21 WebDriverManager:605 :resolveDriverVersion - message:Using chromedriver 87.0.4280.88 (resolved driver for Chrome 87)
[INFO ] 2020-12-13 21:53:21 WebDriverManager:661 :exportDriver - message:Exporting webdriver.chrome.driver as C:\Users\tom\.cache\selenium\chromedriver\win32\87.0.4280.88\chromedriver.exe
You're here
]]></system-out>
    <system-err><![CDATA[Starting ChromeDriver 87.0.4280.88 (89e2380a3e36c3464b5dd1302349b1382549290d-refs/branch-heads/4280@{#1761}) on port 28621
Only local connections are allowed.
Please see https://chromedriver.chromium.org/security-considerations for suggestions on keeping ChromeDriver safe.
ChromeDriver was started successfully.
дек. 13, 2020 9:53:23 PM org.openqa.selenium.remote.ProtocolHandshake createSession
INFO: Detected dialect: W3C
]]></system-err>
  </testcase>
</testsuite>