[INFO ] 2020-12-06 15:43:21 WebDriverManager:605 :resolveDriverVersion - message:Using chromedriver 86.0.4240.22 (resolved driver for Chrome 86)
[INFO ] 2020-12-06 15:43:21 WebDriverManager:661 :exportDriver - message:Exporting webdriver.chrome.driver as C:\Users\tom\.cache\selenium\chromedriver\win32\86.0.4240.22\chromedriver.exe
[INFO ] 2020-12-06 15:45:25 WebDriverManager:605 :resolveDriverVersion - message:Using chromedriver 86.0.4240.22 (resolved driver for Chrome 86)
[INFO ] 2020-12-06 15:45:25 WebDriverManager:661 :exportDriver - message:Exporting webdriver.chrome.driver as C:\Users\tom\.cache\selenium\chromedriver\win32\86.0.4240.22\chromedriver.exe
[INFO ] 2020-12-06 15:49:09 WebDriverManager:605 :resolveDriverVersion - message:Using chromedriver 86.0.4240.22 (resolved driver for Chrome 86)
[INFO ] 2020-12-06 15:49:09 WebDriverManager:661 :exportDriver - message:Exporting webdriver.chrome.driver as C:\Users\tom\.cache\selenium\chromedriver\win32\86.0.4240.22\chromedriver.exe
[INFO ] 2020-12-06 15:50:10 WebDriverManager:605 :resolveDriverVersion - message:Using chromedriver 86.0.4240.22 (resolved driver for Chrome 86)
[INFO ] 2020-12-06 15:50:10 WebDriverManager:661 :exportDriver - message:Exporting webdriver.chrome.driver as C:\Users\tom\.cache\selenium\chromedriver\win32\86.0.4240.22\chromedriver.exe
[INFO ] 2020-12-06 15:51:49 WebDriverManager:605 :resolveDriverVersion - message:Using chromedriver 86.0.4240.22 (resolved driver for Chrome 86)
[INFO ] 2020-12-06 15:51:49 WebDriverManager:661 :exportDriver - message:Exporting webdriver.chrome.driver as C:\Users\tom\.cache\selenium\chromedriver\win32\86.0.4240.22\chromedriver.exe
[INFO ] 2020-12-06 15:53:06 WebDriverManager:605 :resolveDriverVersion - message:Using chromedriver 86.0.4240.22 (resolved driver for Chrome 86)
[INFO ] 2020-12-06 15:53:06 WebDriverManager:661 :exportDriver - message:Exporting webdriver.chrome.driver as C:\Users\tom\.cache\selenium\chromedriver\win32\86.0.4240.22\chromedriver.exe
[INFO ] 2020-12-06 15:57:12 WebDriverManager:605 :resolveDriverVersion - message:Using chromedriver 86.0.4240.22 (resolved driver for Chrome 86)
[INFO ] 2020-12-06 15:57:12 WebDriverManager:661 :exportDriver - message:Exporting webdriver.chrome.driver as C:\Users\tom\.cache\selenium\chromedriver\win32\86.0.4240.22\chromedriver.exe
[ERROR] 2020-12-06 15:57:41 AllureLifecycle:609 :prepareAttachment - message:Could not add attachment: no test is running
[INFO ] 2020-12-06 16:29:13 WebDriverManager:605 :resolveDriverVersion - message:Using chromedriver 86.0.4240.22 (resolved driver for Chrome 86)
[INFO ] 2020-12-06 16:29:13 WebDriverManager:661 :exportDriver - message:Exporting webdriver.chrome.driver as C:\Users\tom\.cache\selenium\chromedriver\win32\86.0.4240.22\chromedriver.exe
[ERROR] 2020-12-06 16:29:32 AllureLifecycle:609 :prepareAttachment - message:Could not add attachment: no test is running
[INFO ] 2020-12-06 16:30:55 WebDriverManager:605 :resolveDriverVersion - message:Using chromedriver 86.0.4240.22 (resolved driver for Chrome 86)
[INFO ] 2020-12-06 16:30:55 WebDriverManager:661 :exportDriver - message:Exporting webdriver.chrome.driver as C:\Users\tom\.cache\selenium\chromedriver\win32\86.0.4240.22\chromedriver.exe
[ERROR] 2020-12-06 16:31:03 AllureLifecycle:609 :prepareAttachment - message:Could not add attachment: no test is running
[INFO ] 2020-12-06 16:31:30 WebDriverManager:605 :resolveDriverVersion - message:Using chromedriver 86.0.4240.22 (resolved driver for Chrome 86)
[INFO ] 2020-12-06 16:31:30 WebDriverManager:661 :exportDriver - message:Exporting webdriver.chrome.driver as C:\Users\tom\.cache\selenium\chromedriver\win32\86.0.4240.22\chromedriver.exe
[ERROR] 2020-12-06 16:32:25 AllureLifecycle:609 :prepareAttachment - message:Could not add attachment: no test is running
[INFO ] 2020-12-06 16:34:19 WebDriverManager:605 :resolveDriverVersion - message:Using chromedriver 86.0.4240.22 (resolved driver for Chrome 86)
[INFO ] 2020-12-06 16:34:19 WebDriverManager:661 :exportDriver - message:Exporting webdriver.chrome.driver as C:\Users\tom\.cache\selenium\chromedriver\win32\86.0.4240.22\chromedriver.exe
[INFO ] 2020-12-06 16:35:27 WebDriverManager:605 :resolveDriverVersion - message:Using chromedriver 86.0.4240.22 (resolved driver for Chrome 86)
[INFO ] 2020-12-06 16:35:27 WebDriverManager:661 :exportDriver - message:Exporting webdriver.chrome.driver as C:\Users\tom\.cache\selenium\chromedriver\win32\86.0.4240.22\chromedriver.exe
[ERROR] 2020-12-06 16:36:38 AllureLifecycle:609 :prepareAttachment - message:Could not add attachment: no test is running
[INFO ] 2020-12-06 16:39:49 WebDriverManager:605 :resolveDriverVersion - message:Using chromedriver 86.0.4240.22 (resolved driver for Chrome 86)
[INFO ] 2020-12-06 16:39:49 WebDriverManager:661 :exportDriver - message:Exporting webdriver.chrome.driver as C:\Users\tom\.cache\selenium\chromedriver\win32\86.0.4240.22\chromedriver.exe
[INFO ] 2020-12-06 16:40:37 WebDriverManager:605 :resolveDriverVersion - message:Using chromedriver 86.0.4240.22 (resolved driver for Chrome 86)
[INFO ] 2020-12-06 16:40:37 WebDriverManager:661 :exportDriver - message:Exporting webdriver.chrome.driver as C:\Users\tom\.cache\selenium\chromedriver\win32\86.0.4240.22\chromedriver.exe
[INFO ] 2020-12-06 16:41:53 WebDriverManager:605 :resolveDriverVersion - message:Using chromedriver 86.0.4240.22 (resolved driver for Chrome 86)
[INFO ] 2020-12-06 16:41:53 WebDriverManager:661 :exportDriver - message:Exporting webdriver.chrome.driver as C:\Users\tom\.cache\selenium\chromedriver\win32\86.0.4240.22\chromedriver.exe
[ERROR] 2020-12-06 16:42:46 AllureLifecycle:609 :prepareAttachment - message:Could not add attachment: no test is running
[INFO ] 2020-12-06 16:45:47 WebDriverManager:605 :resolveDriverVersion - message:Using chromedriver 86.0.4240.22 (resolved driver for Chrome 86)
[INFO ] 2020-12-06 16:45:47 WebDriverManager:661 :exportDriver - message:Exporting webdriver.chrome.driver as C:\Users\tom\.cache\selenium\chromedriver\win32\86.0.4240.22\chromedriver.exe
[ERROR] 2020-12-06 16:46:27 AllureLifecycle:609 :prepareAttachment - message:Could not add attachment: no test is running
[INFO ] 2020-12-06 16:48:05 WebDriverManager:605 :resolveDriverVersion - message:Using chromedriver 86.0.4240.22 (resolved driver for Chrome 86)
[INFO ] 2020-12-06 16:48:05 WebDriverManager:661 :exportDriver - message:Exporting webdriver.chrome.driver as C:\Users\tom\.cache\selenium\chromedriver\win32\86.0.4240.22\chromedriver.exe
[ERROR] 2020-12-06 16:48:22 AllureLifecycle:609 :prepareAttachment - message:Could not add attachment: no test is running
[INFO ] 2020-12-06 16:51:10 WebDriverManager:605 :resolveDriverVersion - message:Using chromedriver 86.0.4240.22 (resolved driver for Chrome 86)
[INFO ] 2020-12-06 16:51:10 WebDriverManager:661 :exportDriver - message:Exporting webdriver.chrome.driver as C:\Users\tom\.cache\selenium\chromedriver\win32\86.0.4240.22\chromedriver.exe
[ERROR] 2020-12-06 16:52:10 AllureLifecycle:609 :prepareAttachment - message:Could not add attachment: no test is running
[INFO ] 2020-12-06 16:57:39 WebDriverManager:605 :resolveDriverVersion - message:Using chromedriver 86.0.4240.22 (resolved driver for Chrome 86)
[INFO ] 2020-12-06 16:57:39 WebDriverManager:661 :exportDriver - message:Exporting webdriver.chrome.driver as C:\Users\tom\.cache\selenium\chromedriver\win32\86.0.4240.22\chromedriver.exe
[ERROR] 2020-12-06 16:58:22 AllureLifecycle:609 :prepareAttachment - message:Could not add attachment: no test is running
[INFO ] 2020-12-06 17:01:43 WebDriverManager:605 :resolveDriverVersion - message:Using chromedriver 86.0.4240.22 (resolved driver for Chrome 86)
[INFO ] 2020-12-06 17:01:43 WebDriverManager:661 :exportDriver - message:Exporting webdriver.chrome.driver as C:\Users\tom\.cache\selenium\chromedriver\win32\86.0.4240.22\chromedriver.exe
[INFO ] 2020-12-06 17:02:34 WebDriverManager:605 :resolveDriverVersion - message:Using chromedriver 86.0.4240.22 (resolved driver for Chrome 86)
[INFO ] 2020-12-06 17:02:34 WebDriverManager:661 :exportDriver - message:Exporting webdriver.chrome.driver as C:\Users\tom\.cache\selenium\chromedriver\win32\86.0.4240.22\chromedriver.exe
[INFO ] 2020-12-06 17:04:03 WebDriverManager:605 :resolveDriverVersion - message:Using chromedriver 86.0.4240.22 (resolved driver for Chrome 86)
[INFO ] 2020-12-06 17:04:03 WebDriverManager:661 :exportDriver - message:Exporting webdriver.chrome.driver as C:\Users\tom\.cache\selenium\chromedriver\win32\86.0.4240.22\chromedriver.exe
[ERROR] 2020-12-06 17:04:46 AllureLifecycle:609 :prepareAttachment - message:Could not add attachment: no test is running
[INFO ] 2020-12-06 17:10:00 WebDriverManager:605 :resolveDriverVersion - message:Using chromedriver 86.0.4240.22 (resolved driver for Chrome 86)
[INFO ] 2020-12-06 17:10:00 WebDriverManager:661 :exportDriver - message:Exporting webdriver.chrome.driver as C:\Users\tom\.cache\selenium\chromedriver\win32\86.0.4240.22\chromedriver.exe
[INFO ] 2020-12-06 17:10:07 WebDriverManager:605 :resolveDriverVersion - message:Using chromedriver 86.0.4240.22 (resolved driver for Chrome 86)
[INFO ] 2020-12-06 17:10:07 WebDriverManager:661 :exportDriver - message:Exporting webdriver.chrome.driver as C:\Users\tom\.cache\selenium\chromedriver\win32\86.0.4240.22\chromedriver.exe
[INFO ] 2020-12-06 17:11:13 WebDriverManager:605 :resolveDriverVersion - message:Using chromedriver 86.0.4240.22 (resolved driver for Chrome 86)
[INFO ] 2020-12-06 17:11:13 WebDriverManager:661 :exportDriver - message:Exporting webdriver.chrome.driver as C:\Users\tom\.cache\selenium\chromedriver\win32\86.0.4240.22\chromedriver.exe
[INFO ] 2020-12-06 17:12:41 WebDriverManager:605 :resolveDriverVersion - message:Using chromedriver 86.0.4240.22 (resolved driver for Chrome 86)
[INFO ] 2020-12-06 17:12:41 WebDriverManager:661 :exportDriver - message:Exporting webdriver.chrome.driver as C:\Users\tom\.cache\selenium\chromedriver\win32\86.0.4240.22\chromedriver.exe
[INFO ] 2020-12-06 17:13:23 WebDriverManager:605 :resolveDriverVersion - message:Using chromedriver 86.0.4240.22 (resolved driver for Chrome 86)
[INFO ] 2020-12-06 17:13:23 WebDriverManager:661 :exportDriver - message:Exporting webdriver.chrome.driver as C:\Users\tom\.cache\selenium\chromedriver\win32\86.0.4240.22\chromedriver.exe
[ERROR] 2020-12-06 17:14:27 AllureLifecycle:609 :prepareAttachment - message:Could not add attachment: no test is running
[INFO ] 2020-12-06 17:18:45 WebDriverManager:605 :resolveDriverVersion - message:Using chromedriver 86.0.4240.22 (resolved driver for Chrome 86)
[INFO ] 2020-12-06 17:18:45 WebDriverManager:661 :exportDriver - message:Exporting webdriver.chrome.driver as C:\Users\tom\.cache\selenium\chromedriver\win32\86.0.4240.22\chromedriver.exe
[ERROR] 2020-12-06 17:21:33 AllureLifecycle:609 :prepareAttachment - message:Could not add attachment: no test is running
[INFO ] 2020-12-06 17:22:53 WebDriverManager:605 :resolveDriverVersion - message:Using chromedriver 86.0.4240.22 (resolved driver for Chrome 86)
[INFO ] 2020-12-06 17:22:53 WebDriverManager:661 :exportDriver - message:Exporting webdriver.chrome.driver as C:\Users\tom\.cache\selenium\chromedriver\win32\86.0.4240.22\chromedriver.exe
[ERROR] 2020-12-06 17:23:42 AllureLifecycle:609 :prepareAttachment - message:Could not add attachment: no test is running
[INFO ] 2020-12-06 17:25:39 WebDriverManager:605 :resolveDriverVersion - message:Using chromedriver 86.0.4240.22 (resolved driver for Chrome 86)
[INFO ] 2020-12-06 17:25:39 WebDriverManager:661 :exportDriver - message:Exporting webdriver.chrome.driver as C:\Users\tom\.cache\selenium\chromedriver\win32\86.0.4240.22\chromedriver.exe
[INFO ] 2020-12-06 17:27:04 WebDriverManager:605 :resolveDriverVersion - message:Using chromedriver 86.0.4240.22 (resolved driver for Chrome 86)
[INFO ] 2020-12-06 17:27:04 WebDriverManager:661 :exportDriver - message:Exporting webdriver.chrome.driver as C:\Users\tom\.cache\selenium\chromedriver\win32\86.0.4240.22\chromedriver.exe
[ERROR] 2020-12-06 17:27:49 AllureLifecycle:609 :prepareAttachment - message:Could not add attachment: no test is running
[INFO ] 2020-12-06 17:28:47 WebDriverManager:605 :resolveDriverVersion - message:Using chromedriver 86.0.4240.22 (resolved driver for Chrome 86)
[INFO ] 2020-12-06 17:28:47 WebDriverManager:661 :exportDriver - message:Exporting webdriver.chrome.driver as C:\Users\tom\.cache\selenium\chromedriver\win32\86.0.4240.22\chromedriver.exe
[ERROR] 2020-12-06 17:29:18 AllureLifecycle:609 :prepareAttachment - message:Could not add attachment: no test is running
[INFO ] 2020-12-06 17:30:03 WebDriverManager:605 :resolveDriverVersion - message:Using chromedriver 86.0.4240.22 (resolved driver for Chrome 86)
[INFO ] 2020-12-06 17:30:03 WebDriverManager:661 :exportDriver - message:Exporting webdriver.chrome.driver as C:\Users\tom\.cache\selenium\chromedriver\win32\86.0.4240.22\chromedriver.exe
[ERROR] 2020-12-06 17:30:46 AllureLifecycle:609 :prepareAttachment - message:Could not add attachment: no test is running
[INFO ] 2020-12-06 17:31:33 WebDriverManager:605 :resolveDriverVersion - message:Using chromedriver 86.0.4240.22 (resolved driver for Chrome 86)
[INFO ] 2020-12-06 17:31:33 WebDriverManager:661 :exportDriver - message:Exporting webdriver.chrome.driver as C:\Users\tom\.cache\selenium\chromedriver\win32\86.0.4240.22\chromedriver.exe
[ERROR] 2020-12-06 17:31:48 AllureLifecycle:609 :prepareAttachment - message:Could not add attachment: no test is running
[INFO ] 2020-12-06 17:33:32 WebDriverManager:605 :resolveDriverVersion - message:Using chromedriver 86.0.4240.22 (resolved driver for Chrome 86)
[INFO ] 2020-12-06 17:33:32 WebDriverManager:661 :exportDriver - message:Exporting webdriver.chrome.driver as C:\Users\tom\.cache\selenium\chromedriver\win32\86.0.4240.22\chromedriver.exe
[ERROR] 2020-12-06 17:33:37 AllureLifecycle:609 :prepareAttachment - message:Could not add attachment: no test is running
[INFO ] 2020-12-06 17:35:01 WebDriverManager:605 :resolveDriverVersion - message:Using chromedriver 86.0.4240.22 (resolved driver for Chrome 86)
[INFO ] 2020-12-06 17:35:01 WebDriverManager:661 :exportDriver - message:Exporting webdriver.chrome.driver as C:\Users\tom\.cache\selenium\chromedriver\win32\86.0.4240.22\chromedriver.exe
[ERROR] 2020-12-06 17:35:05 AllureLifecycle:609 :prepareAttachment - message:Could not add attachment: no test is running
[INFO ] 2020-12-06 17:35:29 WebDriverManager:605 :resolveDriverVersion - message:Using chromedriver 86.0.4240.22 (resolved driver for Chrome 86)
[INFO ] 2020-12-06 17:35:29 WebDriverManager:661 :exportDriver - message:Exporting webdriver.chrome.driver as C:\Users\tom\.cache\selenium\chromedriver\win32\86.0.4240.22\chromedriver.exe
[ERROR] 2020-12-06 17:35:40 AllureLifecycle:609 :prepareAttachment - message:Could not add attachment: no test is running
[INFO ] 2020-12-06 17:43:27 WebDriverManager:605 :resolveDriverVersion - message:Using chromedriver 86.0.4240.22 (resolved driver for Chrome 86)
[INFO ] 2020-12-06 17:43:27 WebDriverManager:661 :exportDriver - message:Exporting webdriver.chrome.driver as C:\Users\tom\.cache\selenium\chromedriver\win32\86.0.4240.22\chromedriver.exe
[ERROR] 2020-12-06 17:44:24 AllureLifecycle:609 :prepareAttachment - message:Could not add attachment: no test is running
[INFO ] 2020-12-06 17:45:51 WebDriverManager:605 :resolveDriverVersion - message:Using chromedriver 86.0.4240.22 (resolved driver for Chrome 86)
[INFO ] 2020-12-06 17:45:51 WebDriverManager:661 :exportDriver - message:Exporting webdriver.chrome.driver as C:\Users\tom\.cache\selenium\chromedriver\win32\86.0.4240.22\chromedriver.exe
[ERROR] 2020-12-06 17:46:27 AllureLifecycle:609 :prepareAttachment - message:Could not add attachment: no test is running
[INFO ] 2020-12-06 17:48:56 WebDriverManager:605 :resolveDriverVersion - message:Using chromedriver 86.0.4240.22 (resolved driver for Chrome 86)
[INFO ] 2020-12-06 17:48:56 WebDriverManager:661 :exportDriver - message:Exporting webdriver.chrome.driver as C:\Users\tom\.cache\selenium\chromedriver\win32\86.0.4240.22\chromedriver.exe
[ERROR] 2020-12-06 17:49:38 AllureLifecycle:609 :prepareAttachment - message:Could not add attachment: no test is running
[INFO ] 2020-12-06 17:58:06 WebDriverManager:605 :resolveDriverVersion - message:Using chromedriver 86.0.4240.22 (resolved driver for Chrome 86)
[INFO ] 2020-12-06 17:58:06 WebDriverManager:661 :exportDriver - message:Exporting webdriver.chrome.driver as C:\Users\tom\.cache\selenium\chromedriver\win32\86.0.4240.22\chromedriver.exe
[ERROR] 2020-12-06 17:58:48 AllureLifecycle:609 :prepareAttachment - message:Could not add attachment: no test is running
[INFO ] 2020-12-06 18:04:11 WebDriverManager:605 :resolveDriverVersion - message:Using chromedriver 86.0.4240.22 (resolved driver for Chrome 86)
[INFO ] 2020-12-06 18:04:11 WebDriverManager:661 :exportDriver - message:Exporting webdriver.chrome.driver as C:\Users\tom\.cache\selenium\chromedriver\win32\86.0.4240.22\chromedriver.exe
[INFO ] 2020-12-06 18:17:11 WebDriverManager:605 :resolveDriverVersion - message:Using chromedriver 86.0.4240.22 (resolved driver for Chrome 86)
[INFO ] 2020-12-06 18:17:11 WebDriverManager:661 :exportDriver - message:Exporting webdriver.chrome.driver as C:\Users\tom\.cache\selenium\chromedriver\win32\86.0.4240.22\chromedriver.exe
[ERROR] 2020-12-06 18:17:46 AllureLifecycle:609 :prepareAttachment - message:Could not add attachment: no test is running
[INFO ] 2020-12-06 18:19:19 WebDriverManager:605 :resolveDriverVersion - message:Using chromedriver 86.0.4240.22 (resolved driver for Chrome 86)
[INFO ] 2020-12-06 18:19:19 WebDriverManager:661 :exportDriver - message:Exporting webdriver.chrome.driver as C:\Users\tom\.cache\selenium\chromedriver\win32\86.0.4240.22\chromedriver.exe
[INFO ] 2020-12-06 18:24:47 WebDriverManager:605 :resolveDriverVersion - message:Using chromedriver 86.0.4240.22 (resolved driver for Chrome 86)
[INFO ] 2020-12-06 18:24:47 WebDriverManager:661 :exportDriver - message:Exporting webdriver.chrome.driver as C:\Users\tom\.cache\selenium\chromedriver\win32\86.0.4240.22\chromedriver.exe
[ERROR] 2020-12-06 18:27:22 AllureLifecycle:609 :prepareAttachment - message:Could not add attachment: no test is running
[INFO ] 2020-12-06 18:32:37 WebDriverManager:605 :resolveDriverVersion - message:Using chromedriver 86.0.4240.22 (resolved driver for Chrome 86)
[INFO ] 2020-12-06 18:32:37 WebDriverManager:661 :exportDriver - message:Exporting webdriver.chrome.driver as C:\Users\tom\.cache\selenium\chromedriver\win32\86.0.4240.22\chromedriver.exe
[INFO ] 2020-12-06 18:33:31 WebDriverManager:605 :resolveDriverVersion - message:Using chromedriver 86.0.4240.22 (resolved driver for Chrome 86)
[INFO ] 2020-12-06 18:33:31 WebDriverManager:661 :exportDriver - message:Exporting webdriver.chrome.driver as C:\Users\tom\.cache\selenium\chromedriver\win32\86.0.4240.22\chromedriver.exe
[INFO ] 2020-12-06 18:34:07 WebDriverManager:605 :resolveDriverVersion - message:Using chromedriver 86.0.4240.22 (resolved driver for Chrome 86)
[INFO ] 2020-12-06 18:34:07 WebDriverManager:661 :exportDriver - message:Exporting webdriver.chrome.driver as C:\Users\tom\.cache\selenium\chromedriver\win32\86.0.4240.22\chromedriver.exe
[INFO ] 2020-12-06 18:49:00 WebDriverManager:605 :resolveDriverVersion - message:Using chromedriver 86.0.4240.22 (resolved driver for Chrome 86)
[INFO ] 2020-12-06 18:49:00 WebDriverManager:661 :exportDriver - message:Exporting webdriver.chrome.driver as C:\Users\tom\.cache\selenium\chromedriver\win32\86.0.4240.22\chromedriver.exe
[ERROR] 2020-12-06 18:51:46 AllureLifecycle:609 :prepareAttachment - message:Could not add attachment: no test is running
[INFO ] 2020-12-06 18:58:54 WebDriverManager:605 :resolveDriverVersion - message:Using chromedriver 86.0.4240.22 (resolved driver for Chrome 86)
[INFO ] 2020-12-06 18:58:54 WebDriverManager:661 :exportDriver - message:Exporting webdriver.chrome.driver as C:\Users\tom\.cache\selenium\chromedriver\win32\86.0.4240.22\chromedriver.exe
[INFO ] 2020-12-06 19:22:31 WebDriverManager:605 :resolveDriverVersion - message:Using chromedriver 86.0.4240.22 (resolved driver for Chrome 86)
[INFO ] 2020-12-06 19:22:31 WebDriverManager:661 :exportDriver - message:Exporting webdriver.chrome.driver as C:\Users\tom\.cache\selenium\chromedriver\win32\86.0.4240.22\chromedriver.exe
[INFO ] 2020-12-06 19:23:38 WebDriverManager:605 :resolveDriverVersion - message:Using chromedriver 86.0.4240.22 (resolved driver for Chrome 86)
[INFO ] 2020-12-06 19:23:38 WebDriverManager:661 :exportDriver - message:Exporting webdriver.chrome.driver as C:\Users\tom\.cache\selenium\chromedriver\win32\86.0.4240.22\chromedriver.exe
[ERROR] 2020-12-06 19:24:16 AllureLifecycle:609 :prepareAttachment - message:Could not add attachment: no test is running
[INFO ] 2020-12-06 19:25:14 WebDriverManager:605 :resolveDriverVersion - message:Using chromedriver 86.0.4240.22 (resolved driver for Chrome 86)
[INFO ] 2020-12-06 19:25:14 WebDriverManager:661 :exportDriver - message:Exporting webdriver.chrome.driver as C:\Users\tom\.cache\selenium\chromedriver\win32\86.0.4240.22\chromedriver.exe
[ERROR] 2020-12-06 19:28:44 AllureLifecycle:609 :prepareAttachment - message:Could not add attachment: no test is running
[INFO ] 2020-12-06 19:28:54 WebDriverManager:605 :resolveDriverVersion - message:Using chromedriver 86.0.4240.22 (resolved driver for Chrome 86)
[INFO ] 2020-12-06 19:28:54 WebDriverManager:661 :exportDriver - message:Exporting webdriver.chrome.driver as C:\Users\tom\.cache\selenium\chromedriver\win32\86.0.4240.22\chromedriver.exe
[INFO ] 2020-12-06 19:30:04 WebDriverManager:605 :resolveDriverVersion - message:Using chromedriver 86.0.4240.22 (resolved driver for Chrome 86)
[INFO ] 2020-12-06 19:30:04 WebDriverManager:661 :exportDriver - message:Exporting webdriver.chrome.driver as C:\Users\tom\.cache\selenium\chromedriver\win32\86.0.4240.22\chromedriver.exe
[INFO ] 2020-12-06 19:31:33 WebDriverManager:605 :resolveDriverVersion - message:Using chromedriver 86.0.4240.22 (resolved driver for Chrome 86)
[INFO ] 2020-12-06 19:31:33 WebDriverManager:661 :exportDriver - message:Exporting webdriver.chrome.driver as C:\Users\tom\.cache\selenium\chromedriver\win32\86.0.4240.22\chromedriver.exe
[INFO ] 2020-12-06 19:32:21 WebDriverManager:605 :resolveDriverVersion - message:Using chromedriver 86.0.4240.22 (resolved driver for Chrome 86)
[INFO ] 2020-12-06 19:32:21 WebDriverManager:661 :exportDriver - message:Exporting webdriver.chrome.driver as C:\Users\tom\.cache\selenium\chromedriver\win32\86.0.4240.22\chromedriver.exe
[INFO ] 2020-12-06 19:34:59 WebDriverManager:605 :resolveDriverVersion - message:Using chromedriver 86.0.4240.22 (resolved driver for Chrome 86)
[INFO ] 2020-12-06 19:34:59 WebDriverManager:661 :exportDriver - message:Exporting webdriver.chrome.driver as C:\Users\tom\.cache\selenium\chromedriver\win32\86.0.4240.22\chromedriver.exe
[INFO ] 2020-12-06 19:36:09 WebDriverManager:605 :resolveDriverVersion - message:Using chromedriver 86.0.4240.22 (resolved driver for Chrome 86)
[INFO ] 2020-12-06 19:36:09 WebDriverManager:661 :exportDriver - message:Exporting webdriver.chrome.driver as C:\Users\tom\.cache\selenium\chromedriver\win32\86.0.4240.22\chromedriver.exe
[INFO ] 2020-12-06 19:37:34 WebDriverManager:605 :resolveDriverVersion - message:Using chromedriver 86.0.4240.22 (resolved driver for Chrome 86)
[INFO ] 2020-12-06 19:37:34 WebDriverManager:661 :exportDriver - message:Exporting webdriver.chrome.driver as C:\Users\tom\.cache\selenium\chromedriver\win32\86.0.4240.22\chromedriver.exe
[ERROR] 2020-12-06 19:40:03 AllureLifecycle:609 :prepareAttachment - message:Could not add attachment: no test is running
[INFO ] 2020-12-06 20:30:02 WebDriverManager:605 :resolveDriverVersion - message:Using chromedriver 86.0.4240.22 (resolved driver for Chrome 86)
[INFO ] 2020-12-06 20:30:02 WebDriverManager:661 :exportDriver - message:Exporting webdriver.chrome.driver as C:\Users\tom\.cache\selenium\chromedriver\win32\86.0.4240.22\chromedriver.exe
[INFO ] 2020-12-06 20:48:22 WebDriverManager:605 :resolveDriverVersion - message:Using chromedriver 86.0.4240.22 (resolved driver for Chrome 86)
[INFO ] 2020-12-06 20:48:22 WebDriverManager:661 :exportDriver - message:Exporting webdriver.chrome.driver as C:\Users\tom\.cache\selenium\chromedriver\win32\86.0.4240.22\chromedriver.exe
[ERROR] 2020-12-06 20:49:04 AllureLifecycle:609 :prepareAttachment - message:Could not add attachment: no test is running
[INFO ] 2020-12-06 20:49:41 WebDriverManager:605 :resolveDriverVersion - message:Using chromedriver 86.0.4240.22 (resolved driver for Chrome 86)
[INFO ] 2020-12-06 20:49:41 WebDriverManager:661 :exportDriver - message:Exporting webdriver.chrome.driver as C:\Users\tom\.cache\selenium\chromedriver\win32\86.0.4240.22\chromedriver.exe
[ERROR] 2020-12-06 20:50:12 AllureLifecycle:609 :prepareAttachment - message:Could not add attachment: no test is running
[INFO ] 2020-12-08 13:48:35 WebDriverManager:605 :resolveDriverVersion - message:Using chromedriver 87.0.4280.88 (resolved driver for Chrome 87)
[INFO ] 2020-12-08 13:48:35 WebDriverManager:921 :logSeekRepo - message:Reading https://chromedriver.storage.googleapis.com/ to seek chromedriver
[INFO ] 2020-12-08 13:48:36 Downloader:124 :downloadAndExtract - message:Downloading https://chromedriver.storage.googleapis.com/87.0.4280.88/chromedriver_win32.zip
[INFO ] 2020-12-08 13:48:36 Downloader:178 :extract - message:Extracting driver from compressed file chromedriver_win32.zip
[INFO ] 2020-12-08 13:48:37 WebDriverManager:661 :exportDriver - message:Exporting webdriver.chrome.driver as C:\Users\tmandziuk\.cache\selenium\chromedriver\win32\87.0.4280.88\chromedriver.exe
[ERROR] 2020-12-08 13:48:57 AllureLifecycle:609 :prepareAttachment - message:Could not add attachment: no test is running
[INFO ] 2020-12-08 13:50:08 WebDriverManager:605 :resolveDriverVersion - message:Using chromedriver 87.0.4280.88 (resolved driver for Chrome 87)
[INFO ] 2020-12-08 13:50:08 WebDriverManager:661 :exportDriver - message:Exporting webdriver.chrome.driver as C:\Users\tmandziuk\.cache\selenium\chromedriver\win32\87.0.4280.88\chromedriver.exe
[ERROR] 2020-12-08 13:50:24 AllureLifecycle:609 :prepareAttachment - message:Could not add attachment: no test is running
[INFO ] 2020-12-08 13:51:47 WebDriverManager:605 :resolveDriverVersion - message:Using chromedriver 87.0.4280.88 (resolved driver for Chrome 87)
[INFO ] 2020-12-08 13:51:47 WebDriverManager:661 :exportDriver - message:Exporting webdriver.chrome.driver as C:\Users\tmandziuk\.cache\selenium\chromedriver\win32\87.0.4280.88\chromedriver.exe
[INFO ] 2020-12-08 13:52:24 WebDriverManager:605 :resolveDriverVersion - message:Using chromedriver 87.0.4280.88 (resolved driver for Chrome 87)
[INFO ] 2020-12-08 13:52:24 WebDriverManager:661 :exportDriver - message:Exporting webdriver.chrome.driver as C:\Users\tmandziuk\.cache\selenium\chromedriver\win32\87.0.4280.88\chromedriver.exe
[INFO ] 2020-12-08 13:53:55 WebDriverManager:605 :resolveDriverVersion - message:Using chromedriver 87.0.4280.88 (resolved driver for Chrome 87)
[INFO ] 2020-12-08 13:53:55 WebDriverManager:661 :exportDriver - message:Exporting webdriver.chrome.driver as C:\Users\tmandziuk\.cache\selenium\chromedriver\win32\87.0.4280.88\chromedriver.exe
[INFO ] 2020-12-08 13:56:01 WebDriverManager:605 :resolveDriverVersion - message:Using chromedriver 87.0.4280.88 (resolved driver for Chrome 87)
[INFO ] 2020-12-08 13:56:01 WebDriverManager:661 :exportDriver - message:Exporting webdriver.chrome.driver as C:\Users\tmandziuk\.cache\selenium\chromedriver\win32\87.0.4280.88\chromedriver.exe
[INFO ] 2020-12-08 13:56:29 WebDriverManager:605 :resolveDriverVersion - message:Using chromedriver 87.0.4280.88 (resolved driver for Chrome 87)
[INFO ] 2020-12-08 13:56:29 WebDriverManager:661 :exportDriver - message:Exporting webdriver.chrome.driver as C:\Users\tmandziuk\.cache\selenium\chromedriver\win32\87.0.4280.88\chromedriver.exe
[INFO ] 2020-12-08 13:58:17 WebDriverManager:605 :resolveDriverVersion - message:Using chromedriver 87.0.4280.88 (resolved driver for Chrome 87)
[INFO ] 2020-12-08 13:58:17 WebDriverManager:661 :exportDriver - message:Exporting webdriver.chrome.driver as C:\Users\tmandziuk\.cache\selenium\chromedriver\win32\87.0.4280.88\chromedriver.exe
[INFO ] 2020-12-08 14:11:36 WebDriverManager:605 :resolveDriverVersion - message:Using chromedriver 87.0.4280.88 (resolved driver for Chrome 87)
[INFO ] 2020-12-08 14:11:36 WebDriverManager:661 :exportDriver - message:Exporting webdriver.chrome.driver as C:\Users\tmandziuk\.cache\selenium\chromedriver\win32\87.0.4280.88\chromedriver.exe
[INFO ] 2020-12-08 14:12:36 WebDriverManager:605 :resolveDriverVersion - message:Using chromedriver 87.0.4280.88 (resolved driver for Chrome 87)
[INFO ] 2020-12-08 14:12:36 WebDriverManager:661 :exportDriver - message:Exporting webdriver.chrome.driver as C:\Users\tmandziuk\.cache\selenium\chromedriver\win32\87.0.4280.88\chromedriver.exe
[INFO ] 2020-12-08 14:32:58 WebDriverManager:605 :resolveDriverVersion - message:Using chromedriver 87.0.4280.88 (resolved driver for Chrome 87)
[INFO ] 2020-12-08 14:32:58 WebDriverManager:661 :exportDriver - message:Exporting webdriver.chrome.driver as C:\Users\tmandziuk\.cache\selenium\chromedriver\win32\87.0.4280.88\chromedriver.exe
[INFO ] 2020-12-12 14:19:51 WebDriverManager:605 :resolveDriverVersion - message:Using chromedriver 87.0.4280.88 (resolved driver for Chrome 87)
[INFO ] 2020-12-12 14:19:51 WebDriverManager:921 :logSeekRepo - message:Reading https://chromedriver.storage.googleapis.com/ to seek chromedriver
[INFO ] 2020-12-12 14:19:52 Downloader:124 :downloadAndExtract - message:Downloading https://chromedriver.storage.googleapis.com/87.0.4280.88/chromedriver_win32.zip
[INFO ] 2020-12-12 14:19:53 Downloader:178 :extract - message:Extracting driver from compressed file chromedriver_win32.zip
[INFO ] 2020-12-12 14:19:53 WebDriverManager:661 :exportDriver - message:Exporting webdriver.chrome.driver as C:\Users\tom\.cache\selenium\chromedriver\win32\87.0.4280.88\chromedriver.exe
[INFO ] 2020-12-12 17:12:27 WebDriverManager:605 :resolveDriverVersion - message:Using chromedriver 87.0.4280.88 (resolved driver for Chrome 87)
[INFO ] 2020-12-12 17:12:27 WebDriverManager:661 :exportDriver - message:Exporting webdriver.chrome.driver as C:\Users\tom\.cache\selenium\chromedriver\win32\87.0.4280.88\chromedriver.exe
[ERROR] 2020-12-12 17:14:08 AllureLifecycle:609 :prepareAttachment - message:Could not add attachment: no test is running
[INFO ] 2020-12-12 17:15:35 WebDriverManager:605 :resolveDriverVersion - message:Using chromedriver 87.0.4280.88 (resolved driver for Chrome 87)
[INFO ] 2020-12-12 17:15:35 WebDriverManager:661 :exportDriver - message:Exporting webdriver.chrome.driver as C:\Users\tom\.cache\selenium\chromedriver\win32\87.0.4280.88\chromedriver.exe
[ERROR] 2020-12-12 17:16:10 AllureLifecycle:609 :prepareAttachment - message:Could not add attachment: no test is running
[INFO ] 2020-12-12 17:16:49 WebDriverManager:605 :resolveDriverVersion - message:Using chromedriver 87.0.4280.88 (resolved driver for Chrome 87)
[INFO ] 2020-12-12 17:16:49 WebDriverManager:661 :exportDriver - message:Exporting webdriver.chrome.driver as C:\Users\tom\.cache\selenium\chromedriver\win32\87.0.4280.88\chromedriver.exe
[ERROR] 2020-12-12 17:17:27 AllureLifecycle:609 :prepareAttachment - message:Could not add attachment: no test is running
[INFO ] 2020-12-12 17:18:18 WebDriverManager:605 :resolveDriverVersion - message:Using chromedriver 87.0.4280.88 (resolved driver for Chrome 87)
[INFO ] 2020-12-12 17:18:18 WebDriverManager:661 :exportDriver - message:Exporting webdriver.chrome.driver as C:\Users\tom\.cache\selenium\chromedriver\win32\87.0.4280.88\chromedriver.exe
[ERROR] 2020-12-12 17:19:05 AllureLifecycle:609 :prepareAttachment - message:Could not add attachment: no test is running
[INFO ] 2020-12-12 17:25:51 WebDriverManager:605 :resolveDriverVersion - message:Using chromedriver 87.0.4280.88 (resolved driver for Chrome 87)
[INFO ] 2020-12-12 17:25:51 WebDriverManager:661 :exportDriver - message:Exporting webdriver.chrome.driver as C:\Users\tom\.cache\selenium\chromedriver\win32\87.0.4280.88\chromedriver.exe
[ERROR] 2020-12-12 17:26:21 AllureLifecycle:609 :prepareAttachment - message:Could not add attachment: no test is running
[INFO ] 2020-12-12 17:28:09 WebDriverManager:605 :resolveDriverVersion - message:Using chromedriver 87.0.4280.88 (resolved driver for Chrome 87)
[INFO ] 2020-12-12 17:28:09 WebDriverManager:661 :exportDriver - message:Exporting webdriver.chrome.driver as C:\Users\tom\.cache\selenium\chromedriver\win32\87.0.4280.88\chromedriver.exe
[ERROR] 2020-12-12 17:29:05 AllureLifecycle:609 :prepareAttachment - message:Could not add attachment: no test is running
[INFO ] 2020-12-12 17:45:08 WebDriverManager:605 :resolveDriverVersion - message:Using chromedriver 87.0.4280.88 (resolved driver for Chrome 87)
[INFO ] 2020-12-12 17:45:08 WebDriverManager:661 :exportDriver - message:Exporting webdriver.chrome.driver as C:\Users\tom\.cache\selenium\chromedriver\win32\87.0.4280.88\chromedriver.exe
[INFO ] 2020-12-12 17:45:40 WebDriverManager:605 :resolveDriverVersion - message:Using chromedriver 87.0.4280.88 (resolved driver for Chrome 87)
[INFO ] 2020-12-12 17:45:40 WebDriverManager:661 :exportDriver - message:Exporting webdriver.chrome.driver as C:\Users\tom\.cache\selenium\chromedriver\win32\87.0.4280.88\chromedriver.exe
[ERROR] 2020-12-12 17:46:13 AllureLifecycle:609 :prepareAttachment - message:Could not add attachment: no test is running
[INFO ] 2020-12-12 17:46:28 WebDriverManager:605 :resolveDriverVersion - message:Using chromedriver 87.0.4280.88 (resolved driver for Chrome 87)
[INFO ] 2020-12-12 17:46:28 WebDriverManager:661 :exportDriver - message:Exporting webdriver.chrome.driver as C:\Users\tom\.cache\selenium\chromedriver\win32\87.0.4280.88\chromedriver.exe
[ERROR] 2020-12-12 17:46:38 AllureLifecycle:609 :prepareAttachment - message:Could not add attachment: no test is running
[INFO ] 2020-12-12 17:48:55 WebDriverManager:605 :resolveDriverVersion - message:Using chromedriver 87.0.4280.88 (resolved driver for Chrome 87)
[INFO ] 2020-12-12 17:48:55 WebDriverManager:661 :exportDriver - message:Exporting webdriver.chrome.driver as C:\Users\tom\.cache\selenium\chromedriver\win32\87.0.4280.88\chromedriver.exe
[INFO ] 2020-12-12 17:51:24 WebDriverManager:605 :resolveDriverVersion - message:Using chromedriver 87.0.4280.88 (resolved driver for Chrome 87)
[INFO ] 2020-12-12 17:51:24 WebDriverManager:661 :exportDriver - message:Exporting webdriver.chrome.driver as C:\Users\tom\.cache\selenium\chromedriver\win32\87.0.4280.88\chromedriver.exe
[INFO ] 2020-12-12 18:35:43 WebDriverManager:605 :resolveDriverVersion - message:Using chromedriver 87.0.4280.88 (resolved driver for Chrome 87)
[INFO ] 2020-12-12 18:35:43 WebDriverManager:661 :exportDriver - message:Exporting webdriver.chrome.driver as C:\Users\tom\.cache\selenium\chromedriver\win32\87.0.4280.88\chromedriver.exe
[ERROR] 2020-12-12 18:36:00 AllureLifecycle:609 :prepareAttachment - message:Could not add attachment: no test is running
[INFO ] 2020-12-12 18:36:49 WebDriverManager:605 :resolveDriverVersion - message:Using chromedriver 87.0.4280.88 (resolved driver for Chrome 87)
[INFO ] 2020-12-12 18:36:49 WebDriverManager:661 :exportDriver - message:Exporting webdriver.chrome.driver as C:\Users\tom\.cache\selenium\chromedriver\win32\87.0.4280.88\chromedriver.exe
[ERROR] 2020-12-12 18:37:03 AllureLifecycle:609 :prepareAttachment - message:Could not add attachment: no test is running
[INFO ] 2020-12-12 18:37:59 WebDriverManager:605 :resolveDriverVersion - message:Using chromedriver 87.0.4280.88 (resolved driver for Chrome 87)
[INFO ] 2020-12-12 18:37:59 WebDriverManager:661 :exportDriver - message:Exporting webdriver.chrome.driver as C:\Users\tom\.cache\selenium\chromedriver\win32\87.0.4280.88\chromedriver.exe
[ERROR] 2020-12-12 18:38:30 AllureLifecycle:609 :prepareAttachment - message:Could not add attachment: no test is running
[INFO ] 2020-12-12 18:40:40 WebDriverManager:605 :resolveDriverVersion - message:Using chromedriver 87.0.4280.88 (resolved driver for Chrome 87)
[INFO ] 2020-12-12 18:40:40 WebDriverManager:661 :exportDriver - message:Exporting webdriver.chrome.driver as C:\Users\tom\.cache\selenium\chromedriver\win32\87.0.4280.88\chromedriver.exe
[ERROR] 2020-12-12 18:41:19 AllureLifecycle:609 :prepareAttachment - message:Could not add attachment: no test is running
[INFO ] 2020-12-12 18:41:39 WebDriverManager:605 :resolveDriverVersion - message:Using chromedriver 87.0.4280.88 (resolved driver for Chrome 87)
[INFO ] 2020-12-12 18:41:39 WebDriverManager:661 :exportDriver - message:Exporting webdriver.chrome.driver as C:\Users\tom\.cache\selenium\chromedriver\win32\87.0.4280.88\chromedriver.exe
[ERROR] 2020-12-12 18:42:12 AllureLifecycle:609 :prepareAttachment - message:Could not add attachment: no test is running
[INFO ] 2020-12-12 18:43:42 WebDriverManager:605 :resolveDriverVersion - message:Using chromedriver 87.0.4280.88 (resolved driver for Chrome 87)
[INFO ] 2020-12-12 18:43:42 WebDriverManager:661 :exportDriver - message:Exporting webdriver.chrome.driver as C:\Users\tom\.cache\selenium\chromedriver\win32\87.0.4280.88\chromedriver.exe
[ERROR] 2020-12-12 18:44:33 AllureLifecycle:609 :prepareAttachment - message:Could not add attachment: no test is running
[INFO ] 2020-12-12 18:45:16 WebDriverManager:605 :resolveDriverVersion - message:Using chromedriver 87.0.4280.88 (resolved driver for Chrome 87)
[INFO ] 2020-12-12 18:45:16 WebDriverManager:661 :exportDriver - message:Exporting webdriver.chrome.driver as C:\Users\tom\.cache\selenium\chromedriver\win32\87.0.4280.88\chromedriver.exe
[ERROR] 2020-12-12 18:45:57 AllureLifecycle:609 :prepareAttachment - message:Could not add attachment: no test is running
[INFO ] 2020-12-12 18:48:10 WebDriverManager:605 :resolveDriverVersion - message:Using chromedriver 87.0.4280.88 (resolved driver for Chrome 87)
[INFO ] 2020-12-12 18:48:10 WebDriverManager:661 :exportDriver - message:Exporting webdriver.chrome.driver as C:\Users\tom\.cache\selenium\chromedriver\win32\87.0.4280.88\chromedriver.exe
[ERROR] 2020-12-12 18:48:17 AllureLifecycle:609 :prepareAttachment - message:Could not add attachment: no test is running
[INFO ] 2020-12-12 18:54:00 WebDriverManager:605 :resolveDriverVersion - message:Using chromedriver 87.0.4280.88 (resolved driver for Chrome 87)
[INFO ] 2020-12-12 18:54:00 WebDriverManager:661 :exportDriver - message:Exporting webdriver.chrome.driver as C:\Users\tom\.cache\selenium\chromedriver\win32\87.0.4280.88\chromedriver.exe
[ERROR] 2020-12-12 18:54:16 AllureLifecycle:609 :prepareAttachment - message:Could not add attachment: no test is running
[INFO ] 2020-12-12 18:56:35 WebDriverManager:605 :resolveDriverVersion - message:Using chromedriver 87.0.4280.88 (resolved driver for Chrome 87)
[INFO ] 2020-12-12 18:56:35 WebDriverManager:661 :exportDriver - message:Exporting webdriver.chrome.driver as C:\Users\tom\.cache\selenium\chromedriver\win32\87.0.4280.88\chromedriver.exe
[INFO ] 2020-12-12 18:56:40 WebDriverManager:605 :resolveDriverVersion - message:Using chromedriver 87.0.4280.88 (resolved driver for Chrome 87)
[INFO ] 2020-12-12 18:56:40 WebDriverManager:661 :exportDriver - message:Exporting webdriver.chrome.driver as C:\Users\tom\.cache\selenium\chromedriver\win32\87.0.4280.88\chromedriver.exe
[ERROR] 2020-12-12 18:56:48 AllureLifecycle:609 :prepareAttachment - message:Could not add attachment: no test is running
[INFO ] 2020-12-12 18:57:49 WebDriverManager:605 :resolveDriverVersion - message:Using chromedriver 87.0.4280.88 (resolved driver for Chrome 87)
[INFO ] 2020-12-12 18:57:49 WebDriverManager:661 :exportDriver - message:Exporting webdriver.chrome.driver as C:\Users\tom\.cache\selenium\chromedriver\win32\87.0.4280.88\chromedriver.exe
[INFO ] 2020-12-12 18:59:14 WebDriverManager:605 :resolveDriverVersion - message:Using chromedriver 87.0.4280.88 (resolved driver for Chrome 87)
[INFO ] 2020-12-12 18:59:14 WebDriverManager:661 :exportDriver - message:Exporting webdriver.chrome.driver as C:\Users\tom\.cache\selenium\chromedriver\win32\87.0.4280.88\chromedriver.exe
[ERROR] 2020-12-12 19:00:09 AllureLifecycle:609 :prepareAttachment - message:Could not add attachment: no test is running
[INFO ] 2020-12-12 19:00:43 WebDriverManager:605 :resolveDriverVersion - message:Using chromedriver 87.0.4280.88 (resolved driver for Chrome 87)
[INFO ] 2020-12-12 19:00:43 WebDriverManager:661 :exportDriver - message:Exporting webdriver.chrome.driver as C:\Users\tom\.cache\selenium\chromedriver\win32\87.0.4280.88\chromedriver.exe
[ERROR] 2020-12-12 19:00:55 AllureLifecycle:609 :prepareAttachment - message:Could not add attachment: no test is running
[INFO ] 2020-12-12 19:01:30 WebDriverManager:605 :resolveDriverVersion - message:Using chromedriver 87.0.4280.88 (resolved driver for Chrome 87)
[INFO ] 2020-12-12 19:01:30 WebDriverManager:661 :exportDriver - message:Exporting webdriver.chrome.driver as C:\Users\tom\.cache\selenium\chromedriver\win32\87.0.4280.88\chromedriver.exe
[ERROR] 2020-12-12 19:01:40 AllureLifecycle:609 :prepareAttachment - message:Could not add attachment: no test is running
[INFO ] 2020-12-12 19:02:08 WebDriverManager:605 :resolveDriverVersion - message:Using chromedriver 87.0.4280.88 (resolved driver for Chrome 87)
[INFO ] 2020-12-12 19:02:08 WebDriverManager:661 :exportDriver - message:Exporting webdriver.chrome.driver as C:\Users\tom\.cache\selenium\chromedriver\win32\87.0.4280.88\chromedriver.exe
[ERROR] 2020-12-12 19:02:22 AllureLifecycle:609 :prepareAttachment - message:Could not add attachment: no test is running
[INFO ] 2020-12-12 19:02:28 WebDriverManager:605 :resolveDriverVersion - message:Using chromedriver 87.0.4280.88 (resolved driver for Chrome 87)
[INFO ] 2020-12-12 19:02:28 WebDriverManager:661 :exportDriver - message:Exporting webdriver.chrome.driver as C:\Users\tom\.cache\selenium\chromedriver\win32\87.0.4280.88\chromedriver.exe
[ERROR] 2020-12-12 19:02:35 AllureLifecycle:609 :prepareAttachment - message:Could not add attachment: no test is running
[INFO ] 2020-12-12 19:02:53 WebDriverManager:605 :resolveDriverVersion - message:Using chromedriver 87.0.4280.88 (resolved driver for Chrome 87)
[INFO ] 2020-12-12 19:02:53 WebDriverManager:661 :exportDriver - message:Exporting webdriver.chrome.driver as C:\Users\tom\.cache\selenium\chromedriver\win32\87.0.4280.88\chromedriver.exe
[ERROR] 2020-12-12 19:03:26 AllureLifecycle:609 :prepareAttachment - message:Could not add attachment: no test is running
[INFO ] 2020-12-12 19:04:00 WebDriverManager:605 :resolveDriverVersion - message:Using chromedriver 87.0.4280.88 (resolved driver for Chrome 87)
[INFO ] 2020-12-12 19:04:00 WebDriverManager:661 :exportDriver - message:Exporting webdriver.chrome.driver as C:\Users\tom\.cache\selenium\chromedriver\win32\87.0.4280.88\chromedriver.exe
[ERROR] 2020-12-12 19:04:10 AllureLifecycle:609 :prepareAttachment - message:Could not add attachment: no test is running
[INFO ] 2020-12-12 19:04:48 WebDriverManager:605 :resolveDriverVersion - message:Using chromedriver 87.0.4280.88 (resolved driver for Chrome 87)
[INFO ] 2020-12-12 19:04:48 WebDriverManager:661 :exportDriver - message:Exporting webdriver.chrome.driver as C:\Users\tom\.cache\selenium\chromedriver\win32\87.0.4280.88\chromedriver.exe
[ERROR] 2020-12-12 19:04:56 AllureLifecycle:609 :prepareAttachment - message:Could not add attachment: no test is running
[INFO ] 2020-12-12 19:05:29 WebDriverManager:605 :resolveDriverVersion - message:Using chromedriver 87.0.4280.88 (resolved driver for Chrome 87)
[INFO ] 2020-12-12 19:05:29 WebDriverManager:661 :exportDriver - message:Exporting webdriver.chrome.driver as C:\Users\tom\.cache\selenium\chromedriver\win32\87.0.4280.88\chromedriver.exe
[ERROR] 2020-12-12 19:06:36 AllureLifecycle:609 :prepareAttachment - message:Could not add attachment: no test is running
[INFO ] 2020-12-12 19:08:33 WebDriverManager:605 :resolveDriverVersion - message:Using chromedriver 87.0.4280.88 (resolved driver for Chrome 87)
[INFO ] 2020-12-12 19:08:33 WebDriverManager:661 :exportDriver - message:Exporting webdriver.chrome.driver as C:\Users\tom\.cache\selenium\chromedriver\win32\87.0.4280.88\chromedriver.exe
[ERROR] 2020-12-12 19:08:41 AllureLifecycle:609 :prepareAttachment - message:Could not add attachment: no test is running
[INFO ] 2020-12-12 19:09:27 WebDriverManager:605 :resolveDriverVersion - message:Using chromedriver 87.0.4280.88 (resolved driver for Chrome 87)
[INFO ] 2020-12-12 19:09:27 WebDriverManager:661 :exportDriver - message:Exporting webdriver.chrome.driver as C:\Users\tom\.cache\selenium\chromedriver\win32\87.0.4280.88\chromedriver.exe
[ERROR] 2020-12-12 19:09:59 AllureLifecycle:609 :prepareAttachment - message:Could not add attachment: no test is running
[INFO ] 2020-12-12 19:10:28 WebDriverManager:605 :resolveDriverVersion - message:Using chromedriver 87.0.4280.88 (resolved driver for Chrome 87)
[INFO ] 2020-12-12 19:10:28 WebDriverManager:661 :exportDriver - message:Exporting webdriver.chrome.driver as C:\Users\tom\.cache\selenium\chromedriver\win32\87.0.4280.88\chromedriver.exe
[ERROR] 2020-12-12 19:10:36 AllureLifecycle:609 :prepareAttachment - message:Could not add attachment: no test is running
[INFO ] 2020-12-12 19:10:57 WebDriverManager:605 :resolveDriverVersion - message:Using chromedriver 87.0.4280.88 (resolved driver for Chrome 87)
[INFO ] 2020-12-12 19:10:57 WebDriverManager:661 :exportDriver - message:Exporting webdriver.chrome.driver as C:\Users\tom\.cache\selenium\chromedriver\win32\87.0.4280.88\chromedriver.exe
[ERROR] 2020-12-12 19:11:39 AllureLifecycle:609 :prepareAttachment - message:Could not add attachment: no test is running
[INFO ] 2020-12-12 19:11:44 WebDriverManager:605 :resolveDriverVersion - message:Using chromedriver 87.0.4280.88 (resolved driver for Chrome 87)
[INFO ] 2020-12-12 19:11:44 WebDriverManager:661 :exportDriver - message:Exporting webdriver.chrome.driver as C:\Users\tom\.cache\selenium\chromedriver\win32\87.0.4280.88\chromedriver.exe
[INFO ] 2020-12-12 19:13:10 WebDriverManager:605 :resolveDriverVersion - message:Using chromedriver 87.0.4280.88 (resolved driver for Chrome 87)
[INFO ] 2020-12-12 19:13:10 WebDriverManager:661 :exportDriver - message:Exporting webdriver.chrome.driver as C:\Users\tom\.cache\selenium\chromedriver\win32\87.0.4280.88\chromedriver.exe
[ERROR] 2020-12-12 19:13:17 AllureLifecycle:609 :prepareAttachment - message:Could not add attachment: no test is running
[INFO ] 2020-12-12 19:13:44 WebDriverManager:605 :resolveDriverVersion - message:Using chromedriver 87.0.4280.88 (resolved driver for Chrome 87)
[INFO ] 2020-12-12 19:13:44 WebDriverManager:661 :exportDriver - message:Exporting webdriver.chrome.driver as C:\Users\tom\.cache\selenium\chromedriver\win32\87.0.4280.88\chromedriver.exe
[INFO ] 2020-12-12 19:15:13 WebDriverManager:605 :resolveDriverVersion - message:Using chromedriver 87.0.4280.88 (resolved driver for Chrome 87)
[INFO ] 2020-12-12 19:15:13 WebDriverManager:661 :exportDriver - message:Exporting webdriver.chrome.driver as C:\Users\tom\.cache\selenium\chromedriver\win32\87.0.4280.88\chromedriver.exe
[ERROR] 2020-12-12 19:15:26 AllureLifecycle:609 :prepareAttachment - message:Could not add attachment: no test is running
[INFO ] 2020-12-12 19:17:59 WebDriverManager:605 :resolveDriverVersion - message:Using chromedriver 87.0.4280.88 (resolved driver for Chrome 87)
[INFO ] 2020-12-12 19:18:00 WebDriverManager:661 :exportDriver - message:Exporting webdriver.chrome.driver as C:\Users\tom\.cache\selenium\chromedriver\win32\87.0.4280.88\chromedriver.exe
[ERROR] 2020-12-12 19:18:07 AllureLifecycle:609 :prepareAttachment - message:Could not add attachment: no test is running
[INFO ] 2020-12-12 19:18:55 WebDriverManager:605 :resolveDriverVersion - message:Using chromedriver 87.0.4280.88 (resolved driver for Chrome 87)
[INFO ] 2020-12-12 19:18:55 WebDriverManager:661 :exportDriver - message:Exporting webdriver.chrome.driver as C:\Users\tom\.cache\selenium\chromedriver\win32\87.0.4280.88\chromedriver.exe
[ERROR] 2020-12-12 19:19:10 AllureLifecycle:609 :prepareAttachment - message:Could not add attachment: no test is running
[INFO ] 2020-12-12 19:19:32 WebDriverManager:605 :resolveDriverVersion - message:Using chromedriver 87.0.4280.88 (resolved driver for Chrome 87)
[INFO ] 2020-12-12 19:19:32 WebDriverManager:661 :exportDriver - message:Exporting webdriver.chrome.driver as C:\Users\tom\.cache\selenium\chromedriver\win32\87.0.4280.88\chromedriver.exe
[ERROR] 2020-12-12 19:19:38 AllureLifecycle:609 :prepareAttachment - message:Could not add attachment: no test is running
[INFO ] 2020-12-12 19:19:53 WebDriverManager:605 :resolveDriverVersion - message:Using chromedriver 87.0.4280.88 (resolved driver for Chrome 87)
[INFO ] 2020-12-12 19:19:53 WebDriverManager:661 :exportDriver - message:Exporting webdriver.chrome.driver as C:\Users\tom\.cache\selenium\chromedriver\win32\87.0.4280.88\chromedriver.exe
[ERROR] 2020-12-12 19:19:59 AllureLifecycle:609 :prepareAttachment - message:Could not add attachment: no test is running
[INFO ] 2020-12-12 19:20:17 WebDriverManager:605 :resolveDriverVersion - message:Using chromedriver 87.0.4280.88 (resolved driver for Chrome 87)
[INFO ] 2020-12-12 19:20:17 WebDriverManager:661 :exportDriver - message:Exporting webdriver.chrome.driver as C:\Users\tom\.cache\selenium\chromedriver\win32\87.0.4280.88\chromedriver.exe
[ERROR] 2020-12-12 19:20:25 AllureLifecycle:609 :prepareAttachment - message:Could not add attachment: no test is running
[INFO ] 2020-12-12 19:20:46 WebDriverManager:605 :resolveDriverVersion - message:Using chromedriver 87.0.4280.88 (resolved driver for Chrome 87)
[INFO ] 2020-12-12 19:20:46 WebDriverManager:661 :exportDriver - message:Exporting webdriver.chrome.driver as C:\Users\tom\.cache\selenium\chromedriver\win32\87.0.4280.88\chromedriver.exe
[ERROR] 2020-12-12 19:20:54 AllureLifecycle:609 :prepareAttachment - message:Could not add attachment: no test is running
[INFO ] 2020-12-12 19:21:19 WebDriverManager:605 :resolveDriverVersion - message:Using chromedriver 87.0.4280.88 (resolved driver for Chrome 87)
[INFO ] 2020-12-12 19:21:19 WebDriverManager:661 :exportDriver - message:Exporting webdriver.chrome.driver as C:\Users\tom\.cache\selenium\chromedriver\win32\87.0.4280.88\chromedriver.exe
[INFO ] 2020-12-12 19:24:33 WebDriverManager:605 :resolveDriverVersion - message:Using chromedriver 87.0.4280.88 (resolved driver for Chrome 87)
[INFO ] 2020-12-12 19:24:33 WebDriverManager:661 :exportDriver - message:Exporting webdriver.chrome.driver as C:\Users\tom\.cache\selenium\chromedriver\win32\87.0.4280.88\chromedriver.exe
[ERROR] 2020-12-12 19:24:45 AllureLifecycle:609 :prepareAttachment - message:Could not add attachment: no test is running
[INFO ] 2020-12-12 19:24:55 WebDriverManager:605 :resolveDriverVersion - message:Using chromedriver 87.0.4280.88 (resolved driver for Chrome 87)
[INFO ] 2020-12-12 19:24:55 WebDriverManager:661 :exportDriver - message:Exporting webdriver.chrome.driver as C:\Users\tom\.cache\selenium\chromedriver\win32\87.0.4280.88\chromedriver.exe
[INFO ] 2020-12-12 19:31:09 WebDriverManager:605 :resolveDriverVersion - message:Using chromedriver 87.0.4280.88 (resolved driver for Chrome 87)
[INFO ] 2020-12-12 19:31:09 WebDriverManager:661 :exportDriver - message:Exporting webdriver.chrome.driver as C:\Users\tom\.cache\selenium\chromedriver\win32\87.0.4280.88\chromedriver.exe
[ERROR] 2020-12-12 19:31:14 AllureLifecycle:609 :prepareAttachment - message:Could not add attachment: no test is running
[INFO ] 2020-12-12 19:32:26 WebDriverManager:605 :resolveDriverVersion - message:Using chromedriver 87.0.4280.88 (resolved driver for Chrome 87)
[INFO ] 2020-12-12 19:32:26 WebDriverManager:661 :exportDriver - message:Exporting webdriver.chrome.driver as C:\Users\tom\.cache\selenium\chromedriver\win32\87.0.4280.88\chromedriver.exe
[ERROR] 2020-12-12 19:32:29 AllureLifecycle:609 :prepareAttachment - message:Could not add attachment: no test is running
[INFO ] 2020-12-12 19:34:10 WebDriverManager:605 :resolveDriverVersion - message:Using chromedriver 87.0.4280.88 (resolved driver for Chrome 87)
[INFO ] 2020-12-12 19:34:10 WebDriverManager:661 :exportDriver - message:Exporting webdriver.chrome.driver as C:\Users\tom\.cache\selenium\chromedriver\win32\87.0.4280.88\chromedriver.exe
[ERROR] 2020-12-12 19:34:24 AllureLifecycle:609 :prepareAttachment - message:Could not add attachment: no test is running
[INFO ] 2020-12-12 19:34:52 WebDriverManager:605 :resolveDriverVersion - message:Using chromedriver 87.0.4280.88 (resolved driver for Chrome 87)
[INFO ] 2020-12-12 19:34:52 WebDriverManager:661 :exportDriver - message:Exporting webdriver.chrome.driver as C:\Users\tom\.cache\selenium\chromedriver\win32\87.0.4280.88\chromedriver.exe
[ERROR] 2020-12-12 19:35:00 AllureLifecycle:609 :prepareAttachment - message:Could not add attachment: no test is running
[INFO ] 2020-12-12 19:35:39 WebDriverManager:605 :resolveDriverVersion - message:Using chromedriver 87.0.4280.88 (resolved driver for Chrome 87)
[INFO ] 2020-12-12 19:35:39 WebDriverManager:661 :exportDriver - message:Exporting webdriver.chrome.driver as C:\Users\tom\.cache\selenium\chromedriver\win32\87.0.4280.88\chromedriver.exe
[INFO ] 2020-12-12 19:41:37 WebDriverManager:605 :resolveDriverVersion - message:Using chromedriver 87.0.4280.88 (resolved driver for Chrome 87)
[INFO ] 2020-12-12 19:41:37 WebDriverManager:661 :exportDriver - message:Exporting webdriver.chrome.driver as C:\Users\tom\.cache\selenium\chromedriver\win32\87.0.4280.88\chromedriver.exe
[ERROR] 2020-12-12 19:41:55 AllureLifecycle:609 :prepareAttachment - message:Could not add attachment: no test is running
[INFO ] 2020-12-12 19:46:05 WebDriverManager:605 :resolveDriverVersion - message:Using chromedriver 87.0.4280.88 (resolved driver for Chrome 87)
[INFO ] 2020-12-12 19:46:05 WebDriverManager:661 :exportDriver - message:Exporting webdriver.chrome.driver as C:\Users\tom\.cache\selenium\chromedriver\win32\87.0.4280.88\chromedriver.exe
[INFO ] 2020-12-12 19:46:55 WebDriverManager:605 :resolveDriverVersion - message:Using chromedriver 87.0.4280.88 (resolved driver for Chrome 87)
[INFO ] 2020-12-12 19:46:55 WebDriverManager:661 :exportDriver - message:Exporting webdriver.chrome.driver as C:\Users\tom\.cache\selenium\chromedriver\win32\87.0.4280.88\chromedriver.exe
[ERROR] 2020-12-12 19:47:53 AllureLifecycle:609 :prepareAttachment - message:Could not add attachment: no test is running
[INFO ] 2020-12-12 19:50:49 WebDriverManager:605 :resolveDriverVersion - message:Using chromedriver 87.0.4280.88 (resolved driver for Chrome 87)
[INFO ] 2020-12-12 19:50:49 WebDriverManager:661 :exportDriver - message:Exporting webdriver.chrome.driver as C:\Users\tom\.cache\selenium\chromedriver\win32\87.0.4280.88\chromedriver.exe
[ERROR] 2020-12-12 19:50:57 AllureLifecycle:609 :prepareAttachment - message:Could not add attachment: no test is running
[INFO ] 2020-12-12 19:53:02 WebDriverManager:605 :resolveDriverVersion - message:Using chromedriver 87.0.4280.88 (resolved driver for Chrome 87)
[INFO ] 2020-12-12 19:53:02 WebDriverManager:661 :exportDriver - message:Exporting webdriver.chrome.driver as C:\Users\tom\.cache\selenium\chromedriver\win32\87.0.4280.88\chromedriver.exe
[INFO ] 2020-12-12 19:57:09 WebDriverManager:605 :resolveDriverVersion - message:Using chromedriver 87.0.4280.88 (resolved driver for Chrome 87)
[INFO ] 2020-12-12 19:57:09 WebDriverManager:661 :exportDriver - message:Exporting webdriver.chrome.driver as C:\Users\tom\.cache\selenium\chromedriver\win32\87.0.4280.88\chromedriver.exe
[ERROR] 2020-12-12 19:57:44 AllureLifecycle:609 :prepareAttachment - message:Could not add attachment: no test is running
[INFO ] 2020-12-12 20:08:17 WebDriverManager:605 :resolveDriverVersion - message:Using chromedriver 87.0.4280.88 (resolved driver for Chrome 87)
[INFO ] 2020-12-12 20:08:17 WebDriverManager:661 :exportDriver - message:Exporting webdriver.chrome.driver as C:\Users\tom\.cache\selenium\chromedriver\win32\87.0.4280.88\chromedriver.exe
[INFO ] 2020-12-12 20:09:57 WebDriverManager:605 :resolveDriverVersion - message:Using chromedriver 87.0.4280.88 (resolved driver for Chrome 87)
[INFO ] 2020-12-12 20:09:57 WebDriverManager:661 :exportDriver - message:Exporting webdriver.chrome.driver as C:\Users\tom\.cache\selenium\chromedriver\win32\87.0.4280.88\chromedriver.exe
[ERROR] 2020-12-12 20:10:38 AllureLifecycle:609 :prepareAttachment - message:Could not add attachment: no test is running
[INFO ] 2020-12-12 20:11:42 WebDriverManager:605 :resolveDriverVersion - message:Using chromedriver 87.0.4280.88 (resolved driver for Chrome 87)
[INFO ] 2020-12-12 20:11:42 WebDriverManager:661 :exportDriver - message:Exporting webdriver.chrome.driver as C:\Users\tom\.cache\selenium\chromedriver\win32\87.0.4280.88\chromedriver.exe
[ERROR] 2020-12-12 20:11:50 AllureLifecycle:609 :prepareAttachment - message:Could not add attachment: no test is running
[INFO ] 2020-12-12 20:38:25 WebDriverManager:605 :resolveDriverVersion - message:Using chromedriver 87.0.4280.88 (resolved driver for Chrome 87)
[INFO ] 2020-12-12 20:38:25 WebDriverManager:661 :exportDriver - message:Exporting webdriver.chrome.driver as C:\Users\tom\.cache\selenium\chromedriver\win32\87.0.4280.88\chromedriver.exe
[ERROR] 2020-12-12 20:38:32 AllureLifecycle:609 :prepareAttachment - message:Could not add attachment: no test is running
[INFO ] 2020-12-12 20:40:10 WebDriverManager:605 :resolveDriverVersion - message:Using chromedriver 87.0.4280.88 (resolved driver for Chrome 87)
[INFO ] 2020-12-12 20:40:10 WebDriverManager:661 :exportDriver - message:Exporting webdriver.chrome.driver as C:\Users\tom\.cache\selenium\chromedriver\win32\87.0.4280.88\chromedriver.exe
[ERROR] 2020-12-12 20:40:16 AllureLifecycle:609 :prepareAttachment - message:Could not add attachment: no test is running
[INFO ] 2020-12-12 20:40:44 WebDriverManager:605 :resolveDriverVersion - message:Using chromedriver 87.0.4280.88 (resolved driver for Chrome 87)
[INFO ] 2020-12-12 20:40:44 WebDriverManager:661 :exportDriver - message:Exporting webdriver.chrome.driver as C:\Users\tom\.cache\selenium\chromedriver\win32\87.0.4280.88\chromedriver.exe
[ERROR] 2020-12-12 20:40:49 AllureLifecycle:609 :prepareAttachment - message:Could not add attachment: no test is running
[INFO ] 2020-12-12 20:42:11 WebDriverManager:605 :resolveDriverVersion - message:Using chromedriver 87.0.4280.88 (resolved driver for Chrome 87)
[INFO ] 2020-12-12 20:42:11 WebDriverManager:661 :exportDriver - message:Exporting webdriver.chrome.driver as C:\Users\tom\.cache\selenium\chromedriver\win32\87.0.4280.88\chromedriver.exe
[INFO ] 2020-12-12 20:43:16 WebDriverManager:605 :resolveDriverVersion - message:Using chromedriver 87.0.4280.88 (resolved driver for Chrome 87)
[INFO ] 2020-12-12 20:43:16 WebDriverManager:661 :exportDriver - message:Exporting webdriver.chrome.driver as C:\Users\tom\.cache\selenium\chromedriver\win32\87.0.4280.88\chromedriver.exe
[ERROR] 2020-12-12 20:43:22 AllureLifecycle:609 :prepareAttachment - message:Could not add attachment: no test is running
[INFO ] 2020-12-12 20:43:55 WebDriverManager:605 :resolveDriverVersion - message:Using chromedriver 87.0.4280.88 (resolved driver for Chrome 87)
[INFO ] 2020-12-12 20:43:55 WebDriverManager:661 :exportDriver - message:Exporting webdriver.chrome.driver as C:\Users\tom\.cache\selenium\chromedriver\win32\87.0.4280.88\chromedriver.exe
[ERROR] 2020-12-12 20:44:56 AllureLifecycle:609 :prepareAttachment - message:Could not add attachment: no test is running
[INFO ] 2020-12-12 20:45:20 WebDriverManager:605 :resolveDriverVersion - message:Using chromedriver 87.0.4280.88 (resolved driver for Chrome 87)
[INFO ] 2020-12-12 20:45:20 WebDriverManager:661 :exportDriver - message:Exporting webdriver.chrome.driver as C:\Users\tom\.cache\selenium\chromedriver\win32\87.0.4280.88\chromedriver.exe
[ERROR] 2020-12-12 20:45:59 AllureLifecycle:609 :prepareAttachment - message:Could not add attachment: no test is running
[INFO ] 2020-12-12 20:46:20 WebDriverManager:605 :resolveDriverVersion - message:Using chromedriver 87.0.4280.88 (resolved driver for Chrome 87)
[INFO ] 2020-12-12 20:46:20 WebDriverManager:661 :exportDriver - message:Exporting webdriver.chrome.driver as C:\Users\tom\.cache\selenium\chromedriver\win32\87.0.4280.88\chromedriver.exe
[INFO ] 2020-12-12 20:49:46 WebDriverManager:605 :resolveDriverVersion - message:Using chromedriver 87.0.4280.88 (resolved driver for Chrome 87)
[INFO ] 2020-12-12 20:49:46 WebDriverManager:661 :exportDriver - message:Exporting webdriver.chrome.driver as C:\Users\tom\.cache\selenium\chromedriver\win32\87.0.4280.88\chromedriver.exe
[ERROR] 2020-12-12 20:49:55 AllureLifecycle:609 :prepareAttachment - message:Could not add attachment: no test is running
[INFO ] 2020-12-12 20:50:21 WebDriverManager:605 :resolveDriverVersion - message:Using chromedriver 87.0.4280.88 (resolved driver for Chrome 87)
[INFO ] 2020-12-12 20:50:21 WebDriverManager:661 :exportDriver - message:Exporting webdriver.chrome.driver as C:\Users\tom\.cache\selenium\chromedriver\win32\87.0.4280.88\chromedriver.exe
[ERROR] 2020-12-12 20:50:27 AllureLifecycle:609 :prepareAttachment - message:Could not add attachment: no test is running
[INFO ] 2020-12-12 20:50:53 WebDriverManager:605 :resolveDriverVersion - message:Using chromedriver 87.0.4280.88 (resolved driver for Chrome 87)
[INFO ] 2020-12-12 20:50:53 WebDriverManager:661 :exportDriver - message:Exporting webdriver.chrome.driver as C:\Users\tom\.cache\selenium\chromedriver\win32\87.0.4280.88\chromedriver.exe
[ERROR] 2020-12-12 20:50:59 AllureLifecycle:609 :prepareAttachment - message:Could not add attachment: no test is running
[INFO ] 2020-12-12 20:51:05 WebDriverManager:605 :resolveDriverVersion - message:Using chromedriver 87.0.4280.88 (resolved driver for Chrome 87)
[INFO ] 2020-12-12 20:51:05 WebDriverManager:661 :exportDriver - message:Exporting webdriver.chrome.driver as C:\Users\tom\.cache\selenium\chromedriver\win32\87.0.4280.88\chromedriver.exe
[INFO ] 2020-12-12 20:52:05 WebDriverManager:605 :resolveDriverVersion - message:Using chromedriver 87.0.4280.88 (resolved driver for Chrome 87)
[INFO ] 2020-12-12 20:52:05 WebDriverManager:661 :exportDriver - message:Exporting webdriver.chrome.driver as C:\Users\tom\.cache\selenium\chromedriver\win32\87.0.4280.88\chromedriver.exe
[ERROR] 2020-12-12 20:52:10 AllureLifecycle:609 :prepareAttachment - message:Could not add attachment: no test is running
[INFO ] 2020-12-12 20:52:15 WebDriverManager:605 :resolveDriverVersion - message:Using chromedriver 87.0.4280.88 (resolved driver for Chrome 87)
[INFO ] 2020-12-12 20:52:15 WebDriverManager:661 :exportDriver - message:Exporting webdriver.chrome.driver as C:\Users\tom\.cache\selenium\chromedriver\win32\87.0.4280.88\chromedriver.exe
[INFO ] 2020-12-12 20:59:17 WebDriverManager:605 :resolveDriverVersion - message:Using chromedriver 87.0.4280.88 (resolved driver for Chrome 87)
[INFO ] 2020-12-12 20:59:17 WebDriverManager:661 :exportDriver - message:Exporting webdriver.chrome.driver as C:\Users\tom\.cache\selenium\chromedriver\win32\87.0.4280.88\chromedriver.exe
[ERROR] 2020-12-12 20:59:29 AllureLifecycle:609 :prepareAttachment - message:Could not add attachment: no test is running
[INFO ] 2020-12-12 21:00:11 WebDriverManager:605 :resolveDriverVersion - message:Using chromedriver 87.0.4280.88 (resolved driver for Chrome 87)
[INFO ] 2020-12-12 21:00:11 WebDriverManager:661 :exportDriver - message:Exporting webdriver.chrome.driver as C:\Users\tom\.cache\selenium\chromedriver\win32\87.0.4280.88\chromedriver.exe
[ERROR] 2020-12-12 21:00:28 AllureLifecycle:609 :prepareAttachment - message:Could not add attachment: no test is running
[INFO ] 2020-12-12 21:01:29 WebDriverManager:605 :resolveDriverVersion - message:Using chromedriver 87.0.4280.88 (resolved driver for Chrome 87)
[INFO ] 2020-12-12 21:01:29 WebDriverManager:661 :exportDriver - message:Exporting webdriver.chrome.driver as C:\Users\tom\.cache\selenium\chromedriver\win32\87.0.4280.88\chromedriver.exe
[ERROR] 2020-12-12 21:01:32 AllureLifecycle:609 :prepareAttachment - message:Could not add attachment: no test is running
[INFO ] 2020-12-12 21:02:02 WebDriverManager:605 :resolveDriverVersion - message:Using chromedriver 87.0.4280.88 (resolved driver for Chrome 87)
[INFO ] 2020-12-12 21:02:02 WebDriverManager:661 :exportDriver - message:Exporting webdriver.chrome.driver as C:\Users\tom\.cache\selenium\chromedriver\win32\87.0.4280.88\chromedriver.exe
[ERROR] 2020-12-12 21:02:04 AllureLifecycle:609 :prepareAttachment - message:Could not add attachment: no test is running
[INFO ] 2020-12-12 21:02:37 WebDriverManager:605 :resolveDriverVersion - message:Using chromedriver 87.0.4280.88 (resolved driver for Chrome 87)
[INFO ] 2020-12-12 21:02:37 WebDriverManager:661 :exportDriver - message:Exporting webdriver.chrome.driver as C:\Users\tom\.cache\selenium\chromedriver\win32\87.0.4280.88\chromedriver.exe
[ERROR] 2020-12-12 21:02:40 AllureLifecycle:609 :prepareAttachment - message:Could not add attachment: no test is running
[INFO ] 2020-12-12 21:03:09 WebDriverManager:605 :resolveDriverVersion - message:Using chromedriver 87.0.4280.88 (resolved driver for Chrome 87)
[INFO ] 2020-12-12 21:03:09 WebDriverManager:661 :exportDriver - message:Exporting webdriver.chrome.driver as C:\Users\tom\.cache\selenium\chromedriver\win32\87.0.4280.88\chromedriver.exe
[INFO ] 2020-12-12 21:03:49 WebDriverManager:605 :resolveDriverVersion - message:Using chromedriver 87.0.4280.88 (resolved driver for Chrome 87)
[INFO ] 2020-12-12 21:03:49 WebDriverManager:661 :exportDriver - message:Exporting webdriver.chrome.driver as C:\Users\tom\.cache\selenium\chromedriver\win32\87.0.4280.88\chromedriver.exe
[INFO ] 2020-12-12 21:04:09 WebDriverManager:605 :resolveDriverVersion - message:Using chromedriver 87.0.4280.88 (resolved driver for Chrome 87)
[INFO ] 2020-12-12 21:04:09 WebDriverManager:661 :exportDriver - message:Exporting webdriver.chrome.driver as C:\Users\tom\.cache\selenium\chromedriver\win32\87.0.4280.88\chromedriver.exe
[ERROR] 2020-12-12 21:04:16 AllureLifecycle:609 :prepareAttachment - message:Could not add attachment: no test is running
[INFO ] 2020-12-12 21:04:40 WebDriverManager:605 :resolveDriverVersion - message:Using chromedriver 87.0.4280.88 (resolved driver for Chrome 87)
[INFO ] 2020-12-12 21:04:40 WebDriverManager:661 :exportDriver - message:Exporting webdriver.chrome.driver as C:\Users\tom\.cache\selenium\chromedriver\win32\87.0.4280.88\chromedriver.exe
[ERROR] 2020-12-12 21:04:42 AllureLifecycle:609 :prepareAttachment - message:Could not add attachment: no test is running
[INFO ] 2020-12-12 21:05:03 WebDriverManager:605 :resolveDriverVersion - message:Using chromedriver 87.0.4280.88 (resolved driver for Chrome 87)
[INFO ] 2020-12-12 21:05:03 WebDriverManager:661 :exportDriver - message:Exporting webdriver.chrome.driver as C:\Users\tom\.cache\selenium\chromedriver\win32\87.0.4280.88\chromedriver.exe
[INFO ] 2020-12-12 21:05:42 WebDriverManager:605 :resolveDriverVersion - message:Using chromedriver 87.0.4280.88 (resolved driver for Chrome 87)
[INFO ] 2020-12-12 21:05:42 WebDriverManager:661 :exportDriver - message:Exporting webdriver.chrome.driver as C:\Users\tom\.cache\selenium\chromedriver\win32\87.0.4280.88\chromedriver.exe
[INFO ] 2020-12-12 22:16:43 WebDriverManager:605 :resolveDriverVersion - message:Using chromedriver 87.0.4280.88 (resolved driver for Chrome 87)
[INFO ] 2020-12-12 22:16:43 WebDriverManager:661 :exportDriver - message:Exporting webdriver.chrome.driver as C:\Users\tom\.cache\selenium\chromedriver\win32\87.0.4280.88\chromedriver.exe
[ERROR] 2020-12-12 22:17:09 AllureLifecycle:609 :prepareAttachment - message:Could not add attachment: no test is running
[INFO ] 2020-12-12 22:17:36 WebDriverManager:605 :resolveDriverVersion - message:Using chromedriver 87.0.4280.88 (resolved driver for Chrome 87)
[INFO ] 2020-12-12 22:17:36 WebDriverManager:661 :exportDriver - message:Exporting webdriver.chrome.driver as C:\Users\tom\.cache\selenium\chromedriver\win32\87.0.4280.88\chromedriver.exe
[ERROR] 2020-12-12 22:18:15 AllureLifecycle:609 :prepareAttachment - message:Could not add attachment: no test is running
[INFO ] 2020-12-12 22:18:29 WebDriverManager:605 :resolveDriverVersion - message:Using chromedriver 87.0.4280.88 (resolved driver for Chrome 87)
[INFO ] 2020-12-12 22:18:29 WebDriverManager:661 :exportDriver - message:Exporting webdriver.chrome.driver as C:\Users\tom\.cache\selenium\chromedriver\win32\87.0.4280.88\chromedriver.exe
[INFO ] 2020-12-12 22:24:10 WebDriverManager:605 :resolveDriverVersion - message:Using chromedriver 87.0.4280.88 (resolved driver for Chrome 87)
[INFO ] 2020-12-12 22:24:10 WebDriverManager:661 :exportDriver - message:Exporting webdriver.chrome.driver as C:\Users\tom\.cache\selenium\chromedriver\win32\87.0.4280.88\chromedriver.exe
[INFO ] 2020-12-12 22:24:36 WebDriverManager:605 :resolveDriverVersion - message:Using chromedriver 87.0.4280.88 (resolved driver for Chrome 87)
[INFO ] 2020-12-12 22:24:36 WebDriverManager:661 :exportDriver - message:Exporting webdriver.chrome.driver as C:\Users\tom\.cache\selenium\chromedriver\win32\87.0.4280.88\chromedriver.exe
[ERROR] 2020-12-12 22:24:52 AllureLifecycle:609 :prepareAttachment - message:Could not add attachment: no test is running
[INFO ] 2020-12-12 22:25:11 WebDriverManager:605 :resolveDriverVersion - message:Using chromedriver 87.0.4280.88 (resolved driver for Chrome 87)
[INFO ] 2020-12-12 22:25:11 WebDriverManager:661 :exportDriver - message:Exporting webdriver.chrome.driver as C:\Users\tom\.cache\selenium\chromedriver\win32\87.0.4280.88\chromedriver.exe
[INFO ] 2020-12-12 22:26:01 WebDriverManager:605 :resolveDriverVersion - message:Using chromedriver 87.0.4280.88 (resolved driver for Chrome 87)
[INFO ] 2020-12-12 22:26:01 WebDriverManager:661 :exportDriver - message:Exporting webdriver.chrome.driver as C:\Users\tom\.cache\selenium\chromedriver\win32\87.0.4280.88\chromedriver.exe
[INFO ] 2020-12-12 22:26:59 WebDriverManager:605 :resolveDriverVersion - message:Using chromedriver 87.0.4280.88 (resolved driver for Chrome 87)
[INFO ] 2020-12-12 22:27:00 WebDriverManager:661 :exportDriver - message:Exporting webdriver.chrome.driver as C:\Users\tom\.cache\selenium\chromedriver\win32\87.0.4280.88\chromedriver.exe
[INFO ] 2020-12-12 22:33:34 WebDriverManager:605 :resolveDriverVersion - message:Using chromedriver 87.0.4280.88 (resolved driver for Chrome 87)
[INFO ] 2020-12-12 22:33:34 WebDriverManager:661 :exportDriver - message:Exporting webdriver.chrome.driver as C:\Users\tom\.cache\selenium\chromedriver\win32\87.0.4280.88\chromedriver.exe
[INFO ] 2020-12-12 22:37:53 WebDriverManager:605 :resolveDriverVersion - message:Using chromedriver 87.0.4280.88 (resolved driver for Chrome 87)
[INFO ] 2020-12-12 22:37:53 WebDriverManager:661 :exportDriver - message:Exporting webdriver.chrome.driver as C:\Users\tom\.cache\selenium\chromedriver\win32\87.0.4280.88\chromedriver.exe
[INFO ] 2020-12-12 22:38:41 WebDriverManager:605 :resolveDriverVersion - message:Using chromedriver 87.0.4280.88 (resolved driver for Chrome 87)
[INFO ] 2020-12-12 22:38:41 WebDriverManager:661 :exportDriver - message:Exporting webdriver.chrome.driver as C:\Users\tom\.cache\selenium\chromedriver\win32\87.0.4280.88\chromedriver.exe
[INFO ] 2020-12-12 23:41:55 WebDriverManager:605 :resolveDriverVersion - message:Using chromedriver 87.0.4280.88 (resolved driver for Chrome 87)
[INFO ] 2020-12-12 23:41:55 WebDriverManager:661 :exportDriver - message:Exporting webdriver.chrome.driver as C:\Users\tom\.cache\selenium\chromedriver\win32\87.0.4280.88\chromedriver.exe
[INFO ] 2020-12-13 00:21:04 WebDriverManager:605 :resolveDriverVersion - message:Using chromedriver 87.0.4280.88 (resolved driver for Chrome 87)
[INFO ] 2020-12-13 00:21:04 WebDriverManager:661 :exportDriver - message:Exporting webdriver.chrome.driver as C:\Users\tom\.cache\selenium\chromedriver\win32\87.0.4280.88\chromedriver.exe
[ERROR] 2020-12-13 00:21:22 AllureLifecycle:609 :prepareAttachment - message:Could not add attachment: no test is running
[INFO ] 2020-12-13 00:24:26 WebDriverManager:605 :resolveDriverVersion - message:Using chromedriver 87.0.4280.88 (resolved driver for Chrome 87)
[INFO ] 2020-12-13 00:24:26 WebDriverManager:661 :exportDriver - message:Exporting webdriver.chrome.driver as C:\Users\tom\.cache\selenium\chromedriver\win32\87.0.4280.88\chromedriver.exe
[ERROR] 2020-12-13 00:24:34 AllureLifecycle:609 :prepareAttachment - message:Could not add attachment: no test is running
[INFO ] 2020-12-13 00:25:13 WebDriverManager:605 :resolveDriverVersion - message:Using chromedriver 87.0.4280.88 (resolved driver for Chrome 87)
[INFO ] 2020-12-13 00:25:13 WebDriverManager:661 :exportDriver - message:Exporting webdriver.chrome.driver as C:\Users\tom\.cache\selenium\chromedriver\win32\87.0.4280.88\chromedriver.exe
[INFO ] 2020-12-13 00:59:29 WebDriverManager:605 :resolveDriverVersion - message:Using chromedriver 87.0.4280.88 (resolved driver for Chrome 87)
[INFO ] 2020-12-13 00:59:29 WebDriverManager:661 :exportDriver - message:Exporting webdriver.chrome.driver as C:\Users\tom\.cache\selenium\chromedriver\win32\87.0.4280.88\chromedriver.exe
[ERROR] 2020-12-13 00:59:36 AllureLifecycle:609 :prepareAttachment - message:Could not add attachment: no test is running
[INFO ] 2020-12-13 01:00:00 WebDriverManager:605 :resolveDriverVersion - message:Using chromedriver 87.0.4280.88 (resolved driver for Chrome 87)
[INFO ] 2020-12-13 01:00:00 WebDriverManager:661 :exportDriver - message:Exporting webdriver.chrome.driver as C:\Users\tom\.cache\selenium\chromedriver\win32\87.0.4280.88\chromedriver.exe
[ERROR] 2020-12-13 01:00:19 AllureLifecycle:609 :prepareAttachment - message:Could not add attachment: no test is running
[INFO ] 2020-12-13 01:01:24 WebDriverManager:605 :resolveDriverVersion - message:Using chromedriver 87.0.4280.88 (resolved driver for Chrome 87)
[INFO ] 2020-12-13 01:01:24 WebDriverManager:661 :exportDriver - message:Exporting webdriver.chrome.driver as C:\Users\tom\.cache\selenium\chromedriver\win32\87.0.4280.88\chromedriver.exe
[ERROR] 2020-12-13 01:01:49 AllureLifecycle:609 :prepareAttachment - message:Could not add attachment: no test is running
[INFO ] 2020-12-13 01:04:51 WebDriverManager:605 :resolveDriverVersion - message:Using chromedriver 87.0.4280.88 (resolved driver for Chrome 87)
[INFO ] 2020-12-13 01:04:51 WebDriverManager:661 :exportDriver - message:Exporting webdriver.chrome.driver as C:\Users\tom\.cache\selenium\chromedriver\win32\87.0.4280.88\chromedriver.exe
[ERROR] 2020-12-13 01:06:01 AllureLifecycle:609 :prepareAttachment - message:Could not add attachment: no test is running
[INFO ] 2020-12-13 01:07:47 WebDriverManager:605 :resolveDriverVersion - message:Using chromedriver 87.0.4280.88 (resolved driver for Chrome 87)
[INFO ] 2020-12-13 01:07:47 WebDriverManager:661 :exportDriver - message:Exporting webdriver.chrome.driver as C:\Users\tom\.cache\selenium\chromedriver\win32\87.0.4280.88\chromedriver.exe
[INFO ] 2020-12-13 01:08:49 WebDriverManager:605 :resolveDriverVersion - message:Using chromedriver 87.0.4280.88 (resolved driver for Chrome 87)
[INFO ] 2020-12-13 01:08:49 WebDriverManager:661 :exportDriver - message:Exporting webdriver.chrome.driver as C:\Users\tom\.cache\selenium\chromedriver\win32\87.0.4280.88\chromedriver.exe
[INFO ] 2020-12-13 01:09:30 WebDriverManager:605 :resolveDriverVersion - message:Using chromedriver 87.0.4280.88 (resolved driver for Chrome 87)
[INFO ] 2020-12-13 01:09:30 WebDriverManager:661 :exportDriver - message:Exporting webdriver.chrome.driver as C:\Users\tom\.cache\selenium\chromedriver\win32\87.0.4280.88\chromedriver.exe
[INFO ] 2020-12-13 01:12:32 WebDriverManager:605 :resolveDriverVersion - message:Using chromedriver 87.0.4280.88 (resolved driver for Chrome 87)
[INFO ] 2020-12-13 01:12:32 WebDriverManager:661 :exportDriver - message:Exporting webdriver.chrome.driver as C:\Users\tom\.cache\selenium\chromedriver\win32\87.0.4280.88\chromedriver.exe
[INFO ] 2020-12-13 01:14:13 WebDriverManager:605 :resolveDriverVersion - message:Using chromedriver 87.0.4280.88 (resolved driver for Chrome 87)
[INFO ] 2020-12-13 01:14:13 WebDriverManager:661 :exportDriver - message:Exporting webdriver.chrome.driver as C:\Users\tom\.cache\selenium\chromedriver\win32\87.0.4280.88\chromedriver.exe
[INFO ] 2020-12-13 01:15:08 WebDriverManager:605 :resolveDriverVersion - message:Using chromedriver 87.0.4280.88 (resolved driver for Chrome 87)
[INFO ] 2020-12-13 01:15:08 WebDriverManager:661 :exportDriver - message:Exporting webdriver.chrome.driver as C:\Users\tom\.cache\selenium\chromedriver\win32\87.0.4280.88\chromedriver.exe
[INFO ] 2020-12-13 01:16:34 WebDriverManager:605 :resolveDriverVersion - message:Using chromedriver 87.0.4280.88 (resolved driver for Chrome 87)
[INFO ] 2020-12-13 01:16:34 WebDriverManager:661 :exportDriver - message:Exporting webdriver.chrome.driver as C:\Users\tom\.cache\selenium\chromedriver\win32\87.0.4280.88\chromedriver.exe
[INFO ] 2020-12-13 01:17:59 WebDriverManager:605 :resolveDriverVersion - message:Using chromedriver 87.0.4280.88 (resolved driver for Chrome 87)
[INFO ] 2020-12-13 01:17:59 WebDriverManager:661 :exportDriver - message:Exporting webdriver.chrome.driver as C:\Users\tom\.cache\selenium\chromedriver\win32\87.0.4280.88\chromedriver.exe
[INFO ] 2020-12-13 01:19:08 WebDriverManager:605 :resolveDriverVersion - message:Using chromedriver 87.0.4280.88 (resolved driver for Chrome 87)
[INFO ] 2020-12-13 01:19:08 WebDriverManager:661 :exportDriver - message:Exporting webdriver.chrome.driver as C:\Users\tom\.cache\selenium\chromedriver\win32\87.0.4280.88\chromedriver.exe
[INFO ] 2020-12-13 01:20:39 WebDriverManager:605 :resolveDriverVersion - message:Using chromedriver 87.0.4280.88 (resolved driver for Chrome 87)
[INFO ] 2020-12-13 01:20:39 WebDriverManager:661 :exportDriver - message:Exporting webdriver.chrome.driver as C:\Users\tom\.cache\selenium\chromedriver\win32\87.0.4280.88\chromedriver.exe
[ERROR] 2020-12-13 01:21:07 AllureLifecycle:609 :prepareAttachment - message:Could not add attachment: no test is running
[INFO ] 2020-12-13 02:03:37 WebDriverManager:605 :resolveDriverVersion - message:Using chromedriver 87.0.4280.88 (resolved driver for Chrome 87)
[INFO ] 2020-12-13 02:03:37 WebDriverManager:661 :exportDriver - message:Exporting webdriver.chrome.driver as C:\Users\tom\.cache\selenium\chromedriver\win32\87.0.4280.88\chromedriver.exe
[INFO ] 2020-12-13 02:04:44 WebDriverManager:605 :resolveDriverVersion - message:Using chromedriver 87.0.4280.88 (resolved driver for Chrome 87)
[INFO ] 2020-12-13 02:04:44 WebDriverManager:661 :exportDriver - message:Exporting webdriver.chrome.driver as C:\Users\tom\.cache\selenium\chromedriver\win32\87.0.4280.88\chromedriver.exe
[INFO ] 2020-12-13 02:06:32 WebDriverManager:605 :resolveDriverVersion - message:Using chromedriver 87.0.4280.88 (resolved driver for Chrome 87)
[INFO ] 2020-12-13 02:06:32 WebDriverManager:661 :exportDriver - message:Exporting webdriver.chrome.driver as C:\Users\tom\.cache\selenium\chromedriver\win32\87.0.4280.88\chromedriver.exe
[INFO ] 2020-12-13 02:18:08 WebDriverManager:605 :resolveDriverVersion - message:Using chromedriver 87.0.4280.88 (resolved driver for Chrome 87)
[INFO ] 2020-12-13 02:18:08 WebDriverManager:661 :exportDriver - message:Exporting webdriver.chrome.driver as C:\Users\tom\.cache\selenium\chromedriver\win32\87.0.4280.88\chromedriver.exe
[INFO ] 2020-12-13 11:37:35 WebDriverManager:605 :resolveDriverVersion - message:Using chromedriver 87.0.4280.88 (resolved driver for Chrome 87)
[INFO ] 2020-12-13 11:37:35 WebDriverManager:661 :exportDriver - message:Exporting webdriver.chrome.driver as C:\Users\tom\.cache\selenium\chromedriver\win32\87.0.4280.88\chromedriver.exe
[ERROR] 2020-12-13 11:37:44 AllureLifecycle:609 :prepareAttachment - message:Could not add attachment: no test is running
[INFO ] 2020-12-13 11:37:53 WebDriverManager:605 :resolveDriverVersion - message:Using chromedriver 87.0.4280.88 (resolved driver for Chrome 87)
[INFO ] 2020-12-13 11:37:53 WebDriverManager:661 :exportDriver - message:Exporting webdriver.chrome.driver as C:\Users\tom\.cache\selenium\chromedriver\win32\87.0.4280.88\chromedriver.exe
[ERROR] 2020-12-13 11:38:16 AllureLifecycle:609 :prepareAttachment - message:Could not add attachment: no test is running
[INFO ] 2020-12-13 11:39:01 WebDriverManager:605 :resolveDriverVersion - message:Using chromedriver 87.0.4280.88 (resolved driver for Chrome 87)
[INFO ] 2020-12-13 11:39:01 WebDriverManager:661 :exportDriver - message:Exporting webdriver.chrome.driver as C:\Users\tom\.cache\selenium\chromedriver\win32\87.0.4280.88\chromedriver.exe
[ERROR] 2020-12-13 11:39:33 AllureLifecycle:609 :prepareAttachment - message:Could not add attachment: no test is running
[INFO ] 2020-12-13 11:41:05 WebDriverManager:605 :resolveDriverVersion - message:Using chromedriver 87.0.4280.88 (resolved driver for Chrome 87)
[INFO ] 2020-12-13 11:41:05 WebDriverManager:661 :exportDriver - message:Exporting webdriver.chrome.driver as C:\Users\tom\.cache\selenium\chromedriver\win32\87.0.4280.88\chromedriver.exe
[INFO ] 2020-12-13 11:41:32 WebDriverManager:605 :resolveDriverVersion - message:Using chromedriver 87.0.4280.88 (resolved driver for Chrome 87)
[INFO ] 2020-12-13 11:41:32 WebDriverManager:661 :exportDriver - message:Exporting webdriver.chrome.driver as C:\Users\tom\.cache\selenium\chromedriver\win32\87.0.4280.88\chromedriver.exe
[INFO ] 2020-12-13 11:42:08 WebDriverManager:605 :resolveDriverVersion - message:Using chromedriver 87.0.4280.88 (resolved driver for Chrome 87)
[INFO ] 2020-12-13 11:42:09 WebDriverManager:661 :exportDriver - message:Exporting webdriver.chrome.driver as C:\Users\tom\.cache\selenium\chromedriver\win32\87.0.4280.88\chromedriver.exe
[INFO ] 2020-12-13 11:46:25 WebDriverManager:605 :resolveDriverVersion - message:Using chromedriver 87.0.4280.88 (resolved driver for Chrome 87)
[INFO ] 2020-12-13 11:46:25 WebDriverManager:661 :exportDriver - message:Exporting webdriver.chrome.driver as C:\Users\tom\.cache\selenium\chromedriver\win32\87.0.4280.88\chromedriver.exe
[ERROR] 2020-12-13 11:47:13 AllureLifecycle:609 :prepareAttachment - message:Could not add attachment: no test is running
[INFO ] 2020-12-13 12:18:30 WebDriverManager:605 :resolveDriverVersion - message:Using chromedriver 87.0.4280.88 (resolved driver for Chrome 87)
[INFO ] 2020-12-13 12:18:30 WebDriverManager:661 :exportDriver - message:Exporting webdriver.chrome.driver as C:\Users\tom\.cache\selenium\chromedriver\win32\87.0.4280.88\chromedriver.exe
[ERROR] 2020-12-13 12:18:38 AllureLifecycle:609 :prepareAttachment - message:Could not add attachment: no test is running
[INFO ] 2020-12-13 12:18:46 WebDriverManager:605 :resolveDriverVersion - message:Using chromedriver 87.0.4280.88 (resolved driver for Chrome 87)
[INFO ] 2020-12-13 12:18:46 WebDriverManager:661 :exportDriver - message:Exporting webdriver.chrome.driver as C:\Users\tom\.cache\selenium\chromedriver\win32\87.0.4280.88\chromedriver.exe
[INFO ] 2020-12-13 12:19:41 WebDriverManager:605 :resolveDriverVersion - message:Using chromedriver 87.0.4280.88 (resolved driver for Chrome 87)
[INFO ] 2020-12-13 12:19:41 WebDriverManager:661 :exportDriver - message:Exporting webdriver.chrome.driver as C:\Users\tom\.cache\selenium\chromedriver\win32\87.0.4280.88\chromedriver.exe
[INFO ] 2020-12-13 12:20:05 WebDriverManager:605 :resolveDriverVersion - message:Using chromedriver 87.0.4280.88 (resolved driver for Chrome 87)
[INFO ] 2020-12-13 12:20:05 WebDriverManager:661 :exportDriver - message:Exporting webdriver.chrome.driver as C:\Users\tom\.cache\selenium\chromedriver\win32\87.0.4280.88\chromedriver.exe
[ERROR] 2020-12-13 12:21:05 AllureLifecycle:609 :prepareAttachment - message:Could not add attachment: no test is running
[INFO ] 2020-12-13 12:22:01 WebDriverManager:605 :resolveDriverVersion - message:Using chromedriver 87.0.4280.88 (resolved driver for Chrome 87)
[INFO ] 2020-12-13 12:22:01 WebDriverManager:661 :exportDriver - message:Exporting webdriver.chrome.driver as C:\Users\tom\.cache\selenium\chromedriver\win32\87.0.4280.88\chromedriver.exe
[ERROR] 2020-12-13 12:22:49 AllureLifecycle:609 :prepareAttachment - message:Could not add attachment: no test is running
[INFO ] 2020-12-13 12:32:40 WebDriverManager:605 :resolveDriverVersion - message:Using chromedriver 87.0.4280.88 (resolved driver for Chrome 87)
[INFO ] 2020-12-13 12:32:40 WebDriverManager:661 :exportDriver - message:Exporting webdriver.chrome.driver as C:\Users\tom\.cache\selenium\chromedriver\win32\87.0.4280.88\chromedriver.exe
[ERROR] 2020-12-13 12:32:49 AllureLifecycle:609 :prepareAttachment - message:Could not add attachment: no test is running
[INFO ] 2020-12-13 12:34:08 WebDriverManager:605 :resolveDriverVersion - message:Using chromedriver 87.0.4280.88 (resolved driver for Chrome 87)
[INFO ] 2020-12-13 12:34:08 WebDriverManager:661 :exportDriver - message:Exporting webdriver.chrome.driver as C:\Users\tom\.cache\selenium\chromedriver\win32\87.0.4280.88\chromedriver.exe
[ERROR] 2020-12-13 12:34:25 AllureLifecycle:609 :prepareAttachment - message:Could not add attachment: no test is running
[INFO ] 2020-12-13 12:36:04 WebDriverManager:605 :resolveDriverVersion - message:Using chromedriver 87.0.4280.88 (resolved driver for Chrome 87)
[INFO ] 2020-12-13 12:36:04 WebDriverManager:661 :exportDriver - message:Exporting webdriver.chrome.driver as C:\Users\tom\.cache\selenium\chromedriver\win32\87.0.4280.88\chromedriver.exe
[ERROR] 2020-12-13 12:36:20 AllureLifecycle:609 :prepareAttachment - message:Could not add attachment: no test is running
[INFO ] 2020-12-13 12:37:06 WebDriverManager:605 :resolveDriverVersion - message:Using chromedriver 87.0.4280.88 (resolved driver for Chrome 87)
[INFO ] 2020-12-13 12:37:06 WebDriverManager:661 :exportDriver - message:Exporting webdriver.chrome.driver as C:\Users\tom\.cache\selenium\chromedriver\win32\87.0.4280.88\chromedriver.exe
[ERROR] 2020-12-13 12:37:54 AllureLifecycle:609 :prepareAttachment - message:Could not add attachment: no test is running
[INFO ] 2020-12-13 12:39:16 WebDriverManager:605 :resolveDriverVersion - message:Using chromedriver 87.0.4280.88 (resolved driver for Chrome 87)
[INFO ] 2020-12-13 12:39:16 WebDriverManager:661 :exportDriver - message:Exporting webdriver.chrome.driver as C:\Users\tom\.cache\selenium\chromedriver\win32\87.0.4280.88\chromedriver.exe
[INFO ] 2020-12-13 12:56:24 WebDriverManager:605 :resolveDriverVersion - message:Using chromedriver 87.0.4280.88 (resolved driver for Chrome 87)
[INFO ] 2020-12-13 12:56:24 WebDriverManager:661 :exportDriver - message:Exporting webdriver.chrome.driver as C:\Users\tom\.cache\selenium\chromedriver\win32\87.0.4280.88\chromedriver.exe
[INFO ] 2020-12-13 12:59:37 WebDriverManager:605 :resolveDriverVersion - message:Using chromedriver 87.0.4280.88 (resolved driver for Chrome 87)
[INFO ] 2020-12-13 12:59:37 WebDriverManager:661 :exportDriver - message:Exporting webdriver.chrome.driver as C:\Users\tom\.cache\selenium\chromedriver\win32\87.0.4280.88\chromedriver.exe
[ERROR] 2020-12-13 13:00:10 AllureLifecycle:609 :prepareAttachment - message:Could not add attachment: no test is running
[INFO ] 2020-12-13 13:03:48 WebDriverManager:605 :resolveDriverVersion - message:Using chromedriver 87.0.4280.88 (resolved driver for Chrome 87)
[INFO ] 2020-12-13 13:03:48 WebDriverManager:661 :exportDriver - message:Exporting webdriver.chrome.driver as C:\Users\tom\.cache\selenium\chromedriver\win32\87.0.4280.88\chromedriver.exe
[ERROR] 2020-12-13 13:04:03 AllureLifecycle:609 :prepareAttachment - message:Could not add attachment: no test is running
[INFO ] 2020-12-13 13:27:00 WebDriverManager:605 :resolveDriverVersion - message:Using chromedriver 87.0.4280.88 (resolved driver for Chrome 87)
[INFO ] 2020-12-13 13:27:00 WebDriverManager:661 :exportDriver - message:Exporting webdriver.chrome.driver as C:\Users\tom\.cache\selenium\chromedriver\win32\87.0.4280.88\chromedriver.exe
[INFO ] 2020-12-13 13:44:29 WebDriverManager:605 :resolveDriverVersion - message:Using chromedriver 87.0.4280.88 (resolved driver for Chrome 87)
[INFO ] 2020-12-13 13:44:29 WebDriverManager:661 :exportDriver - message:Exporting webdriver.chrome.driver as C:\Users\tom\.cache\selenium\chromedriver\win32\87.0.4280.88\chromedriver.exe
[INFO ] 2020-12-13 13:49:55 WebDriverManager:605 :resolveDriverVersion - message:Using chromedriver 87.0.4280.88 (resolved driver for Chrome 87)
[INFO ] 2020-12-13 13:49:55 WebDriverManager:661 :exportDriver - message:Exporting webdriver.chrome.driver as C:\Users\tom\.cache\selenium\chromedriver\win32\87.0.4280.88\chromedriver.exe
[ERROR] 2020-12-13 13:50:08 AllureLifecycle:609 :prepareAttachment - message:Could not add attachment: no test is running
[INFO ] 2020-12-13 13:53:44 WebDriverManager:605 :resolveDriverVersion - message:Using chromedriver 87.0.4280.88 (resolved driver for Chrome 87)
[INFO ] 2020-12-13 13:53:44 WebDriverManager:661 :exportDriver - message:Exporting webdriver.chrome.driver as C:\Users\tom\.cache\selenium\chromedriver\win32\87.0.4280.88\chromedriver.exe
[INFO ] 2020-12-13 13:56:29 WebDriverManager:605 :resolveDriverVersion - message:Using chromedriver 87.0.4280.88 (resolved driver for Chrome 87)
[INFO ] 2020-12-13 13:56:29 WebDriverManager:661 :exportDriver - message:Exporting webdriver.chrome.driver as C:\Users\tom\.cache\selenium\chromedriver\win32\87.0.4280.88\chromedriver.exe
[INFO ] 2020-12-13 15:25:02 WebDriverManager:605 :resolveDriverVersion - message:Using chromedriver 87.0.4280.88 (resolved driver for Chrome 87)
[INFO ] 2020-12-13 15:25:02 WebDriverManager:661 :exportDriver - message:Exporting webdriver.chrome.driver as C:\Users\tom\.cache\selenium\chromedriver\win32\87.0.4280.88\chromedriver.exe
[ERROR] 2020-12-13 15:25:19 AllureLifecycle:609 :prepareAttachment - message:Could not add attachment: no test is running
[INFO ] 2020-12-13 17:10:07 WebDriverManager:605 :resolveDriverVersion - message:Using chromedriver 87.0.4280.88 (resolved driver for Chrome 87)
[INFO ] 2020-12-13 17:10:07 WebDriverManager:661 :exportDriver - message:Exporting webdriver.chrome.driver as C:\Users\tom\.cache\selenium\chromedriver\win32\87.0.4280.88\chromedriver.exe
[ERROR] 2020-12-13 17:10:19 AllureLifecycle:609 :prepareAttachment - message:Could not add attachment: no test is running
[INFO ] 2020-12-13 17:10:55 WebDriverManager:605 :resolveDriverVersion - message:Using chromedriver 87.0.4280.88 (resolved driver for Chrome 87)
[INFO ] 2020-12-13 17:10:55 WebDriverManager:661 :exportDriver - message:Exporting webdriver.chrome.driver as C:\Users\tom\.cache\selenium\chromedriver\win32\87.0.4280.88\chromedriver.exe
[ERROR] 2020-12-13 17:11:07 AllureLifecycle:609 :prepareAttachment - message:Could not add attachment: no test is running
[INFO ] 2020-12-13 17:11:46 WebDriverManager:605 :resolveDriverVersion - message:Using chromedriver 87.0.4280.88 (resolved driver for Chrome 87)
[INFO ] 2020-12-13 17:11:46 WebDriverManager:661 :exportDriver - message:Exporting webdriver.chrome.driver as C:\Users\tom\.cache\selenium\chromedriver\win32\87.0.4280.88\chromedriver.exe
[ERROR] 2020-12-13 17:12:09 AllureLifecycle:609 :prepareAttachment - message:Could not add attachment: no test is running
[INFO ] 2020-12-13 17:12:32 WebDriverManager:605 :resolveDriverVersion - message:Using chromedriver 87.0.4280.88 (resolved driver for Chrome 87)
[INFO ] 2020-12-13 17:12:32 WebDriverManager:661 :exportDriver - message:Exporting webdriver.chrome.driver as C:\Users\tom\.cache\selenium\chromedriver\win32\87.0.4280.88\chromedriver.exe
[ERROR] 2020-12-13 17:13:15 AllureLifecycle:609 :prepareAttachment - message:Could not add attachment: no test is running
[INFO ] 2020-12-13 17:13:38 WebDriverManager:605 :resolveDriverVersion - message:Using chromedriver 87.0.4280.88 (resolved driver for Chrome 87)
[INFO ] 2020-12-13 17:13:38 WebDriverManager:661 :exportDriver - message:Exporting webdriver.chrome.driver as C:\Users\tom\.cache\selenium\chromedriver\win32\87.0.4280.88\chromedriver.exe
[INFO ] 2020-12-13 17:15:03 WebDriverManager:605 :resolveDriverVersion - message:Using chromedriver 87.0.4280.88 (resolved driver for Chrome 87)
[INFO ] 2020-12-13 17:15:03 WebDriverManager:661 :exportDriver - message:Exporting webdriver.chrome.driver as C:\Users\tom\.cache\selenium\chromedriver\win32\87.0.4280.88\chromedriver.exe
[INFO ] 2020-12-13 17:16:03 WebDriverManager:605 :resolveDriverVersion - message:Using chromedriver 87.0.4280.88 (resolved driver for Chrome 87)
[INFO ] 2020-12-13 17:16:03 WebDriverManager:661 :exportDriver - message:Exporting webdriver.chrome.driver as C:\Users\tom\.cache\selenium\chromedriver\win32\87.0.4280.88\chromedriver.exe
[INFO ] 2020-12-13 17:17:38 WebDriverManager:605 :resolveDriverVersion - message:Using chromedriver 87.0.4280.88 (resolved driver for Chrome 87)
[INFO ] 2020-12-13 17:17:38 WebDriverManager:661 :exportDriver - message:Exporting webdriver.chrome.driver as C:\Users\tom\.cache\selenium\chromedriver\win32\87.0.4280.88\chromedriver.exe
[ERROR] 2020-12-13 17:17:57 AllureLifecycle:609 :prepareAttachment - message:Could not add attachment: no test is running
[INFO ] 2020-12-13 17:19:07 WebDriverManager:605 :resolveDriverVersion - message:Using chromedriver 87.0.4280.88 (resolved driver for Chrome 87)
[INFO ] 2020-12-13 17:19:07 WebDriverManager:661 :exportDriver - message:Exporting webdriver.chrome.driver as C:\Users\tom\.cache\selenium\chromedriver\win32\87.0.4280.88\chromedriver.exe
[INFO ] 2020-12-13 17:21:30 WebDriverManager:605 :resolveDriverVersion - message:Using chromedriver 87.0.4280.88 (resolved driver for Chrome 87)
[INFO ] 2020-12-13 17:21:30 WebDriverManager:661 :exportDriver - message:Exporting webdriver.chrome.driver as C:\Users\tom\.cache\selenium\chromedriver\win32\87.0.4280.88\chromedriver.exe
[INFO ] 2020-12-13 17:24:21 WebDriverManager:605 :resolveDriverVersion - message:Using chromedriver 87.0.4280.88 (resolved driver for Chrome 87)
[INFO ] 2020-12-13 17:24:21 WebDriverManager:661 :exportDriver - message:Exporting webdriver.chrome.driver as C:\Users\tom\.cache\selenium\chromedriver\win32\87.0.4280.88\chromedriver.exe
[INFO ] 2020-12-13 17:25:50 WebDriverManager:605 :resolveDriverVersion - message:Using chromedriver 87.0.4280.88 (resolved driver for Chrome 87)
[INFO ] 2020-12-13 17:25:50 WebDriverManager:661 :exportDriver - message:Exporting webdriver.chrome.driver as C:\Users\tom\.cache\selenium\chromedriver\win32\87.0.4280.88\chromedriver.exe
[INFO ] 2020-12-13 17:34:12 WebDriverManager:605 :resolveDriverVersion - message:Using chromedriver 87.0.4280.88 (resolved driver for Chrome 87)
[INFO ] 2020-12-13 17:34:12 WebDriverManager:661 :exportDriver - message:Exporting webdriver.chrome.driver as C:\Users\tom\.cache\selenium\chromedriver\win32\87.0.4280.88\chromedriver.exe
[INFO ] 2020-12-13 17:35:10 WebDriverManager:605 :resolveDriverVersion - message:Using chromedriver 87.0.4280.88 (resolved driver for Chrome 87)
[INFO ] 2020-12-13 17:35:10 WebDriverManager:661 :exportDriver - message:Exporting webdriver.chrome.driver as C:\Users\tom\.cache\selenium\chromedriver\win32\87.0.4280.88\chromedriver.exe
[INFO ] 2020-12-13 17:39:50 WebDriverManager:605 :resolveDriverVersion - message:Using chromedriver 87.0.4280.88 (resolved driver for Chrome 87)
[INFO ] 2020-12-13 17:39:50 WebDriverManager:661 :exportDriver - message:Exporting webdriver.chrome.driver as C:\Users\tom\.cache\selenium\chromedriver\win32\87.0.4280.88\chromedriver.exe
[INFO ] 2020-12-13 17:41:18 WebDriverManager:605 :resolveDriverVersion - message:Using chromedriver 87.0.4280.88 (resolved driver for Chrome 87)
[INFO ] 2020-12-13 17:41:18 WebDriverManager:661 :exportDriver - message:Exporting webdriver.chrome.driver as C:\Users\tom\.cache\selenium\chromedriver\win32\87.0.4280.88\chromedriver.exe
[INFO ] 2020-12-13 17:54:53 WebDriverManager:605 :resolveDriverVersion - message:Using chromedriver 87.0.4280.88 (resolved driver for Chrome 87)
[INFO ] 2020-12-13 17:54:53 WebDriverManager:661 :exportDriver - message:Exporting webdriver.chrome.driver as C:\Users\tom\.cache\selenium\chromedriver\win32\87.0.4280.88\chromedriver.exe
[ERROR] 2020-12-13 17:55:09 AllureLifecycle:609 :prepareAttachment - message:Could not add attachment: no test is running
[INFO ] 2020-12-13 17:58:47 WebDriverManager:605 :resolveDriverVersion - message:Using chromedriver 87.0.4280.88 (resolved driver for Chrome 87)
[INFO ] 2020-12-13 17:58:47 WebDriverManager:661 :exportDriver - message:Exporting webdriver.chrome.driver as C:\Users\tom\.cache\selenium\chromedriver\win32\87.0.4280.88\chromedriver.exe
[ERROR] 2020-12-13 17:59:03 AllureLifecycle:609 :prepareAttachment - message:Could not add attachment: no test is running
[INFO ] 2020-12-13 17:59:52 WebDriverManager:605 :resolveDriverVersion - message:Using chromedriver 87.0.4280.88 (resolved driver for Chrome 87)
[INFO ] 2020-12-13 17:59:52 WebDriverManager:661 :exportDriver - message:Exporting webdriver.chrome.driver as C:\Users\tom\.cache\selenium\chromedriver\win32\87.0.4280.88\chromedriver.exe
[INFO ] 2020-12-13 18:04:50 WebDriverManager:605 :resolveDriverVersion - message:Using chromedriver 87.0.4280.88 (resolved driver for Chrome 87)
[INFO ] 2020-12-13 18:04:50 WebDriverManager:661 :exportDriver - message:Exporting webdriver.chrome.driver as C:\Users\tom\.cache\selenium\chromedriver\win32\87.0.4280.88\chromedriver.exe
[INFO ] 2020-12-13 19:03:42 WebDriverManager:605 :resolveDriverVersion - message:Using chromedriver 87.0.4280.88 (resolved driver for Chrome 87)
[INFO ] 2020-12-13 19:03:42 WebDriverManager:661 :exportDriver - message:Exporting webdriver.chrome.driver as C:\Users\tom\.cache\selenium\chromedriver\win32\87.0.4280.88\chromedriver.exe
[INFO ] 2020-12-13 19:05:04 WebDriverManager:605 :resolveDriverVersion - message:Using chromedriver 87.0.4280.88 (resolved driver for Chrome 87)
[INFO ] 2020-12-13 19:05:04 WebDriverManager:661 :exportDriver - message:Exporting webdriver.chrome.driver as C:\Users\tom\.cache\selenium\chromedriver\win32\87.0.4280.88\chromedriver.exe
[INFO ] 2020-12-13 19:06:12 WebDriverManager:605 :resolveDriverVersion - message:Using chromedriver 87.0.4280.88 (resolved driver for Chrome 87)
[INFO ] 2020-12-13 19:06:12 WebDriverManager:661 :exportDriver - message:Exporting webdriver.chrome.driver as C:\Users\tom\.cache\selenium\chromedriver\win32\87.0.4280.88\chromedriver.exe
[ERROR] 2020-12-13 19:06:27 AllureLifecycle:609 :prepareAttachment - message:Could not add attachment: no test is running
[INFO ] 2020-12-13 19:06:47 WebDriverManager:605 :resolveDriverVersion - message:Using chromedriver 87.0.4280.88 (resolved driver for Chrome 87)
[INFO ] 2020-12-13 19:06:47 WebDriverManager:661 :exportDriver - message:Exporting webdriver.chrome.driver as C:\Users\tom\.cache\selenium\chromedriver\win32\87.0.4280.88\chromedriver.exe
[INFO ] 2020-12-13 19:19:37 WebDriverManager:605 :resolveDriverVersion - message:Using chromedriver 87.0.4280.88 (resolved driver for Chrome 87)
[INFO ] 2020-12-13 19:19:37 WebDriverManager:661 :exportDriver - message:Exporting webdriver.chrome.driver as C:\Users\tom\.cache\selenium\chromedriver\win32\87.0.4280.88\chromedriver.exe
[ERROR] 2020-12-13 19:19:52 AllureLifecycle:609 :prepareAttachment - message:Could not add attachment: no test is running
[INFO ] 2020-12-13 19:20:25 WebDriverManager:605 :resolveDriverVersion - message:Using chromedriver 87.0.4280.88 (resolved driver for Chrome 87)
[INFO ] 2020-12-13 19:20:25 WebDriverManager:661 :exportDriver - message:Exporting webdriver.chrome.driver as C:\Users\tom\.cache\selenium\chromedriver\win32\87.0.4280.88\chromedriver.exe
[ERROR] 2020-12-13 19:20:33 AllureLifecycle:609 :prepareAttachment - message:Could not add attachment: no test is running
[INFO ] 2020-12-13 19:21:29 WebDriverManager:605 :resolveDriverVersion - message:Using chromedriver 87.0.4280.88 (resolved driver for Chrome 87)
[INFO ] 2020-12-13 19:21:29 WebDriverManager:661 :exportDriver - message:Exporting webdriver.chrome.driver as C:\Users\tom\.cache\selenium\chromedriver\win32\87.0.4280.88\chromedriver.exe
[ERROR] 2020-12-13 19:21:36 AllureLifecycle:609 :prepareAttachment - message:Could not add attachment: no test is running
[INFO ] 2020-12-13 19:23:22 WebDriverManager:605 :resolveDriverVersion - message:Using chromedriver 87.0.4280.88 (resolved driver for Chrome 87)
[INFO ] 2020-12-13 19:23:22 WebDriverManager:661 :exportDriver - message:Exporting webdriver.chrome.driver as C:\Users\tom\.cache\selenium\chromedriver\win32\87.0.4280.88\chromedriver.exe
[INFO ] 2020-12-13 21:39:39 WebDriverManager:605 :resolveDriverVersion - message:Using chromedriver 87.0.4280.88 (resolved driver for Chrome 87)
[INFO ] 2020-12-13 21:39:39 WebDriverManager:661 :exportDriver - message:Exporting webdriver.chrome.driver as C:\Users\tom\.cache\selenium\chromedriver\win32\87.0.4280.88\chromedriver.exe
[INFO ] 2020-12-13 21:39:56 MainPage:63 :checkAllPricesArePositive - message:checkAllPricesArePositive
[INFO ] 2020-12-13 21:51:16 WebDriverManager:605 :resolveDriverVersion - message:Using chromedriver 87.0.4280.88 (resolved driver for Chrome 87)
[INFO ] 2020-12-13 21:51:16 WebDriverManager:661 :exportDriver - message:Exporting webdriver.chrome.driver as C:\Users\tom\.cache\selenium\chromedriver\win32\87.0.4280.88\chromedriver.exe
[INFO ] 2020-12-13 21:51:31 WebDriverManager:605 :resolveDriverVersion - message:Using chromedriver 87.0.4280.88 (resolved driver for Chrome 87)
[INFO ] 2020-12-13 21:51:31 WebDriverManager:661 :exportDriver - message:Exporting webdriver.chrome.driver as C:\Users\tom\.cache\selenium\chromedriver\win32\87.0.4280.88\chromedriver.exe
[INFO ] 2020-12-13 21:51:39 WebDriverManager:605 :resolveDriverVersion - message:Using chromedriver 87.0.4280.88 (resolved driver for Chrome 87)
[INFO ] 2020-12-13 21:51:39 WebDriverManager:661 :exportDriver - message:Exporting webdriver.chrome.driver as C:\Users\tom\.cache\selenium\chromedriver\win32\87.0.4280.88\chromedriver.exe
[INFO ] 2020-12-13 21:51:48 MainPage:63 :checkAllPricesArePositive - message:checkAllPricesArePositive
[INFO ] 2020-12-13 21:51:49 WebDriverManager:605 :resolveDriverVersion - message:Using chromedriver 87.0.4280.88 (resolved driver for Chrome 87)
[INFO ] 2020-12-13 21:51:49 WebDriverManager:661 :exportDriver - message:Exporting webdriver.chrome.driver as C:\Users\tom\.cache\selenium\chromedriver\win32\87.0.4280.88\chromedriver.exe
[INFO ] 2020-12-13 21:52:46 WebDriverManager:605 :resolveDriverVersion - message:Using chromedriver 87.0.4280.88 (resolved driver for Chrome 87)
[INFO ] 2020-12-13 21:52:46 WebDriverManager:661 :exportDriver - message:Exporting webdriver.chrome.driver as C:\Users\tom\.cache\selenium\chromedriver\win32\87.0.4280.88\chromedriver.exe
[INFO ] 2020-12-13 21:53:01 WebDriverManager:605 :resolveDriverVersion - message:Using chromedriver 87.0.4280.88 (resolved driver for Chrome 87)
[INFO ] 2020-12-13 21:53:01 WebDriverManager:661 :exportDriver - message:Exporting webdriver.chrome.driver as C:\Users\tom\.cache\selenium\chromedriver\win32\87.0.4280.88\chromedriver.exe
[INFO ] 2020-12-13 21:53:11 WebDriverManager:605 :resolveDriverVersion - message:Using chromedriver 87.0.4280.88 (resolved driver for Chrome 87)
[INFO ] 2020-12-13 21:53:11 WebDriverManager:661 :exportDriver - message:Exporting webdriver.chrome.driver as C:\Users\tom\.cache\selenium\chromedriver\win32\87.0.4280.88\chromedriver.exe
[INFO ] 2020-12-13 21:53:21 MainPage:63 :checkAllPricesArePositive - message:checkAllPricesArePositive
[INFO ] 2020-12-13 21:53:21 WebDriverManager:605 :resolveDriverVersion - message:Using chromedriver 87.0.4280.88 (resolved driver for Chrome 87)
[INFO ] 2020-12-13 21:53:21 WebDriverManager:661 :exportDriver - message:Exporting webdriver.chrome.driver as C:\Users\tom\.cache\selenium\chromedriver\win32\87.0.4280.88\chromedriver.exe
[INFO ] 2020-12-14 19:12:13 WebDriverManager:605 :resolveDriverVersion - message:Using chromedriver 87.0.4280.88 (resolved driver for Chrome 87)
[INFO ] 2020-12-14 19:12:13 WebDriverManager:661 :exportDriver - message:Exporting webdriver.chrome.driver as C:\Users\tom\.cache\selenium\chromedriver\win32\87.0.4280.88\chromedriver.exe
[INFO ] 2020-12-14 19:12:25 WebDriverManager:605 :resolveDriverVersion - message:Using chromedriver 87.0.4280.88 (resolved driver for Chrome 87)
[INFO ] 2020-12-14 19:12:25 WebDriverManager:661 :exportDriver - message:Exporting webdriver.chrome.driver as C:\Users\tom\.cache\selenium\chromedriver\win32\87.0.4280.88\chromedriver.exe
[INFO ] 2020-12-14 19:12:31 WebDriverManager:605 :resolveDriverVersion - message:Using chromedriver 87.0.4280.88 (resolved driver for Chrome 87)
[INFO ] 2020-12-14 19:12:31 WebDriverManager:661 :exportDriver - message:Exporting webdriver.chrome.driver as C:\Users\tom\.cache\selenium\chromedriver\win32\87.0.4280.88\chromedriver.exe
[INFO ] 2020-12-14 19:12:35 WebDriverManager:605 :resolveDriverVersion - message:Using chromedriver 87.0.4280.88 (resolved driver for Chrome 87)
[INFO ] 2020-12-14 19:12:36 WebDriverManager:661 :exportDriver - message:Exporting webdriver.chrome.driver as C:\Users\tom\.cache\selenium\chromedriver\win32\87.0.4280.88\chromedriver.exe
[INFO ] 2020-12-14 19:16:19 WebDriverManager:605 :resolveDriverVersion - message:Using chromedriver 87.0.4280.88 (resolved driver for Chrome 87)
[INFO ] 2020-12-14 19:16:19 WebDriverManager:661 :exportDriver - message:Exporting webdriver.chrome.driver as C:\Users\tom\.cache\selenium\chromedriver\win32\87.0.4280.88\chromedriver.exe
[INFO ] 2020-12-14 19:16:22 WebDriverManager:605 :resolveDriverVersion - message:Using chromedriver 87.0.4280.88 (resolved driver for Chrome 87)
[INFO ] 2020-12-14 19:16:22 WebDriverManager:661 :exportDriver - message:Exporting webdriver.chrome.driver as C:\Users\tom\.cache\selenium\chromedriver\win32\87.0.4280.88\chromedriver.exe
[INFO ] 2020-12-14 19:16:24 WebDriverManager:605 :resolveDriverVersion - message:Using chromedriver 87.0.4280.88 (resolved driver for Chrome 87)
[INFO ] 2020-12-14 19:16:24 WebDriverManager:661 :exportDriver - message:Exporting webdriver.chrome.driver as C:\Users\tom\.cache\selenium\chromedriver\win32\87.0.4280.88\chromedriver.exe
[INFO ] 2020-12-14 19:16:25 WebDriverManager:605 :resolveDriverVersion - message:Using chromedriver 87.0.4280.88 (resolved driver for Chrome 87)
[INFO ] 2020-12-14 19:16:25 WebDriverManager:661 :exportDriver - message:Exporting webdriver.chrome.driver as C:\Users\tom\.cache\selenium\chromedriver\win32\87.0.4280.88\chromedriver.exe
[INFO ] 2020-12-14 19:18:20 WebDriverManager:605 :resolveDriverVersion - message:Using chromedriver 87.0.4280.88 (resolved driver for Chrome 87)
[INFO ] 2020-12-14 19:18:20 WebDriverManager:661 :exportDriver - message:Exporting webdriver.chrome.driver as C:\Users\tom\.cache\selenium\chromedriver\win32\87.0.4280.88\chromedriver.exe
[INFO ] 2020-12-14 19:18:22 WebDriverManager:605 :resolveDriverVersion - message:Using chromedriver 87.0.4280.88 (resolved driver for Chrome 87)
[INFO ] 2020-12-14 19:18:22 WebDriverManager:661 :exportDriver - message:Exporting webdriver.chrome.driver as C:\Users\tom\.cache\selenium\chromedriver\win32\87.0.4280.88\chromedriver.exe
[INFO ] 2020-12-14 19:18:23 WebDriverManager:605 :resolveDriverVersion - message:Using chromedriver 87.0.4280.88 (resolved driver for Chrome 87)
[INFO ] 2020-12-14 19:18:23 WebDriverManager:661 :exportDriver - message:Exporting webdriver.chrome.driver as C:\Users\tom\.cache\selenium\chromedriver\win32\87.0.4280.88\chromedriver.exe
[INFO ] 2020-12-14 19:18:28 WebDriverManager:605 :resolveDriverVersion - message:Using chromedriver 87.0.4280.88 (resolved driver for Chrome 87)
[INFO ] 2020-12-14 19:18:28 WebDriverManager:661 :exportDriver - message:Exporting webdriver.chrome.driver as C:\Users\tom\.cache\selenium\chromedriver\win32\87.0.4280.88\chromedriver.exe
[INFO ] 2020-12-14 19:19:40 WebDriverManager:605 :resolveDriverVersion - message:Using chromedriver 87.0.4280.88 (resolved driver for Chrome 87)
[INFO ] 2020-12-14 19:19:40 WebDriverManager:661 :exportDriver - message:Exporting webdriver.chrome.driver as C:\Users\tom\.cache\selenium\chromedriver\win32\87.0.4280.88\chromedriver.exe
[INFO ] 2020-12-14 19:19:42 WebDriverManager:605 :resolveDriverVersion - message:Using chromedriver 87.0.4280.88 (resolved driver for Chrome 87)
[INFO ] 2020-12-14 19:19:42 WebDriverManager:661 :exportDriver - message:Exporting webdriver.chrome.driver as C:\Users\tom\.cache\selenium\chromedriver\win32\87.0.4280.88\chromedriver.exe
[INFO ] 2020-12-14 19:19:43 WebDriverManager:605 :resolveDriverVersion - message:Using chromedriver 87.0.4280.88 (resolved driver for Chrome 87)
[INFO ] 2020-12-14 19:19:43 WebDriverManager:661 :exportDriver - message:Exporting webdriver.chrome.driver as C:\Users\tom\.cache\selenium\chromedriver\win32\87.0.4280.88\chromedriver.exe
[INFO ] 2020-12-14 19:19:45 WebDriverManager:605 :resolveDriverVersion - message:Using chromedriver 87.0.4280.88 (resolved driver for Chrome 87)
[INFO ] 2020-12-14 19:19:45 WebDriverManager:661 :exportDriver - message:Exporting webdriver.chrome.driver as C:\Users\tom\.cache\selenium\chromedriver\win32\87.0.4280.88\chromedriver.exe
[INFO ] 2020-12-14 19:25:00 WebDriverManager:605 :resolveDriverVersion - message:Using chromedriver 87.0.4280.88 (resolved driver for Chrome 87)
[INFO ] 2020-12-14 19:25:00 WebDriverManager:661 :exportDriver - message:Exporting webdriver.chrome.driver as C:\Users\tom\.cache\selenium\chromedriver\win32\87.0.4280.88\chromedriver.exe
[INFO ] 2020-12-14 19:25:25 WebDriverManager:605 :resolveDriverVersion - message:Using chromedriver 87.0.4280.88 (resolved driver for Chrome 87)
[INFO ] 2020-12-14 19:25:25 WebDriverManager:661 :exportDriver - message:Exporting webdriver.chrome.driver as C:\Users\tom\.cache\selenium\chromedriver\win32\87.0.4280.88\chromedriver.exe
[ERROR] 2020-12-14 19:25:30 AllureLifecycle:609 :prepareAttachment - message:Could not add attachment: no test is running
[INFO ] 2020-12-14 19:26:11 WebDriverManager:605 :resolveDriverVersion - message:Using chromedriver 87.0.4280.88 (resolved driver for Chrome 87)
[INFO ] 2020-12-14 19:26:11 WebDriverManager:661 :exportDriver - message:Exporting webdriver.chrome.driver as C:\Users\tom\.cache\selenium\chromedriver\win32\87.0.4280.88\chromedriver.exe
[ERROR] 2020-12-14 19:26:16 AllureLifecycle:609 :prepareAttachment - message:Could not add attachment: no test is running
[INFO ] 2020-12-14 19:26:55 WebDriverManager:605 :resolveDriverVersion - message:Using chromedriver 87.0.4280.88 (resolved driver for Chrome 87)
[INFO ] 2020-12-14 19:26:55 WebDriverManager:661 :exportDriver - message:Exporting webdriver.chrome.driver as C:\Users\tom\.cache\selenium\chromedriver\win32\87.0.4280.88\chromedriver.exe
[ERROR] 2020-12-14 19:26:59 AllureLifecycle:609 :prepareAttachment - message:Could not add attachment: no test is running
[INFO ] 2020-12-14 19:27:26 WebDriverManager:605 :resolveDriverVersion - message:Using chromedriver 87.0.4280.88 (resolved driver for Chrome 87)
[INFO ] 2020-12-14 19:27:26 WebDriverManager:661 :exportDriver - message:Exporting webdriver.chrome.driver as C:\Users\tom\.cache\selenium\chromedriver\win32\87.0.4280.88\chromedriver.exe
[ERROR] 2020-12-14 19:27:30 AllureLifecycle:609 :prepareAttachment - message:Could not add attachment: no test is running
[INFO ] 2020-12-14 19:27:53 WebDriverManager:605 :resolveDriverVersion - message:Using chromedriver 87.0.4280.88 (resolved driver for Chrome 87)
[INFO ] 2020-12-14 19:27:53 WebDriverManager:661 :exportDriver - message:Exporting webdriver.chrome.driver as C:\Users\tom\.cache\selenium\chromedriver\win32\87.0.4280.88\chromedriver.exe
[ERROR] 2020-12-14 19:27:58 AllureLifecycle:609 :prepareAttachment - message:Could not add attachment: no test is running
[INFO ] 2020-12-14 19:32:24 WebDriverManager:605 :resolveDriverVersion - message:Using chromedriver 87.0.4280.88 (resolved driver for Chrome 87)
[INFO ] 2020-12-14 19:32:24 WebDriverManager:661 :exportDriver - message:Exporting webdriver.chrome.driver as C:\Users\tom\.cache\selenium\chromedriver\win32\87.0.4280.88\chromedriver.exe
[ERROR] 2020-12-14 19:32:29 AllureLifecycle:609 :prepareAttachment - message:Could not add attachment: no test is running
[INFO ] 2020-12-14 19:33:12 WebDriverManager:605 :resolveDriverVersion - message:Using chromedriver 87.0.4280.88 (resolved driver for Chrome 87)
[INFO ] 2020-12-14 19:33:12 WebDriverManager:661 :exportDriver - message:Exporting webdriver.chrome.driver as C:\Users\tom\.cache\selenium\chromedriver\win32\87.0.4280.88\chromedriver.exe
[ERROR] 2020-12-14 19:33:17 AllureLifecycle:609 :prepareAttachment - message:Could not add attachment: no test is running
[INFO ] 2020-12-14 19:33:29 WebDriverManager:605 :resolveDriverVersion - message:Using chromedriver 87.0.4280.88 (resolved driver for Chrome 87)
[INFO ] 2020-12-14 19:33:29 WebDriverManager:661 :exportDriver - message:Exporting webdriver.chrome.driver as C:\Users\tom\.cache\selenium\chromedriver\win32\87.0.4280.88\chromedriver.exe
[ERROR] 2020-12-14 19:33:35 AllureLifecycle:609 :prepareAttachment - message:Could not add attachment: no test is running
[INFO ] 2020-12-14 19:33:46 WebDriverManager:605 :resolveDriverVersion - message:Using chromedriver 87.0.4280.88 (resolved driver for Chrome 87)
[INFO ] 2020-12-14 19:33:46 WebDriverManager:661 :exportDriver - message:Exporting webdriver.chrome.driver as C:\Users\tom\.cache\selenium\chromedriver\win32\87.0.4280.88\chromedriver.exe
[ERROR] 2020-12-14 19:34:25 AllureLifecycle:609 :prepareAttachment - message:Could not add attachment: no test is running
[INFO ] 2020-12-14 19:35:02 WebDriverManager:605 :resolveDriverVersion - message:Using chromedriver 87.0.4280.88 (resolved driver for Chrome 87)
[INFO ] 2020-12-14 19:35:02 WebDriverManager:661 :exportDriver - message:Exporting webdriver.chrome.driver as C:\Users\tom\.cache\selenium\chromedriver\win32\87.0.4280.88\chromedriver.exe
[ERROR] 2020-12-14 19:35:17 AllureLifecycle:609 :prepareAttachment - message:Could not add attachment: no test is running
[INFO ] 2020-12-14 19:36:17 WebDriverManager:605 :resolveDriverVersion - message:Using chromedriver 87.0.4280.88 (resolved driver for Chrome 87)
[INFO ] 2020-12-14 19:36:17 WebDriverManager:661 :exportDriver - message:Exporting webdriver.chrome.driver as C:\Users\tom\.cache\selenium\chromedriver\win32\87.0.4280.88\chromedriver.exe
[ERROR] 2020-12-14 19:36:34 AllureLifecycle:609 :prepareAttachment - message:Could not add attachment: no test is running
[INFO ] 2020-12-14 19:39:06 WebDriverManager:605 :resolveDriverVersion - message:Using chromedriver 87.0.4280.88 (resolved driver for Chrome 87)
[INFO ] 2020-12-14 19:39:06 WebDriverManager:661 :exportDriver - message:Exporting webdriver.chrome.driver as C:\Users\tom\.cache\selenium\chromedriver\win32\87.0.4280.88\chromedriver.exe
[ERROR] 2020-12-14 19:39:40 AllureLifecycle:609 :prepareAttachment - message:Could not add attachment: no test is running
[INFO ] 2020-12-14 19:40:23 WebDriverManager:605 :resolveDriverVersion - message:Using chromedriver 87.0.4280.88 (resolved driver for Chrome 87)
[INFO ] 2020-12-14 19:40:23 WebDriverManager:661 :exportDriver - message:Exporting webdriver.chrome.driver as C:\Users\tom\.cache\selenium\chromedriver\win32\87.0.4280.88\chromedriver.exe
[ERROR] 2020-12-14 19:40:44 AllureLifecycle:609 :prepareAttachment - message:Could not add attachment: no test is running
[INFO ] 2020-12-14 19:41:18 WebDriverManager:605 :resolveDriverVersion - message:Using chromedriver 87.0.4280.88 (resolved driver for Chrome 87)
[INFO ] 2020-12-14 19:41:18 WebDriverManager:661 :exportDriver - message:Exporting webdriver.chrome.driver as C:\Users\tom\.cache\selenium\chromedriver\win32\87.0.4280.88\chromedriver.exe
[ERROR] 2020-12-14 19:41:55 AllureLifecycle:609 :prepareAttachment - message:Could not add attachment: no test is running
[INFO ] 2020-12-14 19:44:09 WebDriverManager:605 :resolveDriverVersion - message:Using chromedriver 87.0.4280.88 (resolved driver for Chrome 87)
[INFO ] 2020-12-14 19:44:09 WebDriverManager:661 :exportDriver - message:Exporting webdriver.chrome.driver as C:\Users\tom\.cache\selenium\chromedriver\win32\87.0.4280.88\chromedriver.exe
[INFO ] 2020-12-14 19:45:33 WebDriverManager:605 :resolveDriverVersion - message:Using chromedriver 87.0.4280.88 (resolved driver for Chrome 87)
[INFO ] 2020-12-14 19:45:33 WebDriverManager:661 :exportDriver - message:Exporting webdriver.chrome.driver as C:\Users\tom\.cache\selenium\chromedriver\win32\87.0.4280.88\chromedriver.exe
[INFO ] 2020-12-14 19:46:36 WebDriverManager:605 :resolveDriverVersion - message:Using chromedriver 87.0.4280.88 (resolved driver for Chrome 87)
[INFO ] 2020-12-14 19:46:36 WebDriverManager:661 :exportDriver - message:Exporting webdriver.chrome.driver as C:\Users\tom\.cache\selenium\chromedriver\win32\87.0.4280.88\chromedriver.exe
[INFO ] 2020-12-14 19:48:39 WebDriverManager:605 :resolveDriverVersion - message:Using chromedriver 87.0.4280.88 (resolved driver for Chrome 87)
[INFO ] 2020-12-14 19:48:39 WebDriverManager:661 :exportDriver - message:Exporting webdriver.chrome.driver as C:\Users\tom\.cache\selenium\chromedriver\win32\87.0.4280.88\chromedriver.exe
[ERROR] 2020-12-14 19:48:44 AllureLifecycle:609 :prepareAttachment - message:Could not add attachment: no test is running
[INFO ] 2020-12-14 19:49:02 WebDriverManager:605 :resolveDriverVersion - message:Using chromedriver 87.0.4280.88 (resolved driver for Chrome 87)
[INFO ] 2020-12-14 19:49:02 WebDriverManager:661 :exportDriver - message:Exporting webdriver.chrome.driver as C:\Users\tom\.cache\selenium\chromedriver\win32\87.0.4280.88\chromedriver.exe
[ERROR] 2020-12-14 19:49:23 AllureLifecycle:609 :prepareAttachment - message:Could not add attachment: no test is running
[INFO ] 2020-12-14 19:50:26 WebDriverManager:605 :resolveDriverVersion - message:Using chromedriver 87.0.4280.88 (resolved driver for Chrome 87)
[INFO ] 2020-12-14 19:50:26 WebDriverManager:661 :exportDriver - message:Exporting webdriver.chrome.driver as C:\Users\tom\.cache\selenium\chromedriver\win32\87.0.4280.88\chromedriver.exe
[ERROR] 2020-12-14 19:50:30 AllureLifecycle:609 :prepareAttachment - message:Could not add attachment: no test is running
[INFO ] 2020-12-14 19:51:17 WebDriverManager:605 :resolveDriverVersion - message:Using chromedriver 87.0.4280.88 (resolved driver for Chrome 87)
[INFO ] 2020-12-14 19:51:17 WebDriverManager:661 :exportDriver - message:Exporting webdriver.chrome.driver as C:\Users\tom\.cache\selenium\chromedriver\win32\87.0.4280.88\chromedriver.exe
[ERROR] 2020-12-14 19:51:22 AllureLifecycle:609 :prepareAttachment - message:Could not add attachment: no test is running
[INFO ] 2020-12-14 19:52:39 WebDriverManager:605 :resolveDriverVersion - message:Using chromedriver 87.0.4280.88 (resolved driver for Chrome 87)
[INFO ] 2020-12-14 19:52:39 WebDriverManager:661 :exportDriver - message:Exporting webdriver.chrome.driver as C:\Users\tom\.cache\selenium\chromedriver\win32\87.0.4280.88\chromedriver.exe
[ERROR] 2020-12-14 19:52:43 AllureLifecycle:609 :prepareAttachment - message:Could not add attachment: no test is running
[INFO ] 2020-12-14 19:53:11 WebDriverManager:605 :resolveDriverVersion - message:Using chromedriver 87.0.4280.88 (resolved driver for Chrome 87)
[INFO ] 2020-12-14 19:53:11 WebDriverManager:661 :exportDriver - message:Exporting webdriver.chrome.driver as C:\Users\tom\.cache\selenium\chromedriver\win32\87.0.4280.88\chromedriver.exe
[ERROR] 2020-12-14 19:53:15 AllureLifecycle:609 :prepareAttachment - message:Could not add attachment: no test is running
[INFO ] 2020-12-14 19:53:29 WebDriverManager:605 :resolveDriverVersion - message:Using chromedriver 87.0.4280.88 (resolved driver for Chrome 87)
[INFO ] 2020-12-14 19:53:29 WebDriverManager:661 :exportDriver - message:Exporting webdriver.chrome.driver as C:\Users\tom\.cache\selenium\chromedriver\win32\87.0.4280.88\chromedriver.exe
[ERROR] 2020-12-14 19:53:56 AllureLifecycle:609 :prepareAttachment - message:Could not add attachment: no test is running
[INFO ] 2020-12-14 19:54:15 WebDriverManager:605 :resolveDriverVersion - message:Using chromedriver 87.0.4280.88 (resolved driver for Chrome 87)
[INFO ] 2020-12-14 19:54:15 WebDriverManager:661 :exportDriver - message:Exporting webdriver.chrome.driver as C:\Users\tom\.cache\selenium\chromedriver\win32\87.0.4280.88\chromedriver.exe
[ERROR] 2020-12-14 19:54:32 AllureLifecycle:609 :prepareAttachment - message:Could not add attachment: no test is running
[INFO ] 2020-12-14 19:55:01 WebDriverManager:605 :resolveDriverVersion - message:Using chromedriver 87.0.4280.88 (resolved driver for Chrome 87)
[INFO ] 2020-12-14 19:55:01 WebDriverManager:661 :exportDriver - message:Exporting webdriver.chrome.driver as C:\Users\tom\.cache\selenium\chromedriver\win32\87.0.4280.88\chromedriver.exe
[ERROR] 2020-12-14 19:55:16 AllureLifecycle:609 :prepareAttachment - message:Could not add attachment: no test is running
[INFO ] 2020-12-14 19:55:47 WebDriverManager:605 :resolveDriverVersion - message:Using chromedriver 87.0.4280.88 (resolved driver for Chrome 87)
[INFO ] 2020-12-14 19:55:47 WebDriverManager:661 :exportDriver - message:Exporting webdriver.chrome.driver as C:\Users\tom\.cache\selenium\chromedriver\win32\87.0.4280.88\chromedriver.exe
[ERROR] 2020-12-14 19:55:52 AllureLifecycle:609 :prepareAttachment - message:Could not add attachment: no test is running
[INFO ] 2020-12-14 19:58:42 WebDriverManager:605 :resolveDriverVersion - message:Using chromedriver 87.0.4280.88 (resolved driver for Chrome 87)
[INFO ] 2020-12-14 19:58:42 WebDriverManager:661 :exportDriver - message:Exporting webdriver.chrome.driver as C:\Users\tom\.cache\selenium\chromedriver\win32\87.0.4280.88\chromedriver.exe
[ERROR] 2020-12-14 19:58:48 AllureLifecycle:609 :prepareAttachment - message:Could not add attachment: no test is running
[INFO ] 2020-12-14 19:59:09 WebDriverManager:605 :resolveDriverVersion - message:Using chromedriver 87.0.4280.88 (resolved driver for Chrome 87)
[INFO ] 2020-12-14 19:59:09 WebDriverManager:661 :exportDriver - message:Exporting webdriver.chrome.driver as C:\Users\tom\.cache\selenium\chromedriver\win32\87.0.4280.88\chromedriver.exe
[ERROR] 2020-12-14 19:59:30 AllureLifecycle:609 :prepareAttachment - message:Could not add attachment: no test is running
[INFO ] 2020-12-14 20:06:58 WebDriverManager:605 :resolveDriverVersion - message:Using chromedriver 87.0.4280.88 (resolved driver for Chrome 87)
[INFO ] 2020-12-14 20:06:58 WebDriverManager:661 :exportDriver - message:Exporting webdriver.chrome.driver as C:\Users\tom\.cache\selenium\chromedriver\win32\87.0.4280.88\chromedriver.exe
[ERROR] 2020-12-14 20:07:03 AllureLifecycle:609 :prepareAttachment - message:Could not add attachment: no test is running
[INFO ] 2020-12-14 20:07:35 WebDriverManager:605 :resolveDriverVersion - message:Using chromedriver 87.0.4280.88 (resolved driver for Chrome 87)
[INFO ] 2020-12-14 20:07:35 WebDriverManager:661 :exportDriver - message:Exporting webdriver.chrome.driver as C:\Users\tom\.cache\selenium\chromedriver\win32\87.0.4280.88\chromedriver.exe
[ERROR] 2020-12-14 20:07:40 AllureLifecycle:609 :prepareAttachment - message:Could not add attachment: no test is running
[INFO ] 2020-12-14 20:09:40 WebDriverManager:605 :resolveDriverVersion - message:Using chromedriver 87.0.4280.88 (resolved driver for Chrome 87)
[INFO ] 2020-12-14 20:09:40 WebDriverManager:661 :exportDriver - message:Exporting webdriver.chrome.driver as C:\Users\tom\.cache\selenium\chromedriver\win32\87.0.4280.88\chromedriver.exe
[INFO ] 2020-12-14 20:09:42 WebDriverManager:605 :resolveDriverVersion - message:Using chromedriver 87.0.4280.88 (resolved driver for Chrome 87)
[INFO ] 2020-12-14 20:09:42 WebDriverManager:661 :exportDriver - message:Exporting webdriver.chrome.driver as C:\Users\tom\.cache\selenium\chromedriver\win32\87.0.4280.88\chromedriver.exe
[INFO ] 2020-12-14 20:09:44 WebDriverManager:605 :resolveDriverVersion - message:Using chromedriver 87.0.4280.88 (resolved driver for Chrome 87)
[INFO ] 2020-12-14 20:09:44 WebDriverManager:661 :exportDriver - message:Exporting webdriver.chrome.driver as C:\Users\tom\.cache\selenium\chromedriver\win32\87.0.4280.88\chromedriver.exe
[INFO ] 2020-12-14 20:09:46 WebDriverManager:605 :resolveDriverVersion - message:Using chromedriver 87.0.4280.88 (resolved driver for Chrome 87)
[INFO ] 2020-12-14 20:09:46 WebDriverManager:661 :exportDriver - message:Exporting webdriver.chrome.driver as C:\Users\tom\.cache\selenium\chromedriver\win32\87.0.4280.88\chromedriver.exe
[INFO ] 2020-12-14 20:11:28 WebDriverManager:605 :resolveDriverVersion - message:Using chromedriver 87.0.4280.88 (resolved driver for Chrome 87)
[INFO ] 2020-12-14 20:11:28 WebDriverManager:661 :exportDriver - message:Exporting webdriver.chrome.driver as C:\Users\tom\.cache\selenium\chromedriver\win32\87.0.4280.88\chromedriver.exe
[ERROR] 2020-12-14 20:11:33 AllureLifecycle:609 :prepareAttachment - message:Could not add attachment: no test is running
[INFO ] 2020-12-14 20:13:20 WebDriverManager:605 :resolveDriverVersion - message:Using chromedriver 87.0.4280.88 (resolved driver for Chrome 87)
[INFO ] 2020-12-14 20:13:20 WebDriverManager:661 :exportDriver - message:Exporting webdriver.chrome.driver as C:\Users\tom\.cache\selenium\chromedriver\win32\87.0.4280.88\chromedriver.exe
[ERROR] 2020-12-14 20:13:37 AllureLifecycle:609 :prepareAttachment - message:Could not add attachment: no test is running
[INFO ] 2020-12-14 20:14:06 WebDriverManager:605 :resolveDriverVersion - message:Using chromedriver 87.0.4280.88 (resolved driver for Chrome 87)
[INFO ] 2020-12-14 20:14:06 WebDriverManager:661 :exportDriver - message:Exporting webdriver.chrome.driver as C:\Users\tom\.cache\selenium\chromedriver\win32\87.0.4280.88\chromedriver.exe
[ERROR] 2020-12-14 20:14:11 AllureLifecycle:609 :prepareAttachment - message:Could not add attachment: no test is running
[INFO ] 2020-12-14 20:15:36 WebDriverManager:605 :resolveDriverVersion - message:Using chromedriver 87.0.4280.88 (resolved driver for Chrome 87)
[INFO ] 2020-12-14 20:15:36 WebDriverManager:661 :exportDriver - message:Exporting webdriver.chrome.driver as C:\Users\tom\.cache\selenium\chromedriver\win32\87.0.4280.88\chromedriver.exe
[ERROR] 2020-12-14 20:15:51 AllureLifecycle:609 :prepareAttachment - message:Could not add attachment: no test is running
[INFO ] 2020-12-14 20:18:04 WebDriverManager:605 :resolveDriverVersion - message:Using chromedriver 87.0.4280.88 (resolved driver for Chrome 87)
[INFO ] 2020-12-14 20:18:04 WebDriverManager:661 :exportDriver - message:Exporting webdriver.chrome.driver as C:\Users\tom\.cache\selenium\chromedriver\win32\87.0.4280.88\chromedriver.exe
[ERROR] 2020-12-14 20:18:24 AllureLifecycle:609 :prepareAttachment - message:Could not add attachment: no test is running
[INFO ] 2020-12-14 20:20:36 WebDriverManager:605 :resolveDriverVersion - message:Using chromedriver 87.0.4280.88 (resolved driver for Chrome 87)
[INFO ] 2020-12-14 20:20:36 WebDriverManager:661 :exportDriver - message:Exporting webdriver.chrome.driver as C:\Users\tom\.cache\selenium\chromedriver\win32\87.0.4280.88\chromedriver.exe
[INFO ] 2020-12-14 20:21:22 WebDriverManager:605 :resolveDriverVersion - message:Using chromedriver 87.0.4280.88 (resolved driver for Chrome 87)
[INFO ] 2020-12-14 20:21:22 WebDriverManager:661 :exportDriver - message:Exporting webdriver.chrome.driver as C:\Users\tom\.cache\selenium\chromedriver\win32\87.0.4280.88\chromedriver.exe
[INFO ] 2020-12-14 20:21:24 WebDriverManager:605 :resolveDriverVersion - message:Using chromedriver 87.0.4280.88 (resolved driver for Chrome 87)
[INFO ] 2020-12-14 20:21:24 WebDriverManager:661 :exportDriver - message:Exporting webdriver.chrome.driver as C:\Users\tom\.cache\selenium\chromedriver\win32\87.0.4280.88\chromedriver.exe
[INFO ] 2020-12-14 20:21:26 WebDriverManager:605 :resolveDriverVersion - message:Using chromedriver 87.0.4280.88 (resolved driver for Chrome 87)
[INFO ] 2020-12-14 20:21:26 WebDriverManager:661 :exportDriver - message:Exporting webdriver.chrome.driver as C:\Users\tom\.cache\selenium\chromedriver\win32\87.0.4280.88\chromedriver.exe
[INFO ] 2020-12-14 20:21:28 WebDriverManager:605 :resolveDriverVersion - message:Using chromedriver 87.0.4280.88 (resolved driver for Chrome 87)
[INFO ] 2020-12-14 20:21:28 WebDriverManager:661 :exportDriver - message:Exporting webdriver.chrome.driver as C:\Users\tom\.cache\selenium\chromedriver\win32\87.0.4280.88\chromedriver.exe
[INFO ] 2020-12-14 20:21:52 MainPage:69 :checkAllPricesArePositive - message:checkAllPricesArePositive
[INFO ] 2020-12-14 20:23:40 WebDriverManager:605 :resolveDriverVersion - message:Using chromedriver 87.0.4280.88 (resolved driver for Chrome 87)
[INFO ] 2020-12-14 20:23:40 WebDriverManager:661 :exportDriver - message:Exporting webdriver.chrome.driver as C:\Users\tom\.cache\selenium\chromedriver\win32\87.0.4280.88\chromedriver.exe
[INFO ] 2020-12-14 20:23:52 MainPage:70 :checkAllPricesArePositive - message:checkAllPricesArePositive
[INFO ] 2020-12-14 20:24:31 WebDriverManager:605 :resolveDriverVersion - message:Using chromedriver 87.0.4280.88 (resolved driver for Chrome 87)
[INFO ] 2020-12-14 20:24:31 WebDriverManager:661 :exportDriver - message:Exporting webdriver.chrome.driver as C:\Users\tom\.cache\selenium\chromedriver\win32\87.0.4280.88\chromedriver.exe
[INFO ] 2020-12-14 20:24:42 MainPage:70 :checkAllPricesArePositive - message:checkAllPricesArePositive
[INFO ] 2020-12-14 20:25:00 WebDriverManager:605 :resolveDriverVersion - message:Using chromedriver 87.0.4280.88 (resolved driver for Chrome 87)
[INFO ] 2020-12-14 20:25:00 WebDriverManager:661 :exportDriver - message:Exporting webdriver.chrome.driver as C:\Users\tom\.cache\selenium\chromedriver\win32\87.0.4280.88\chromedriver.exe
[INFO ] 2020-12-14 20:25:40 WebDriverManager:605 :resolveDriverVersion - message:Using chromedriver 87.0.4280.88 (resolved driver for Chrome 87)
[INFO ] 2020-12-14 20:25:41 WebDriverManager:661 :exportDriver - message:Exporting webdriver.chrome.driver as C:\Users\tom\.cache\selenium\chromedriver\win32\87.0.4280.88\chromedriver.exe
[INFO ] 2020-12-14 20:25:43 WebDriverManager:605 :resolveDriverVersion - message:Using chromedriver 87.0.4280.88 (resolved driver for Chrome 87)
[INFO ] 2020-12-14 20:25:43 WebDriverManager:661 :exportDriver - message:Exporting webdriver.chrome.driver as C:\Users\tom\.cache\selenium\chromedriver\win32\87.0.4280.88\chromedriver.exe
[INFO ] 2020-12-14 20:25:44 WebDriverManager:605 :resolveDriverVersion - message:Using chromedriver 87.0.4280.88 (resolved driver for Chrome 87)
[INFO ] 2020-12-14 20:25:44 WebDriverManager:661 :exportDriver - message:Exporting webdriver.chrome.driver as C:\Users\tom\.cache\selenium\chromedriver\win32\87.0.4280.88\chromedriver.exe
[INFO ] 2020-12-14 20:25:46 WebDriverManager:605 :resolveDriverVersion - message:Using chromedriver 87.0.4280.88 (resolved driver for Chrome 87)
[INFO ] 2020-12-14 20:25:47 WebDriverManager:661 :exportDriver - message:Exporting webdriver.chrome.driver as C:\Users\tom\.cache\selenium\chromedriver\win32\87.0.4280.88\chromedriver.exe
[INFO ] 2020-12-14 20:26:24 MainPage:70 :checkAllPricesArePositive - message:checkAllPricesArePositive
[INFO ] 2020-12-14 20:27:41 WebDriverManager:605 :resolveDriverVersion - message:Using chromedriver 87.0.4280.88 (resolved driver for Chrome 87)
[INFO ] 2020-12-14 20:27:41 WebDriverManager:661 :exportDriver - message:Exporting webdriver.chrome.driver as C:\Users\tom\.cache\selenium\chromedriver\win32\87.0.4280.88\chromedriver.exe
[INFO ] 2020-12-14 20:27:45 WebDriverManager:605 :resolveDriverVersion - message:Using chromedriver 87.0.4280.88 (resolved driver for Chrome 87)
[INFO ] 2020-12-14 20:27:45 WebDriverManager:661 :exportDriver - message:Exporting webdriver.chrome.driver as C:\Users\tom\.cache\selenium\chromedriver\win32\87.0.4280.88\chromedriver.exe
[INFO ] 2020-12-14 20:27:46 WebDriverManager:605 :resolveDriverVersion - message:Using chromedriver 87.0.4280.88 (resolved driver for Chrome 87)
[INFO ] 2020-12-14 20:27:46 WebDriverManager:661 :exportDriver - message:Exporting webdriver.chrome.driver as C:\Users\tom\.cache\selenium\chromedriver\win32\87.0.4280.88\chromedriver.exe
[INFO ] 2020-12-14 20:27:48 WebDriverManager:605 :resolveDriverVersion - message:Using chromedriver 87.0.4280.88 (resolved driver for Chrome 87)
[INFO ] 2020-12-14 20:27:48 WebDriverManager:661 :exportDriver - message:Exporting webdriver.chrome.driver as C:\Users\tom\.cache\selenium\chromedriver\win32\87.0.4280.88\chromedriver.exe
[INFO ] 2020-12-14 20:28:02 MainPage:70 :checkAllPricesArePositive - message:checkAllPricesArePositive
[INFO ] 2020-12-14 20:31:55 WebDriverManager:605 :resolveDriverVersion - message:Using chromedriver 87.0.4280.88 (resolved driver for Chrome 87)
[INFO ] 2020-12-14 20:31:55 WebDriverManager:661 :exportDriver - message:Exporting webdriver.chrome.driver as C:\Users\tom\.cache\selenium\chromedriver\win32\87.0.4280.88\chromedriver.exe
[INFO ] 2020-12-14 20:31:57 WebDriverManager:605 :resolveDriverVersion - message:Using chromedriver 87.0.4280.88 (resolved driver for Chrome 87)
[INFO ] 2020-12-14 20:31:57 WebDriverManager:661 :exportDriver - message:Exporting webdriver.chrome.driver as C:\Users\tom\.cache\selenium\chromedriver\win32\87.0.4280.88\chromedriver.exe
[INFO ] 2020-12-14 20:31:59 WebDriverManager:605 :resolveDriverVersion - message:Using chromedriver 87.0.4280.88 (resolved driver for Chrome 87)
[INFO ] 2020-12-14 20:31:59 WebDriverManager:661 :exportDriver - message:Exporting webdriver.chrome.driver as C:\Users\tom\.cache\selenium\chromedriver\win32\87.0.4280.88\chromedriver.exe
[INFO ] 2020-12-14 20:32:00 WebDriverManager:605 :resolveDriverVersion - message:Using chromedriver 87.0.4280.88 (resolved driver for Chrome 87)
[INFO ] 2020-12-14 20:32:00 WebDriverManager:661 :exportDriver - message:Exporting webdriver.chrome.driver as C:\Users\tom\.cache\selenium\chromedriver\win32\87.0.4280.88\chromedriver.exe
[INFO ] 2020-12-14 20:32:12 MainPage:70 :checkAllPricesArePositive - message:checkAllPricesArePositive
[INFO ] 2020-12-14 20:32:51 WebDriverManager:605 :resolveDriverVersion - message:Using chromedriver 87.0.4280.88 (resolved driver for Chrome 87)
[INFO ] 2020-12-14 20:32:51 WebDriverManager:661 :exportDriver - message:Exporting webdriver.chrome.driver as C:\Users\tom\.cache\selenium\chromedriver\win32\87.0.4280.88\chromedriver.exe
[INFO ] 2020-12-14 20:34:03 WebDriverManager:605 :resolveDriverVersion - message:Using chromedriver 87.0.4280.88 (resolved driver for Chrome 87)
[INFO ] 2020-12-14 20:34:03 WebDriverManager:661 :exportDriver - message:Exporting webdriver.chrome.driver as C:\Users\tom\.cache\selenium\chromedriver\win32\87.0.4280.88\chromedriver.exe
[ERROR] 2020-12-14 20:34:29 AllureLifecycle:609 :prepareAttachment - message:Could not add attachment: no test is running
[INFO ] 2020-12-14 20:34:56 WebDriverManager:605 :resolveDriverVersion - message:Using chromedriver 87.0.4280.88 (resolved driver for Chrome 87)
[INFO ] 2020-12-14 20:34:56 WebDriverManager:661 :exportDriver - message:Exporting webdriver.chrome.driver as C:\Users\tom\.cache\selenium\chromedriver\win32\87.0.4280.88\chromedriver.exe
[INFO ] 2020-12-14 20:35:28 WebDriverManager:605 :resolveDriverVersion - message:Using chromedriver 87.0.4280.88 (resolved driver for Chrome 87)
[INFO ] 2020-12-14 20:35:28 WebDriverManager:661 :exportDriver - message:Exporting webdriver.chrome.driver as C:\Users\tom\.cache\selenium\chromedriver\win32\87.0.4280.88\chromedriver.exe
[INFO ] 2020-12-14 20:35:30 WebDriverManager:605 :resolveDriverVersion - message:Using chromedriver 87.0.4280.88 (resolved driver for Chrome 87)
[INFO ] 2020-12-14 20:35:30 WebDriverManager:661 :exportDriver - message:Exporting webdriver.chrome.driver as C:\Users\tom\.cache\selenium\chromedriver\win32\87.0.4280.88\chromedriver.exe
[INFO ] 2020-12-14 20:35:31 WebDriverManager:605 :resolveDriverVersion - message:Using chromedriver 87.0.4280.88 (resolved driver for Chrome 87)
[INFO ] 2020-12-14 20:35:31 WebDriverManager:661 :exportDriver - message:Exporting webdriver.chrome.driver as C:\Users\tom\.cache\selenium\chromedriver\win32\87.0.4280.88\chromedriver.exe
[INFO ] 2020-12-14 20:35:33 WebDriverManager:605 :resolveDriverVersion - message:Using chromedriver 87.0.4280.88 (resolved driver for Chrome 87)
[INFO ] 2020-12-14 20:35:33 WebDriverManager:661 :exportDriver - message:Exporting webdriver.chrome.driver as C:\Users\tom\.cache\selenium\chromedriver\win32\87.0.4280.88\chromedriver.exe
[INFO ] 2020-12-14 20:35:53 MainPage:70 :checkAllPricesArePositive - message:checkAllPricesArePositive
[INFO ] 2020-12-14 20:37:00 WebDriverManager:605 :resolveDriverVersion - message:Using chromedriver 87.0.4280.88 (resolved driver for Chrome 87)
[INFO ] 2020-12-14 20:37:00 WebDriverManager:661 :exportDriver - message:Exporting webdriver.chrome.driver as C:\Users\tom\.cache\selenium\chromedriver\win32\87.0.4280.88\chromedriver.exe
[INFO ] 2020-12-14 20:37:04 WebDriverManager:605 :resolveDriverVersion - message:Using chromedriver 87.0.4280.88 (resolved driver for Chrome 87)
[INFO ] 2020-12-14 20:37:04 WebDriverManager:661 :exportDriver - message:Exporting webdriver.chrome.driver as C:\Users\tom\.cache\selenium\chromedriver\win32\87.0.4280.88\chromedriver.exe
[INFO ] 2020-12-14 20:37:05 WebDriverManager:605 :resolveDriverVersion - message:Using chromedriver 87.0.4280.88 (resolved driver for Chrome 87)
[INFO ] 2020-12-14 20:37:05 WebDriverManager:661 :exportDriver - message:Exporting webdriver.chrome.driver as C:\Users\tom\.cache\selenium\chromedriver\win32\87.0.4280.88\chromedriver.exe
[INFO ] 2020-12-14 20:37:07 WebDriverManager:605 :resolveDriverVersion - message:Using chromedriver 87.0.4280.88 (resolved driver for Chrome 87)
[INFO ] 2020-12-14 20:37:07 WebDriverManager:661 :exportDriver - message:Exporting webdriver.chrome.driver as C:\Users\tom\.cache\selenium\chromedriver\win32\87.0.4280.88\chromedriver.exe
[INFO ] 2020-12-14 20:37:26 MainPage:70 :checkAllPricesArePositive - message:checkAllPricesArePositive
[INFO ] 2020-12-14 20:38:53 WebDriverManager:605 :resolveDriverVersion - message:Using chromedriver 87.0.4280.88 (resolved driver for Chrome 87)
[INFO ] 2020-12-14 20:38:53 WebDriverManager:661 :exportDriver - message:Exporting webdriver.chrome.driver as C:\Users\tom\.cache\selenium\chromedriver\win32\87.0.4280.88\chromedriver.exe
[INFO ] 2020-12-14 20:38:56 WebDriverManager:605 :resolveDriverVersion - message:Using chromedriver 87.0.4280.88 (resolved driver for Chrome 87)
[INFO ] 2020-12-14 20:38:56 WebDriverManager:661 :exportDriver - message:Exporting webdriver.chrome.driver as C:\Users\tom\.cache\selenium\chromedriver\win32\87.0.4280.88\chromedriver.exe
[INFO ] 2020-12-14 20:38:57 WebDriverManager:605 :resolveDriverVersion - message:Using chromedriver 87.0.4280.88 (resolved driver for Chrome 87)
[INFO ] 2020-12-14 20:38:57 WebDriverManager:661 :exportDriver - message:Exporting webdriver.chrome.driver as C:\Users\tom\.cache\selenium\chromedriver\win32\87.0.4280.88\chromedriver.exe
[INFO ] 2020-12-14 20:38:59 WebDriverManager:605 :resolveDriverVersion - message:Using chromedriver 87.0.4280.88 (resolved driver for Chrome 87)
[INFO ] 2020-12-14 20:38:59 WebDriverManager:661 :exportDriver - message:Exporting webdriver.chrome.driver as C:\Users\tom\.cache\selenium\chromedriver\win32\87.0.4280.88\chromedriver.exe
[INFO ] 2020-12-14 20:39:07 MainPage:70 :checkAllPricesArePositive - message:checkAllPricesArePositive
[INFO ] 2020-12-14 20:58:56 WebDriverManager:605 :resolveDriverVersion - message:Using chromedriver 87.0.4280.88 (resolved driver for Chrome 87)
[INFO ] 2020-12-14 20:58:56 WebDriverManager:661 :exportDriver - message:Exporting webdriver.chrome.driver as C:\Users\tom\.cache\selenium\chromedriver\win32\87.0.4280.88\chromedriver.exe
[ERROR] 2020-12-14 20:59:02 AllureLifecycle:609 :prepareAttachment - message:Could not add attachment: no test is running
[INFO ] 2020-12-14 21:01:35 WebDriverManager:605 :resolveDriverVersion - message:Using chromedriver 87.0.4280.88 (resolved driver for Chrome 87)
[INFO ] 2020-12-14 21:01:35 WebDriverManager:661 :exportDriver - message:Exporting webdriver.chrome.driver as C:\Users\tom\.cache\selenium\chromedriver\win32\87.0.4280.88\chromedriver.exe
[INFO ] 2020-12-14 21:04:42 WebDriverManager:605 :resolveDriverVersion - message:Using chromedriver 87.0.4280.88 (resolved driver for Chrome 87)
[INFO ] 2020-12-14 21:04:42 WebDriverManager:661 :exportDriver - message:Exporting webdriver.chrome.driver as C:\Users\tom\.cache\selenium\chromedriver\win32\87.0.4280.88\chromedriver.exe
[INFO ] 2020-12-14 21:04:54 MainPage:70 :checkAllPricesArePositive - message:checkAllPricesArePositive
[INFO ] 2020-12-14 21:05:35 WebDriverManager:605 :resolveDriverVersion - message:Using chromedriver 87.0.4280.88 (resolved driver for Chrome 87)
[INFO ] 2020-12-14 21:05:35 WebDriverManager:661 :exportDriver - message:Exporting webdriver.chrome.driver as C:\Users\tom\.cache\selenium\chromedriver\win32\87.0.4280.88\chromedriver.exe
[INFO ] 2020-12-14 21:07:36 WebDriverManager:605 :resolveDriverVersion - message:Using chromedriver 87.0.4280.88 (resolved driver for Chrome 87)
[INFO ] 2020-12-14 21:07:36 WebDriverManager:661 :exportDriver - message:Exporting webdriver.chrome.driver as C:\Users\tom\.cache\selenium\chromedriver\win32\87.0.4280.88\chromedriver.exe
[ERROR] 2020-12-14 21:07:44 AllureLifecycle:609 :prepareAttachment - message:Could not add attachment: no test is running
[INFO ] 2020-12-14 21:10:02 WebDriverManager:605 :resolveDriverVersion - message:Using chromedriver 87.0.4280.88 (resolved driver for Chrome 87)
[INFO ] 2020-12-14 21:10:02 WebDriverManager:661 :exportDriver - message:Exporting webdriver.chrome.driver as C:\Users\tom\.cache\selenium\chromedriver\win32\87.0.4280.88\chromedriver.exe
[ERROR] 2020-12-14 21:10:11 AllureLifecycle:609 :prepareAttachment - message:Could not add attachment: no test is running
[INFO ] 2020-12-14 21:11:38 WebDriverManager:605 :resolveDriverVersion - message:Using chromedriver 87.0.4280.88 (resolved driver for Chrome 87)
[INFO ] 2020-12-14 21:11:38 WebDriverManager:661 :exportDriver - message:Exporting webdriver.chrome.driver as C:\Users\tom\.cache\selenium\chromedriver\win32\87.0.4280.88\chromedriver.exe
[INFO ] 2020-12-14 21:14:01 WebDriverManager:605 :resolveDriverVersion - message:Using chromedriver 87.0.4280.88 (resolved driver for Chrome 87)
[INFO ] 2020-12-14 21:14:02 WebDriverManager:661 :exportDriver - message:Exporting webdriver.chrome.driver as C:\Users\tom\.cache\selenium\chromedriver\win32\87.0.4280.88\chromedriver.exe
[INFO ] 2020-12-14 21:15:31 WebDriverManager:605 :resolveDriverVersion - message:Using chromedriver 87.0.4280.88 (resolved driver for Chrome 87)
[INFO ] 2020-12-14 21:15:31 WebDriverManager:661 :exportDriver - message:Exporting webdriver.chrome.driver as C:\Users\tom\.cache\selenium\chromedriver\win32\87.0.4280.88\chromedriver.exe
[ERROR] 2020-12-14 21:15:57 AllureLifecycle:609 :prepareAttachment - message:Could not add attachment: no test is running
[INFO ] 2020-12-14 21:17:28 WebDriverManager:605 :resolveDriverVersion - message:Using chromedriver 87.0.4280.88 (resolved driver for Chrome 87)
[INFO ] 2020-12-14 21:17:28 WebDriverManager:661 :exportDriver - message:Exporting webdriver.chrome.driver as C:\Users\tom\.cache\selenium\chromedriver\win32\87.0.4280.88\chromedriver.exe
[INFO ] 2020-12-16 13:42:45 WebDriverManager:605 :resolveDriverVersion - message:Using chromedriver 87.0.4280.88 (resolved driver for Chrome 87)
[INFO ] 2020-12-16 13:42:45 WebDriverManager:661 :exportDriver - message:Exporting webdriver.chrome.driver as C:\Users\tom\.cache\selenium\chromedriver\win32\87.0.4280.88\chromedriver.exe
[INFO ] 2020-12-16 13:43:24 WebDriverManager:605 :resolveDriverVersion - message:Using chromedriver 87.0.4280.88 (resolved driver for Chrome 87)
[INFO ] 2020-12-16 13:43:24 WebDriverManager:661 :exportDriver - message:Exporting webdriver.chrome.driver as C:\Users\tom\.cache\selenium\chromedriver\win32\87.0.4280.88\chromedriver.exe
[INFO ] 2020-12-16 13:44:14 WebDriverManager:605 :resolveDriverVersion - message:Using chromedriver 87.0.4280.88 (resolved driver for Chrome 87)
[INFO ] 2020-12-16 13:44:14 WebDriverManager:661 :exportDriver - message:Exporting webdriver.chrome.driver as C:\Users\tom\.cache\selenium\chromedriver\win32\87.0.4280.88\chromedriver.exe
[INFO ] 2020-12-16 13:45:46 WebDriverManager:605 :resolveDriverVersion - message:Using chromedriver 87.0.4280.88 (resolved driver for Chrome 87)
[INFO ] 2020-12-16 13:45:46 WebDriverManager:661 :exportDriver - message:Exporting webdriver.chrome.driver as C:\Users\tom\.cache\selenium\chromedriver\win32\87.0.4280.88\chromedriver.exe
[INFO ] 2020-12-16 14:02:34 WebDriverManager:605 :resolveDriverVersion - message:Using chromedriver 87.0.4280.88 (resolved driver for Chrome 87)
[INFO ] 2020-12-16 14:02:34 WebDriverManager:661 :exportDriver - message:Exporting webdriver.chrome.driver as C:\Users\tom\.cache\selenium\chromedriver\win32\87.0.4280.88\chromedriver.exe
[ERROR] 2020-12-16 14:03:00 AllureLifecycle:609 :prepareAttachment - message:Could not add attachment: no test is running
[INFO ] 2020-12-16 14:03:49 WebDriverManager:605 :resolveDriverVersion - message:Using chromedriver 87.0.4280.88 (resolved driver for Chrome 87)
[INFO ] 2020-12-16 14:03:49 WebDriverManager:661 :exportDriver - message:Exporting webdriver.chrome.driver as C:\Users\tom\.cache\selenium\chromedriver\win32\87.0.4280.88\chromedriver.exe
[ERROR] 2020-12-16 14:04:44 AllureLifecycle:609 :prepareAttachment - message:Could not add attachment: no test is running
[INFO ] 2020-12-16 14:07:20 WebDriverManager:605 :resolveDriverVersion - message:Using chromedriver 87.0.4280.88 (resolved driver for Chrome 87)
[INFO ] 2020-12-16 14:07:20 WebDriverManager:661 :exportDriver - message:Exporting webdriver.chrome.driver as C:\Users\tom\.cache\selenium\chromedriver\win32\87.0.4280.88\chromedriver.exe
[ERROR] 2020-12-16 14:08:24 AllureLifecycle:609 :prepareAttachment - message:Could not add attachment: no test is running
[INFO ] 2020-12-16 14:09:40 WebDriverManager:605 :resolveDriverVersion - message:Using chromedriver 87.0.4280.88 (resolved driver for Chrome 87)
[INFO ] 2020-12-16 14:09:40 WebDriverManager:661 :exportDriver - message:Exporting webdriver.chrome.driver as C:\Users\tom\.cache\selenium\chromedriver\win32\87.0.4280.88\chromedriver.exe
[ERROR] 2020-12-16 14:10:04 AllureLifecycle:609 :prepareAttachment - message:Could not add attachment: no test is running
[INFO ] 2020-12-16 14:10:20 WebDriverManager:605 :resolveDriverVersion - message:Using chromedriver 87.0.4280.88 (resolved driver for Chrome 87)
[INFO ] 2020-12-16 14:10:20 WebDriverManager:661 :exportDriver - message:Exporting webdriver.chrome.driver as C:\Users\tom\.cache\selenium\chromedriver\win32\87.0.4280.88\chromedriver.exe
[ERROR] 2020-12-16 14:10:42 AllureLifecycle:609 :prepareAttachment - message:Could not add attachment: no test is running
[INFO ] 2020-12-16 14:11:02 WebDriverManager:605 :resolveDriverVersion - message:Using chromedriver 87.0.4280.88 (resolved driver for Chrome 87)
[INFO ] 2020-12-16 14:11:02 WebDriverManager:661 :exportDriver - message:Exporting webdriver.chrome.driver as C:\Users\tom\.cache\selenium\chromedriver\win32\87.0.4280.88\chromedriver.exe
[INFO ] 2020-12-16 14:12:04 WebDriverManager:605 :resolveDriverVersion - message:Using chromedriver 87.0.4280.88 (resolved driver for Chrome 87)
[INFO ] 2020-12-16 14:12:04 WebDriverManager:661 :exportDriver - message:Exporting webdriver.chrome.driver as C:\Users\tom\.cache\selenium\chromedriver\win32\87.0.4280.88\chromedriver.exe
[ERROR] 2020-12-16 14:12:32 AllureLifecycle:609 :prepareAttachment - message:Could not add attachment: no test is running
[INFO ] 2020-12-16 14:13:25 WebDriverManager:605 :resolveDriverVersion - message:Using chromedriver 87.0.4280.88 (resolved driver for Chrome 87)
[INFO ] 2020-12-16 14:13:25 WebDriverManager:661 :exportDriver - message:Exporting webdriver.chrome.driver as C:\Users\tom\.cache\selenium\chromedriver\win32\87.0.4280.88\chromedriver.exe
[ERROR] 2020-12-16 14:13:44 AllureLifecycle:609 :prepareAttachment - message:Could not add attachment: no test is running
[INFO ] 2020-12-16 14:16:06 WebDriverManager:605 :resolveDriverVersion - message:Using chromedriver 87.0.4280.88 (resolved driver for Chrome 87)
[INFO ] 2020-12-16 14:16:06 WebDriverManager:661 :exportDriver - message:Exporting webdriver.chrome.driver as C:\Users\tom\.cache\selenium\chromedriver\win32\87.0.4280.88\chromedriver.exe
[ERROR] 2020-12-16 14:16:32 AllureLifecycle:609 :prepareAttachment - message:Could not add attachment: no test is running
[INFO ] 2020-12-16 14:18:49 WebDriverManager:605 :resolveDriverVersion - message:Using chromedriver 87.0.4280.88 (resolved driver for Chrome 87)
[INFO ] 2020-12-16 14:18:49 WebDriverManager:661 :exportDriver - message:Exporting webdriver.chrome.driver as C:\Users\tom\.cache\selenium\chromedriver\win32\87.0.4280.88\chromedriver.exe
[ERROR] 2020-12-16 14:20:07 AllureLifecycle:609 :prepareAttachment - message:Could not add attachment: no test is running
[INFO ] 2020-12-16 14:20:24 WebDriverManager:605 :resolveDriverVersion - message:Using chromedriver 87.0.4280.88 (resolved driver for Chrome 87)
[INFO ] 2020-12-16 14:20:24 WebDriverManager:661 :exportDriver - message:Exporting webdriver.chrome.driver as C:\Users\tom\.cache\selenium\chromedriver\win32\87.0.4280.88\chromedriver.exe
[ERROR] 2020-12-16 14:20:59 AllureLifecycle:609 :prepareAttachment - message:Could not add attachment: no test is running
[INFO ] 2020-12-16 14:22:07 WebDriverManager:605 :resolveDriverVersion - message:Using chromedriver 87.0.4280.88 (resolved driver for Chrome 87)
[INFO ] 2020-12-16 14:22:07 WebDriverManager:661 :exportDriver - message:Exporting webdriver.chrome.driver as C:\Users\tom\.cache\selenium\chromedriver\win32\87.0.4280.88\chromedriver.exe
[INFO ] 2020-12-16 14:23:21 WebDriverManager:605 :resolveDriverVersion - message:Using chromedriver 87.0.4280.88 (resolved driver for Chrome 87)
[INFO ] 2020-12-16 14:23:21 WebDriverManager:661 :exportDriver - message:Exporting webdriver.chrome.driver as C:\Users\tom\.cache\selenium\chromedriver\win32\87.0.4280.88\chromedriver.exe
[INFO ] 2020-12-17 19:27:15 WebDriverManager:605 :resolveDriverVersion - message:Using chromedriver 87.0.4280.88 (resolved driver for Chrome 87)
[INFO ] 2020-12-17 19:27:15 WebDriverManager:661 :exportDriver - message:Exporting webdriver.chrome.driver as C:\Users\tom\.cache\selenium\chromedriver\win32\87.0.4280.88\chromedriver.exe
[INFO ] 2020-12-17 19:27:31 WebDriverManager:605 :resolveDriverVersion - message:Using chromedriver 87.0.4280.88 (resolved driver for Chrome 87)
[INFO ] 2020-12-17 19:27:31 WebDriverManager:661 :exportDriver - message:Exporting webdriver.chrome.driver as C:\Users\tom\.cache\selenium\chromedriver\win32\87.0.4280.88\chromedriver.exe
[INFO ] 2020-12-17 19:27:37 WebDriverManager:605 :resolveDriverVersion - message:Using chromedriver 87.0.4280.88 (resolved driver for Chrome 87)
[INFO ] 2020-12-17 19:27:37 WebDriverManager:661 :exportDriver - message:Exporting webdriver.chrome.driver as C:\Users\tom\.cache\selenium\chromedriver\win32\87.0.4280.88\chromedriver.exe
[INFO ] 2020-12-17 19:27:40 WebDriverManager:605 :resolveDriverVersion - message:Using chromedriver 87.0.4280.88 (resolved driver for Chrome 87)
[INFO ] 2020-12-17 19:27:40 WebDriverManager:661 :exportDriver - message:Exporting webdriver.chrome.driver as C:\Users\tom\.cache\selenium\chromedriver\win32\87.0.4280.88\chromedriver.exe
[INFO ] 2020-12-17 19:27:46 WebDriverManager:605 :resolveDriverVersion - message:Using chromedriver 87.0.4280.88 (resolved driver for Chrome 87)
[INFO ] 2020-12-17 19:27:46 WebDriverManager:661 :exportDriver - message:Exporting webdriver.chrome.driver as C:\Users\tom\.cache\selenium\chromedriver\win32\87.0.4280.88\chromedriver.exe
[INFO ] 2020-12-17 19:28:10 MainPage:70 :checkAllPricesArePositive - message:checkAllPricesArePositive
[INFO ] 2020-12-17 19:34:03 WebDriverManager:605 :resolveDriverVersion - message:Using chromedriver 87.0.4280.88 (resolved driver for Chrome 87)
[INFO ] 2020-12-17 19:34:03 WebDriverManager:661 :exportDriver - message:Exporting webdriver.chrome.driver as C:\Users\tom\.cache\selenium\chromedriver\win32\87.0.4280.88\chromedriver.exe
[INFO ] 2020-12-17 19:34:05 WebDriverManager:605 :resolveDriverVersion - message:Using chromedriver 87.0.4280.88 (resolved driver for Chrome 87)
[INFO ] 2020-12-17 19:34:06 WebDriverManager:661 :exportDriver - message:Exporting webdriver.chrome.driver as C:\Users\tom\.cache\selenium\chromedriver\win32\87.0.4280.88\chromedriver.exe
[INFO ] 2020-12-17 19:34:07 WebDriverManager:605 :resolveDriverVersion - message:Using chromedriver 87.0.4280.88 (resolved driver for Chrome 87)
[INFO ] 2020-12-17 19:34:07 WebDriverManager:661 :exportDriver - message:Exporting webdriver.chrome.driver as C:\Users\tom\.cache\selenium\chromedriver\win32\87.0.4280.88\chromedriver.exe
[INFO ] 2020-12-17 19:34:08 WebDriverManager:605 :resolveDriverVersion - message:Using chromedriver 87.0.4280.88 (resolved driver for Chrome 87)
[INFO ] 2020-12-17 19:34:08 WebDriverManager:661 :exportDriver - message:Exporting webdriver.chrome.driver as C:\Users\tom\.cache\selenium\chromedriver\win32\87.0.4280.88\chromedriver.exe
[INFO ] 2020-12-17 19:34:10 WebDriverManager:605 :resolveDriverVersion - message:Using chromedriver 87.0.4280.88 (resolved driver for Chrome 87)
[INFO ] 2020-12-17 19:34:10 WebDriverManager:661 :exportDriver - message:Exporting webdriver.chrome.driver as C:\Users\tom\.cache\selenium\chromedriver\win32\87.0.4280.88\chromedriver.exe
[INFO ] 2020-12-17 19:34:29 MainPage:70 :checkAllPricesArePositive - message:checkAllPricesArePositive
[INFO ] 2020-12-17 19:35:33 WebDriverManager:605 :resolveDriverVersion - message:Using chromedriver 87.0.4280.88 (resolved driver for Chrome 87)
[INFO ] 2020-12-17 19:35:33 WebDriverManager:661 :exportDriver - message:Exporting webdriver.chrome.driver as C:\Users\tom\.cache\selenium\chromedriver\win32\87.0.4280.88\chromedriver.exe
[INFO ] 2020-12-17 19:35:35 WebDriverManager:605 :resolveDriverVersion - message:Using chromedriver 87.0.4280.88 (resolved driver for Chrome 87)
[INFO ] 2020-12-17 19:35:35 WebDriverManager:661 :exportDriver - message:Exporting webdriver.chrome.driver as C:\Users\tom\.cache\selenium\chromedriver\win32\87.0.4280.88\chromedriver.exe
[INFO ] 2020-12-17 19:35:37 WebDriverManager:605 :resolveDriverVersion - message:Using chromedriver 87.0.4280.88 (resolved driver for Chrome 87)
[INFO ] 2020-12-17 19:35:37 WebDriverManager:661 :exportDriver - message:Exporting webdriver.chrome.driver as C:\Users\tom\.cache\selenium\chromedriver\win32\87.0.4280.88\chromedriver.exe
[INFO ] 2020-12-17 19:35:38 WebDriverManager:605 :resolveDriverVersion - message:Using chromedriver 87.0.4280.88 (resolved driver for Chrome 87)
[INFO ] 2020-12-17 19:35:38 WebDriverManager:661 :exportDriver - message:Exporting webdriver.chrome.driver as C:\Users\tom\.cache\selenium\chromedriver\win32\87.0.4280.88\chromedriver.exe
[INFO ] 2020-12-17 19:35:40 WebDriverManager:605 :resolveDriverVersion - message:Using chromedriver 87.0.4280.88 (resolved driver for Chrome 87)
[INFO ] 2020-12-17 19:35:40 WebDriverManager:661 :exportDriver - message:Exporting webdriver.chrome.driver as C:\Users\tom\.cache\selenium\chromedriver\win32\87.0.4280.88\chromedriver.exe
[INFO ] 2020-12-17 19:35:49 MainPage:70 :checkAllPricesArePositive - message:checkAllPricesArePositive
[INFO ] 2020-12-17 19:36:56 WebDriverManager:605 :resolveDriverVersion - message:Using chromedriver 87.0.4280.88 (resolved driver for Chrome 87)
[INFO ] 2020-12-17 19:36:56 WebDriverManager:661 :exportDriver - message:Exporting webdriver.chrome.driver as C:\Users\tom\.cache\selenium\chromedriver\win32\87.0.4280.88\chromedriver.exe
[INFO ] 2020-12-17 19:36:58 WebDriverManager:605 :resolveDriverVersion - message:Using chromedriver 87.0.4280.88 (resolved driver for Chrome 87)
[INFO ] 2020-12-17 19:36:58 WebDriverManager:661 :exportDriver - message:Exporting webdriver.chrome.driver as C:\Users\tom\.cache\selenium\chromedriver\win32\87.0.4280.88\chromedriver.exe
[INFO ] 2020-12-17 19:36:59 WebDriverManager:605 :resolveDriverVersion - message:Using chromedriver 87.0.4280.88 (resolved driver for Chrome 87)
[INFO ] 2020-12-17 19:36:59 WebDriverManager:661 :exportDriver - message:Exporting webdriver.chrome.driver as C:\Users\tom\.cache\selenium\chromedriver\win32\87.0.4280.88\chromedriver.exe
[INFO ] 2020-12-17 19:37:01 WebDriverManager:605 :resolveDriverVersion - message:Using chromedriver 87.0.4280.88 (resolved driver for Chrome 87)
[INFO ] 2020-12-17 19:37:01 WebDriverManager:661 :exportDriver - message:Exporting webdriver.chrome.driver as C:\Users\tom\.cache\selenium\chromedriver\win32\87.0.4280.88\chromedriver.exe
[INFO ] 2020-12-17 19:37:02 WebDriverManager:605 :resolveDriverVersion - message:Using chromedriver 87.0.4280.88 (resolved driver for Chrome 87)
[INFO ] 2020-12-17 19:37:02 WebDriverManager:661 :exportDriver - message:Exporting webdriver.chrome.driver as C:\Users\tom\.cache\selenium\chromedriver\win32\87.0.4280.88\chromedriver.exe
[INFO ] 2020-12-17 19:37:20 MainPage:70 :checkAllPricesArePositive - message:checkAllPricesArePositive
[INFO ] 2020-12-17 19:43:31 WebDriverManager:605 :resolveDriverVersion - message:Using chromedriver 87.0.4280.88 (resolved driver for Chrome 87)
[INFO ] 2020-12-17 19:43:31 WebDriverManager:661 :exportDriver - message:Exporting webdriver.chrome.driver as C:\Users\tom\.cache\selenium\chromedriver\win32\87.0.4280.88\chromedriver.exe
[INFO ] 2020-12-17 19:43:34 WebDriverManager:605 :resolveDriverVersion - message:Using chromedriver 87.0.4280.88 (resolved driver for Chrome 87)
[INFO ] 2020-12-17 19:43:34 WebDriverManager:661 :exportDriver - message:Exporting webdriver.chrome.driver as C:\Users\tom\.cache\selenium\chromedriver\win32\87.0.4280.88\chromedriver.exe
[INFO ] 2020-12-17 19:43:35 WebDriverManager:605 :resolveDriverVersion - message:Using chromedriver 87.0.4280.88 (resolved driver for Chrome 87)
[INFO ] 2020-12-17 19:43:35 WebDriverManager:661 :exportDriver - message:Exporting webdriver.chrome.driver as C:\Users\tom\.cache\selenium\chromedriver\win32\87.0.4280.88\chromedriver.exe
[INFO ] 2020-12-17 19:43:36 WebDriverManager:605 :resolveDriverVersion - message:Using chromedriver 87.0.4280.88 (resolved driver for Chrome 87)
[INFO ] 2020-12-17 19:43:36 WebDriverManager:661 :exportDriver - message:Exporting webdriver.chrome.driver as C:\Users\tom\.cache\selenium\chromedriver\win32\87.0.4280.88\chromedriver.exe
[INFO ] 2020-12-17 19:43:37 WebDriverManager:605 :resolveDriverVersion - message:Using chromedriver 87.0.4280.88 (resolved driver for Chrome 87)
[INFO ] 2020-12-17 19:43:37 WebDriverManager:661 :exportDriver - message:Exporting webdriver.chrome.driver as C:\Users\tom\.cache\selenium\chromedriver\win32\87.0.4280.88\chromedriver.exe
[INFO ] 2020-12-17 19:43:54 MainPage:70 :checkAllPricesArePositive - message:checkAllPricesArePositive
[INFO ] 2020-12-17 19:44:35 WebDriverManager:605 :resolveDriverVersion - message:Using chromedriver 87.0.4280.88 (resolved driver for Chrome 87)
[INFO ] 2020-12-17 19:44:35 WebDriverManager:661 :exportDriver - message:Exporting webdriver.chrome.driver as C:\Users\tom\.cache\selenium\chromedriver\win32\87.0.4280.88\chromedriver.exe
[INFO ] 2020-12-17 19:44:37 WebDriverManager:605 :resolveDriverVersion - message:Using chromedriver 87.0.4280.88 (resolved driver for Chrome 87)
[INFO ] 2020-12-17 19:44:37 WebDriverManager:661 :exportDriver - message:Exporting webdriver.chrome.driver as C:\Users\tom\.cache\selenium\chromedriver\win32\87.0.4280.88\chromedriver.exe
[INFO ] 2020-12-17 19:44:38 WebDriverManager:605 :resolveDriverVersion - message:Using chromedriver 87.0.4280.88 (resolved driver for Chrome 87)
[INFO ] 2020-12-17 19:44:38 WebDriverManager:661 :exportDriver - message:Exporting webdriver.chrome.driver as C:\Users\tom\.cache\selenium\chromedriver\win32\87.0.4280.88\chromedriver.exe
[INFO ] 2020-12-17 19:44:40 WebDriverManager:605 :resolveDriverVersion - message:Using chromedriver 87.0.4280.88 (resolved driver for Chrome 87)
[INFO ] 2020-12-17 19:44:40 WebDriverManager:661 :exportDriver - message:Exporting webdriver.chrome.driver as C:\Users\tom\.cache\selenium\chromedriver\win32\87.0.4280.88\chromedriver.exe
[INFO ] 2020-12-17 19:44:43 WebDriverManager:605 :resolveDriverVersion - message:Using chromedriver 87.0.4280.88 (resolved driver for Chrome 87)
[INFO ] 2020-12-17 19:44:43 WebDriverManager:661 :exportDriver - message:Exporting webdriver.chrome.driver as C:\Users\tom\.cache\selenium\chromedriver\win32\87.0.4280.88\chromedriver.exe
[INFO ] 2020-12-17 19:44:51 MainPage:70 :checkAllPricesArePositive - message:checkAllPricesArePositive
[INFO ] 2020-12-17 19:48:49 WebDriverManager:605 :resolveDriverVersion - message:Using chromedriver 87.0.4280.88 (resolved driver for Chrome 87)
[INFO ] 2020-12-17 19:48:49 WebDriverManager:661 :exportDriver - message:Exporting webdriver.chrome.driver as C:\Users\tom\.cache\selenium\chromedriver\win32\87.0.4280.88\chromedriver.exe
[INFO ] 2020-12-17 19:48:51 WebDriverManager:605 :resolveDriverVersion - message:Using chromedriver 87.0.4280.88 (resolved driver for Chrome 87)
[INFO ] 2020-12-17 19:48:51 WebDriverManager:661 :exportDriver - message:Exporting webdriver.chrome.driver as C:\Users\tom\.cache\selenium\chromedriver\win32\87.0.4280.88\chromedriver.exe
[INFO ] 2020-12-17 19:48:52 WebDriverManager:605 :resolveDriverVersion - message:Using chromedriver 87.0.4280.88 (resolved driver for Chrome 87)
[INFO ] 2020-12-17 19:48:52 WebDriverManager:661 :exportDriver - message:Exporting webdriver.chrome.driver as C:\Users\tom\.cache\selenium\chromedriver\win32\87.0.4280.88\chromedriver.exe
[INFO ] 2020-12-17 19:48:53 WebDriverManager:605 :resolveDriverVersion - message:Using chromedriver 87.0.4280.88 (resolved driver for Chrome 87)
[INFO ] 2020-12-17 19:48:53 WebDriverManager:661 :exportDriver - message:Exporting webdriver.chrome.driver as C:\Users\tom\.cache\selenium\chromedriver\win32\87.0.4280.88\chromedriver.exe
[INFO ] 2020-12-17 19:48:55 WebDriverManager:605 :resolveDriverVersion - message:Using chromedriver 87.0.4280.88 (resolved driver for Chrome 87)
[INFO ] 2020-12-17 19:48:55 WebDriverManager:661 :exportDriver - message:Exporting webdriver.chrome.driver as C:\Users\tom\.cache\selenium\chromedriver\win32\87.0.4280.88\chromedriver.exe
[INFO ] 2020-12-17 19:49:13 MainPage:70 :checkAllPricesArePositive - message:checkAllPricesArePositive
[INFO ] 2020-12-17 20:34:33 WebDriverManager:921 :logSeekRepo - message:Reading https://api.github.com/repos/mozilla/geckodriver/releases to seek geckodriver
[INFO ] 2020-12-17 20:34:34 Downloader:124 :downloadAndExtract - message:Downloading https://github.com/mozilla/geckodriver/releases/download/v0.28.0/geckodriver-v0.28.0-win64.zip
[INFO ] 2020-12-17 20:34:38 Downloader:178 :extract - message:Extracting driver from compressed file geckodriver-v0.28.0-win64.zip
[INFO ] 2020-12-17 20:34:38 WebDriverManager:661 :exportDriver - message:Exporting webdriver.gecko.driver as C:\Users\tom\.cache\selenium\geckodriver\win64\0.28.0\geckodriver.exe
[INFO ] 2020-12-17 20:34:46 WebDriverManager:921 :logSeekRepo - message:Reading https://api.github.com/repos/mozilla/geckodriver/releases to seek geckodriver
[INFO ] 2020-12-17 20:34:46 WebDriverManager:661 :exportDriver - message:Exporting webdriver.gecko.driver as C:\Users\tom\.cache\selenium\geckodriver\win64\0.28.0\geckodriver.exe
[INFO ] 2020-12-17 20:34:57 WebDriverManager:921 :logSeekRepo - message:Reading https://api.github.com/repos/mozilla/geckodriver/releases to seek geckodriver
[INFO ] 2020-12-17 20:34:57 WebDriverManager:661 :exportDriver - message:Exporting webdriver.gecko.driver as C:\Users\tom\.cache\selenium\geckodriver\win64\0.28.0\geckodriver.exe
[INFO ] 2020-12-17 20:35:10 WebDriverManager:921 :logSeekRepo - message:Reading https://api.github.com/repos/mozilla/geckodriver/releases to seek geckodriver
[INFO ] 2020-12-17 20:35:10 WebDriverManager:661 :exportDriver - message:Exporting webdriver.gecko.driver as C:\Users\tom\.cache\selenium\geckodriver\win64\0.28.0\geckodriver.exe
[INFO ] 2020-12-17 20:35:16 WebDriverManager:921 :logSeekRepo - message:Reading https://api.github.com/repos/mozilla/geckodriver/releases to seek geckodriver
[INFO ] 2020-12-17 20:35:16 WebDriverManager:661 :exportDriver - message:Exporting webdriver.gecko.driver as C:\Users\tom\.cache\selenium\geckodriver\win64\0.28.0\geckodriver.exe
[INFO ] 2020-12-17 20:37:15 WebDriverManager:921 :logSeekRepo - message:Reading https://api.github.com/repos/mozilla/geckodriver/releases to seek geckodriver
[INFO ] 2020-12-17 20:37:16 WebDriverManager:661 :exportDriver - message:Exporting webdriver.gecko.driver as C:\Users\tom\.cache\selenium\geckodriver\win64\0.28.0\geckodriver.exe
[INFO ] 2020-12-17 20:37:20 WebDriverManager:921 :logSeekRepo - message:Reading https://api.github.com/repos/mozilla/geckodriver/releases to seek geckodriver
[INFO ] 2020-12-17 20:37:21 WebDriverManager:661 :exportDriver - message:Exporting webdriver.gecko.driver as C:\Users\tom\.cache\selenium\geckodriver\win64\0.28.0\geckodriver.exe
[INFO ] 2020-12-17 20:37:25 WebDriverManager:921 :logSeekRepo - message:Reading https://api.github.com/repos/mozilla/geckodriver/releases to seek geckodriver
[INFO ] 2020-12-17 20:37:25 WebDriverManager:661 :exportDriver - message:Exporting webdriver.gecko.driver as C:\Users\tom\.cache\selenium\geckodriver\win64\0.28.0\geckodriver.exe
[INFO ] 2020-12-17 20:37:31 WebDriverManager:921 :logSeekRepo - message:Reading https://api.github.com/repos/mozilla/geckodriver/releases to seek geckodriver
[INFO ] 2020-12-17 20:37:31 WebDriverManager:661 :exportDriver - message:Exporting webdriver.gecko.driver as C:\Users\tom\.cache\selenium\geckodriver\win64\0.28.0\geckodriver.exe
[INFO ] 2020-12-17 20:37:38 WebDriverManager:921 :logSeekRepo - message:Reading https://api.github.com/repos/mozilla/geckodriver/releases to seek geckodriver
[INFO ] 2020-12-17 20:37:38 WebDriverManager:661 :exportDriver - message:Exporting webdriver.gecko.driver as C:\Users\tom\.cache\selenium\geckodriver\win64\0.28.0\geckodriver.exe
[INFO ] 2020-12-17 20:37:43 MainPage:70 :checkAllPricesArePositive - message:checkAllPricesArePositive
[INFO ] 2020-12-19 22:44:52 WebDriverManager:605 :resolveDriverVersion - message:Using chromedriver 87.0.4280.88 (resolved driver for Chrome 87)
[INFO ] 2020-12-19 22:44:52 WebDriverManager:661 :exportDriver - message:Exporting webdriver.chrome.driver as C:\Users\tom\.cache\selenium\chromedriver\win32\87.0.4280.88\chromedriver.exe
[INFO ] 2020-12-19 22:45:11 MainPage:68 :checkAllPricesArePositive - message:checkAllPricesArePositive
[INFO ] 2020-12-19 22:47:26 WebDriverManager:605 :resolveDriverVersion - message:Using chromedriver 87.0.4280.88 (resolved driver for Chrome 87)
[INFO ] 2020-12-19 22:47:26 WebDriverManager:661 :exportDriver - message:Exporting webdriver.chrome.driver as C:\Users\tom\.cache\selenium\chromedriver\win32\87.0.4280.88\chromedriver.exe
[INFO ] 2020-12-20 13:37:52 WebDriverManager:921 :logSeekRepo - message:Reading https://api.github.com/repos/mozilla/geckodriver/releases to seek geckodriver
[INFO ] 2020-12-20 13:37:52 WebDriverManager:661 :exportDriver - message:Exporting webdriver.gecko.driver as C:\Users\tom\.cache\selenium\geckodriver\win64\0.28.0\geckodriver.exe
[INFO ] 2020-12-20 13:38:14 WebDriverManager:921 :logSeekRepo - message:Reading https://api.github.com/repos/mozilla/geckodriver/releases to seek geckodriver
[INFO ] 2020-12-20 13:38:14 WebDriverManager:661 :exportDriver - message:Exporting webdriver.gecko.driver as C:\Users\tom\.cache\selenium\geckodriver\win64\0.28.0\geckodriver.exe
[INFO ] 2020-12-20 13:38:20 WebDriverManager:921 :logSeekRepo - message:Reading https://api.github.com/repos/mozilla/geckodriver/releases to seek geckodriver
[INFO ] 2020-12-20 13:38:21 WebDriverManager:661 :exportDriver - message:Exporting webdriver.gecko.driver as C:\Users\tom\.cache\selenium\geckodriver\win64\0.28.0\geckodriver.exe
[INFO ] 2020-12-20 13:38:28 MainPage:68 :checkAllPricesArePositive - message:checkAllPricesArePositive
[INFO ] 2020-12-20 13:38:30 WebDriverManager:921 :logSeekRepo - message:Reading https://api.github.com/repos/mozilla/geckodriver/releases to seek geckodriver
[INFO ] 2020-12-20 13:38:31 WebDriverManager:661 :exportDriver - message:Exporting webdriver.gecko.driver as C:\Users\tom\.cache\selenium\geckodriver\win64\0.28.0\geckodriver.exe
[INFO ] 2020-12-20 13:38:36 WebDriverManager:921 :logSeekRepo - message:Reading https://api.github.com/repos/mozilla/geckodriver/releases to seek geckodriver
[INFO ] 2020-12-20 13:38:36 WebDriverManager:661 :exportDriver - message:Exporting webdriver.gecko.driver as C:\Users\tom\.cache\selenium\geckodriver\win64\0.28.0\geckodriver.exe
[INFO ] 2020-12-20 13:40:12 WebDriverManager:605 :resolveDriverVersion - message:Using chromedriver 87.0.4280.88 (resolved driver for Chrome 87)
[INFO ] 2020-12-20 13:40:12 WebDriverManager:661 :exportDriver - message:Exporting webdriver.chrome.driver as C:\Users\tom\.cache\selenium\chromedriver\win32\87.0.4280.88\chromedriver.exe
[INFO ] 2020-12-20 13:40:19 WebDriverManager:605 :resolveDriverVersion - message:Using chromedriver 87.0.4280.88 (resolved driver for Chrome 87)
[INFO ] 2020-12-20 13:40:19 WebDriverManager:661 :exportDriver - message:Exporting webdriver.chrome.driver as C:\Users\tom\.cache\selenium\chromedriver\win32\87.0.4280.88\chromedriver.exe
[INFO ] 2020-12-20 13:40:22 WebDriverManager:605 :resolveDriverVersion - message:Using chromedriver 87.0.4280.88 (resolved driver for Chrome 87)
[INFO ] 2020-12-20 13:40:22 WebDriverManager:661 :exportDriver - message:Exporting webdriver.chrome.driver as C:\Users\tom\.cache\selenium\chromedriver\win32\87.0.4280.88\chromedriver.exe
[INFO ] 2020-12-20 13:40:23 WebDriverManager:605 :resolveDriverVersion - message:Using chromedriver 87.0.4280.88 (resolved driver for Chrome 87)
[INFO ] 2020-12-20 13:40:23 WebDriverManager:661 :exportDriver - message:Exporting webdriver.chrome.driver as C:\Users\tom\.cache\selenium\chromedriver\win32\87.0.4280.88\chromedriver.exe
[INFO ] 2020-12-20 13:40:24 WebDriverManager:605 :resolveDriverVersion - message:Using chromedriver 87.0.4280.88 (resolved driver for Chrome 87)
[INFO ] 2020-12-20 13:40:24 WebDriverManager:661 :exportDriver - message:Exporting webdriver.chrome.driver as C:\Users\tom\.cache\selenium\chromedriver\win32\87.0.4280.88\chromedriver.exe
[INFO ] 2020-12-20 13:42:43 WebDriverManager:605 :resolveDriverVersion - message:Using chromedriver 87.0.4280.88 (resolved driver for Chrome 87)
[INFO ] 2020-12-20 13:42:43 WebDriverManager:661 :exportDriver - message:Exporting webdriver.chrome.driver as C:\Users\tom\.cache\selenium\chromedriver\win32\87.0.4280.88\chromedriver.exe
[INFO ] 2020-12-20 13:47:13 WebDriverManager:605 :resolveDriverVersion - message:Using chromedriver 87.0.4280.88 (resolved driver for Chrome 87)
[INFO ] 2020-12-20 13:47:13 WebDriverManager:661 :exportDriver - message:Exporting webdriver.chrome.driver as C:\Users\tom\.cache\selenium\chromedriver\win32\87.0.4280.88\chromedriver.exe
[INFO ] 2020-12-20 13:48:51 WebDriverManager:605 :resolveDriverVersion - message:Using chromedriver 87.0.4280.88 (resolved driver for Chrome 87)
[INFO ] 2020-12-20 13:48:51 WebDriverManager:661 :exportDriver - message:Exporting webdriver.chrome.driver as C:\Users\tom\.cache\selenium\chromedriver\win32\87.0.4280.88\chromedriver.exe
[INFO ] 2020-12-20 13:49:02 MainPage:68 :checkAllPricesArePositive - message:checkAllPricesArePositive
[INFO ] 2020-12-20 13:49:14 WebDriverManager:605 :resolveDriverVersion - message:Using chromedriver 87.0.4280.88 (resolved driver for Chrome 87)
[INFO ] 2020-12-20 13:49:14 WebDriverManager:661 :exportDriver - message:Exporting webdriver.chrome.driver as C:\Users\tom\.cache\selenium\chromedriver\win32\87.0.4280.88\chromedriver.exe
[INFO ] 2020-12-20 13:49:43 WebDriverManager:605 :resolveDriverVersion - message:Using chromedriver 87.0.4280.88 (resolved driver for Chrome 87)
[INFO ] 2020-12-20 13:49:43 WebDriverManager:661 :exportDriver - message:Exporting webdriver.chrome.driver as C:\Users\tom\.cache\selenium\chromedriver\win32\87.0.4280.88\chromedriver.exe
[INFO ] 2020-12-20 13:59:57 WebDriverManager:605 :resolveDriverVersion - message:Using chromedriver 87.0.4280.88 (resolved driver for Chrome 87)
[INFO ] 2020-12-20 13:59:57 WebDriverManager:661 :exportDriver - message:Exporting webdriver.chrome.driver as C:\Users\tom\.cache\selenium\chromedriver\win32\87.0.4280.88\chromedriver.exe
[ERROR] 2020-12-20 14:00:13 AllureLifecycle:609 :prepareAttachment - message:Could not add attachment: no test is running
[INFO ] 2020-12-20 14:00:34 WebDriverManager:605 :resolveDriverVersion - message:Using chromedriver 87.0.4280.88 (resolved driver for Chrome 87)
[INFO ] 2020-12-20 14:00:34 WebDriverManager:661 :exportDriver - message:Exporting webdriver.chrome.driver as C:\Users\tom\.cache\selenium\chromedriver\win32\87.0.4280.88\chromedriver.exe
[INFO ] 2020-12-20 14:01:38 WebDriverManager:605 :resolveDriverVersion - message:Using chromedriver 87.0.4280.88 (resolved driver for Chrome 87)
[INFO ] 2020-12-20 14:01:38 WebDriverManager:661 :exportDriver - message:Exporting webdriver.chrome.driver as C:\Users\tom\.cache\selenium\chromedriver\win32\87.0.4280.88\chromedriver.exe
[INFO ] 2020-12-20 14:02:00 WebDriverManager:605 :resolveDriverVersion - message:Using chromedriver 87.0.4280.88 (resolved driver for Chrome 87)
[INFO ] 2020-12-20 14:02:00 WebDriverManager:661 :exportDriver - message:Exporting webdriver.chrome.driver as C:\Users\tom\.cache\selenium\chromedriver\win32\87.0.4280.88\chromedriver.exe
[INFO ] 2020-12-20 14:02:45 WebDriverManager:605 :resolveDriverVersion - message:Using chromedriver 87.0.4280.88 (resolved driver for Chrome 87)
[INFO ] 2020-12-20 14:02:45 WebDriverManager:661 :exportDriver - message:Exporting webdriver.chrome.driver as C:\Users\tom\.cache\selenium\chromedriver\win32\87.0.4280.88\chromedriver.exe
[INFO ] 2020-12-20 14:07:24 WebDriverManager:605 :resolveDriverVersion - message:Using chromedriver 87.0.4280.88 (resolved driver for Chrome 87)
[INFO ] 2020-12-20 14:07:24 WebDriverManager:661 :exportDriver - message:Exporting webdriver.chrome.driver as C:\Users\tom\.cache\selenium\chromedriver\win32\87.0.4280.88\chromedriver.exe
[INFO ] 2020-12-20 14:07:32 MainPage:68 :checkAllPricesArePositive - message:checkAllPricesArePositive
[INFO ] 2020-12-20 14:11:53 WebDriverManager:605 :resolveDriverVersion - message:Using chromedriver 87.0.4280.88 (resolved driver for Chrome 87)
[INFO ] 2020-12-20 14:11:53 WebDriverManager:661 :exportDriver - message:Exporting webdriver.chrome.driver as C:\Users\tom\.cache\selenium\chromedriver\win32\87.0.4280.88\chromedriver.exe
[INFO ] 2020-12-20 14:12:01 MainPage:68 :checkEachProductHaveName - message:checkEachProductHaveName
[INFO ] 2020-12-20 14:12:01 MainPage:81 :checkAllPricesArePositive - message:checkAllPricesArePositive
[INFO ] 2020-12-20 14:12:35 WebDriverManager:605 :resolveDriverVersion - message:Using chromedriver 87.0.4280.88 (resolved driver for Chrome 87)
[INFO ] 2020-12-20 14:12:35 WebDriverManager:661 :exportDriver - message:Exporting webdriver.chrome.driver as C:\Users\tom\.cache\selenium\chromedriver\win32\87.0.4280.88\chromedriver.exe
[INFO ] 2020-12-20 14:13:17 MainPage:68 :checkEachProductHaveName - message:checkEachProductHaveName
[INFO ] 2020-12-20 14:13:17 MainPage:82 :checkAllPricesArePositive - message:checkAllPricesArePositive
[INFO ] 2020-12-20 14:15:58 WebDriverManager:605 :resolveDriverVersion - message:Using chromedriver 87.0.4280.88 (resolved driver for Chrome 87)
[INFO ] 2020-12-20 14:15:58 WebDriverManager:661 :exportDriver - message:Exporting webdriver.chrome.driver as C:\Users\tom\.cache\selenium\chromedriver\win32\87.0.4280.88\chromedriver.exe
[INFO ] 2020-12-20 14:31:30 WebDriverManager:605 :resolveDriverVersion - message:Using chromedriver 87.0.4280.88 (resolved driver for Chrome 87)
[INFO ] 2020-12-20 14:31:30 WebDriverManager:661 :exportDriver - message:Exporting webdriver.chrome.driver as C:\Users\tom\.cache\selenium\chromedriver\win32\87.0.4280.88\chromedriver.exe
[ERROR] 2020-12-20 14:31:51 AllureLifecycle:609 :prepareAttachment - message:Could not add attachment: no test is running
[INFO ] 2020-12-20 14:35:07 WebDriverManager:605 :resolveDriverVersion - message:Using chromedriver 87.0.4280.88 (resolved driver for Chrome 87)
[INFO ] 2020-12-20 14:35:07 WebDriverManager:661 :exportDriver - message:Exporting webdriver.chrome.driver as C:\Users\tom\.cache\selenium\chromedriver\win32\87.0.4280.88\chromedriver.exe
[ERROR] 2020-12-20 14:35:27 AllureLifecycle:609 :prepareAttachment - message:Could not add attachment: no test is running
[INFO ] 2020-12-20 14:36:36 WebDriverManager:605 :resolveDriverVersion - message:Using chromedriver 87.0.4280.88 (resolved driver for Chrome 87)
[INFO ] 2020-12-20 14:36:36 WebDriverManager:661 :exportDriver - message:Exporting webdriver.chrome.driver as C:\Users\tom\.cache\selenium\chromedriver\win32\87.0.4280.88\chromedriver.exe
[INFO ] 2020-12-20 14:36:53 MainPage:64 :checkEachProductHaveName - message:checkEachProductHaveName
[INFO ] 2020-12-20 14:36:53 MainPage:78 :checkAllPricesArePositive - message:checkAllPricesArePositive
[INFO ] 2020-12-20 15:50:21 WebDriverManager:605 :resolveDriverVersion - message:Using chromedriver 87.0.4280.88 (resolved driver for Chrome 87)
[INFO ] 2020-12-20 15:50:21 WebDriverManager:661 :exportDriver - message:Exporting webdriver.chrome.driver as C:\Users\tom\.cache\selenium\chromedriver\win32\87.0.4280.88\chromedriver.exe
[INFO ] 2020-12-20 15:50:43 MainPage:64 :checkEachProductHaveName - message:checkEachProductHaveName
[INFO ] 2020-12-20 15:50:43 MainPage:79 :checkAllPricesArePositive - message:checkAllPricesArePositive
[INFO ] 2020-12-20 15:53:06 WebDriverManager:605 :resolveDriverVersion - message:Using chromedriver 87.0.4280.88 (resolved driver for Chrome 87)
[INFO ] 2020-12-20 15:53:06 WebDriverManager:661 :exportDriver - message:Exporting webdriver.chrome.driver as C:\Users\tom\.cache\selenium\chromedriver\win32\87.0.4280.88\chromedriver.exe
[INFO ] 2020-12-20 15:53:22 MainPage:64 :checkEachProductHaveName - message:checkEachProductHaveName
[INFO ] 2020-12-20 15:53:23 MainPage:78 :checkAllPricesArePositive - message:checkAllPricesArePositive
[INFO ] 2020-12-20 15:53:40 WebDriverManager:605 :resolveDriverVersion - message:Using chromedriver 87.0.4280.88 (resolved driver for Chrome 87)
[INFO ] 2020-12-20 15:53:40 WebDriverManager:661 :exportDriver - message:Exporting webdriver.chrome.driver as C:\Users\tom\.cache\selenium\chromedriver\win32\87.0.4280.88\chromedriver.exe
[INFO ] 2020-12-20 15:56:51 WebDriverManager:605 :resolveDriverVersion - message:Using chromedriver 87.0.4280.88 (resolved driver for Chrome 87)
[INFO ] 2020-12-20 15:56:51 WebDriverManager:661 :exportDriver - message:Exporting webdriver.chrome.driver as C:\Users\tom\.cache\selenium\chromedriver\win32\87.0.4280.88\chromedriver.exe
[INFO ] 2020-12-20 15:58:24 WebDriverManager:605 :resolveDriverVersion - message:Using chromedriver 87.0.4280.88 (resolved driver for Chrome 87)
[INFO ] 2020-12-20 15:58:24 WebDriverManager:661 :exportDriver - message:Exporting webdriver.chrome.driver as C:\Users\tom\.cache\selenium\chromedriver\win32\87.0.4280.88\chromedriver.exe
[ERROR] 2020-12-20 15:58:49 AllureLifecycle:609 :prepareAttachment - message:Could not add attachment: no test is running
[INFO ] 2020-12-20 15:59:05 WebDriverManager:605 :resolveDriverVersion - message:Using chromedriver 87.0.4280.88 (resolved driver for Chrome 87)
[INFO ] 2020-12-20 15:59:05 WebDriverManager:661 :exportDriver - message:Exporting webdriver.chrome.driver as C:\Users\tom\.cache\selenium\chromedriver\win32\87.0.4280.88\chromedriver.exe
[ERROR] 2020-12-20 15:59:17 AllureLifecycle:609 :prepareAttachment - message:Could not add attachment: no test is running
[INFO ] 2020-12-20 16:00:02 WebDriverManager:605 :resolveDriverVersion - message:Using chromedriver 87.0.4280.88 (resolved driver for Chrome 87)
[INFO ] 2020-12-20 16:00:02 WebDriverManager:661 :exportDriver - message:Exporting webdriver.chrome.driver as C:\Users\tom\.cache\selenium\chromedriver\win32\87.0.4280.88\chromedriver.exe
[INFO ] 2020-12-20 16:00:14 MainPage:64 :checkEachProductHaveName - message:checkEachProductHaveName
[INFO ] 2020-12-20 16:00:15 MainPage:78 :checkAllPricesArePositive - message:checkAllPricesArePositive
[INFO ] 2020-12-20 17:16:53 WebDriverManager:605 :resolveDriverVersion - message:Using chromedriver 87.0.4280.88 (resolved driver for Chrome 87)
[INFO ] 2020-12-20 17:16:53 WebDriverManager:661 :exportDriver - message:Exporting webdriver.chrome.driver as C:\Users\tom\.cache\selenium\chromedriver\win32\87.0.4280.88\chromedriver.exe
[INFO ] 2020-12-20 17:18:54 WebDriverManager:605 :resolveDriverVersion - message:Using chromedriver 87.0.4280.88 (resolved driver for Chrome 87)
[INFO ] 2020-12-20 17:18:54 WebDriverManager:661 :exportDriver - message:Exporting webdriver.chrome.driver as C:\Users\tom\.cache\selenium\chromedriver\win32\87.0.4280.88\chromedriver.exe
[INFO ] 2020-12-20 17:19:34 WebDriverManager:605 :resolveDriverVersion - message:Using chromedriver 87.0.4280.88 (resolved driver for Chrome 87)
[INFO ] 2020-12-20 17:19:34 WebDriverManager:661 :exportDriver - message:Exporting webdriver.chrome.driver as C:\Users\tom\.cache\selenium\chromedriver\win32\87.0.4280.88\chromedriver.exe
[INFO ] 2020-12-20 17:29:16 WebDriverManager:605 :resolveDriverVersion - message:Using chromedriver 87.0.4280.88 (resolved driver for Chrome 87)
[INFO ] 2020-12-20 17:29:16 WebDriverManager:661 :exportDriver - message:Exporting webdriver.chrome.driver as C:\Users\tom\.cache\selenium\chromedriver\win32\87.0.4280.88\chromedriver.exe
[INFO ] 2020-12-20 17:42:03 WebDriverManager:605 :resolveDriverVersion - message:Using chromedriver 87.0.4280.88 (resolved driver for Chrome 87)
[INFO ] 2020-12-20 17:42:03 WebDriverManager:661 :exportDriver - message:Exporting webdriver.chrome.driver as C:\Users\tom\.cache\selenium\chromedriver\win32\87.0.4280.88\chromedriver.exe
[INFO ] 2020-12-20 17:42:58 WebDriverManager:605 :resolveDriverVersion - message:Using chromedriver 87.0.4280.88 (resolved driver for Chrome 87)
[INFO ] 2020-12-20 17:42:58 WebDriverManager:661 :exportDriver - message:Exporting webdriver.chrome.driver as C:\Users\tom\.cache\selenium\chromedriver\win32\87.0.4280.88\chromedriver.exe
[INFO ] 2020-12-20 17:46:13 WebDriverManager:605 :resolveDriverVersion - message:Using chromedriver 87.0.4280.88 (resolved driver for Chrome 87)
[INFO ] 2020-12-20 17:46:13 WebDriverManager:661 :exportDriver - message:Exporting webdriver.chrome.driver as C:\Users\tom\.cache\selenium\chromedriver\win32\87.0.4280.88\chromedriver.exe
[INFO ] 2020-12-20 17:47:34 WebDriverManager:605 :resolveDriverVersion - message:Using chromedriver 87.0.4280.88 (resolved driver for Chrome 87)
[INFO ] 2020-12-20 17:47:34 WebDriverManager:661 :exportDriver - message:Exporting webdriver.chrome.driver as C:\Users\tom\.cache\selenium\chromedriver\win32\87.0.4280.88\chromedriver.exe
[INFO ] 2020-12-20 17:50:06 WebDriverManager:605 :resolveDriverVersion - message:Using chromedriver 87.0.4280.88 (resolved driver for Chrome 87)
[INFO ] 2020-12-20 17:50:06 WebDriverManager:661 :exportDriver - message:Exporting webdriver.chrome.driver as C:\Users\tom\.cache\selenium\chromedriver\win32\87.0.4280.88\chromedriver.exe
[INFO ] 2020-12-20 17:50:56 WebDriverManager:605 :resolveDriverVersion - message:Using chromedriver 87.0.4280.88 (resolved driver for Chrome 87)
[INFO ] 2020-12-20 17:50:56 WebDriverManager:661 :exportDriver - message:Exporting webdriver.chrome.driver as C:\Users\tom\.cache\selenium\chromedriver\win32\87.0.4280.88\chromedriver.exe
[INFO ] 2020-12-20 17:51:00 WebDriverManager:605 :resolveDriverVersion - message:Using chromedriver 87.0.4280.88 (resolved driver for Chrome 87)
[INFO ] 2020-12-20 17:51:00 WebDriverManager:661 :exportDriver - message:Exporting webdriver.chrome.driver as C:\Users\tom\.cache\selenium\chromedriver\win32\87.0.4280.88\chromedriver.exe
[INFO ] 2020-12-20 17:51:01 WebDriverManager:605 :resolveDriverVersion - message:Using chromedriver 87.0.4280.88 (resolved driver for Chrome 87)
[INFO ] 2020-12-20 17:51:01 WebDriverManager:661 :exportDriver - message:Exporting webdriver.chrome.driver as C:\Users\tom\.cache\selenium\chromedriver\win32\87.0.4280.88\chromedriver.exe
[INFO ] 2020-12-20 17:51:10 WebDriverManager:605 :resolveDriverVersion - message:Using chromedriver 87.0.4280.88 (resolved driver for Chrome 87)
[INFO ] 2020-12-20 17:51:10 WebDriverManager:661 :exportDriver - message:Exporting webdriver.chrome.driver as C:\Users\tom\.cache\selenium\chromedriver\win32\87.0.4280.88\chromedriver.exe
[INFO ] 2020-12-20 17:51:16 WebDriverManager:605 :resolveDriverVersion - message:Using chromedriver 87.0.4280.88 (resolved driver for Chrome 87)
[INFO ] 2020-12-20 17:51:16 WebDriverManager:661 :exportDriver - message:Exporting webdriver.chrome.driver as C:\Users\tom\.cache\selenium\chromedriver\win32\87.0.4280.88\chromedriver.exe
[INFO ] 2020-12-20 17:51:22 WebDriverManager:605 :resolveDriverVersion - message:Using chromedriver 87.0.4280.88 (resolved driver for Chrome 87)
[INFO ] 2020-12-20 17:51:22 WebDriverManager:661 :exportDriver - message:Exporting webdriver.chrome.driver as C:\Users\tom\.cache\selenium\chromedriver\win32\87.0.4280.88\chromedriver.exe
[INFO ] 2020-12-20 17:52:01 MainPage:64 :checkEachProductHaveName - message:checkEachProductHaveName
[INFO ] 2020-12-20 17:52:02 MainPage:78 :checkAllPricesArePositive - message:checkAllPricesArePositive
[INFO ] 2020-12-20 17:54:15 WebDriverManager:605 :resolveDriverVersion - message:Using chromedriver 87.0.4280.88 (resolved driver for Chrome 87)
[INFO ] 2020-12-20 17:54:15 WebDriverManager:661 :exportDriver - message:Exporting webdriver.chrome.driver as C:\Users\tom\.cache\selenium\chromedriver\win32\87.0.4280.88\chromedriver.exe
[INFO ] 2020-12-20 17:54:19 WebDriverManager:605 :resolveDriverVersion - message:Using chromedriver 87.0.4280.88 (resolved driver for Chrome 87)
[INFO ] 2020-12-20 17:54:19 WebDriverManager:661 :exportDriver - message:Exporting webdriver.chrome.driver as C:\Users\tom\.cache\selenium\chromedriver\win32\87.0.4280.88\chromedriver.exe
[INFO ] 2020-12-20 17:54:20 WebDriverManager:605 :resolveDriverVersion - message:Using chromedriver 87.0.4280.88 (resolved driver for Chrome 87)
[INFO ] 2020-12-20 17:54:20 WebDriverManager:661 :exportDriver - message:Exporting webdriver.chrome.driver as C:\Users\tom\.cache\selenium\chromedriver\win32\87.0.4280.88\chromedriver.exe
[INFO ] 2020-12-20 17:54:21 WebDriverManager:605 :resolveDriverVersion - message:Using chromedriver 87.0.4280.88 (resolved driver for Chrome 87)
[INFO ] 2020-12-20 17:54:22 WebDriverManager:661 :exportDriver - message:Exporting webdriver.chrome.driver as C:\Users\tom\.cache\selenium\chromedriver\win32\87.0.4280.88\chromedriver.exe
[INFO ] 2020-12-20 17:54:23 WebDriverManager:605 :resolveDriverVersion - message:Using chromedriver 87.0.4280.88 (resolved driver for Chrome 87)
[INFO ] 2020-12-20 17:54:23 WebDriverManager:661 :exportDriver - message:Exporting webdriver.chrome.driver as C:\Users\tom\.cache\selenium\chromedriver\win32\87.0.4280.88\chromedriver.exe
[INFO ] 2020-12-20 17:54:25 WebDriverManager:605 :resolveDriverVersion - message:Using chromedriver 87.0.4280.88 (resolved driver for Chrome 87)
[INFO ] 2020-12-20 17:54:25 WebDriverManager:661 :exportDriver - message:Exporting webdriver.chrome.driver as C:\Users\tom\.cache\selenium\chromedriver\win32\87.0.4280.88\chromedriver.exe
[INFO ] 2020-12-20 17:54:45 MainPage:64 :checkEachProductHaveName - message:checkEachProductHaveName
[INFO ] 2020-12-20 17:54:45 MainPage:78 :checkAllPricesArePositive - message:checkAllPricesArePositive
[INFO ] 2020-12-20 17:57:06 WebDriverManager:605 :resolveDriverVersion - message:Using chromedriver 87.0.4280.88 (resolved driver for Chrome 87)
[INFO ] 2020-12-20 17:57:06 WebDriverManager:661 :exportDriver - message:Exporting webdriver.chrome.driver as C:\Users\tom\.cache\selenium\chromedriver\win32\87.0.4280.88\chromedriver.exe
[INFO ] 2020-12-20 17:57:09 WebDriverManager:605 :resolveDriverVersion - message:Using chromedriver 87.0.4280.88 (resolved driver for Chrome 87)
[INFO ] 2020-12-20 17:57:09 WebDriverManager:661 :exportDriver - message:Exporting webdriver.chrome.driver as C:\Users\tom\.cache\selenium\chromedriver\win32\87.0.4280.88\chromedriver.exe
[INFO ] 2020-12-20 17:57:10 WebDriverManager:605 :resolveDriverVersion - message:Using chromedriver 87.0.4280.88 (resolved driver for Chrome 87)
[INFO ] 2020-12-20 17:57:10 WebDriverManager:661 :exportDriver - message:Exporting webdriver.chrome.driver as C:\Users\tom\.cache\selenium\chromedriver\win32\87.0.4280.88\chromedriver.exe
[INFO ] 2020-12-20 17:57:11 WebDriverManager:605 :resolveDriverVersion - message:Using chromedriver 87.0.4280.88 (resolved driver for Chrome 87)
[INFO ] 2020-12-20 17:57:11 WebDriverManager:661 :exportDriver - message:Exporting webdriver.chrome.driver as C:\Users\tom\.cache\selenium\chromedriver\win32\87.0.4280.88\chromedriver.exe
[INFO ] 2020-12-20 17:57:13 WebDriverManager:605 :resolveDriverVersion - message:Using chromedriver 87.0.4280.88 (resolved driver for Chrome 87)
[INFO ] 2020-12-20 17:57:13 WebDriverManager:661 :exportDriver - message:Exporting webdriver.chrome.driver as C:\Users\tom\.cache\selenium\chromedriver\win32\87.0.4280.88\chromedriver.exe
[INFO ] 2020-12-20 17:57:19 WebDriverManager:605 :resolveDriverVersion - message:Using chromedriver 87.0.4280.88 (resolved driver for Chrome 87)
[INFO ] 2020-12-20 17:57:19 WebDriverManager:661 :exportDriver - message:Exporting webdriver.chrome.driver as C:\Users\tom\.cache\selenium\chromedriver\win32\87.0.4280.88\chromedriver.exe
[INFO ] 2020-12-20 17:58:15 MainPage:64 :checkEachProductHaveName - message:checkEachProductHaveName
[INFO ] 2020-12-20 17:58:16 MainPage:76 :checkAllPricesArePositive - message:checkAllPricesArePositive
[INFO ] 2020-12-20 18:01:25 WebDriverManager:921 :logSeekRepo - message:Reading https://api.github.com/repos/mozilla/geckodriver/releases to seek geckodriver
[INFO ] 2020-12-20 18:02:21 WebDriverManager:921 :logSeekRepo - message:Reading https://api.github.com/repos/mozilla/geckodriver/releases to seek geckodriver
[INFO ] 2020-12-20 18:02:23 WebDriverManager:661 :exportDriver - message:Exporting webdriver.gecko.driver as C:\Users\tom\.cache\selenium\geckodriver\win64\0.28.0\geckodriver.exe
[INFO ] 2020-12-20 18:02:42 WebDriverManager:921 :logSeekRepo - message:Reading https://api.github.com/repos/mozilla/geckodriver/releases to seek geckodriver
[INFO ] 2020-12-20 18:02:45 WebDriverManager:661 :exportDriver - message:Exporting webdriver.gecko.driver as C:\Users\tom\.cache\selenium\geckodriver\win64\0.28.0\geckodriver.exe
[WARN ] 2020-12-20 18:03:09 VersionDetector:121 :getVersionsInputStream - message:Error reading version.properties, using local instead
[INFO ] 2020-12-20 18:03:09 WebDriverManager:921 :logSeekRepo - message:Reading https://api.github.com/repos/mozilla/geckodriver/releases to seek geckodriver
[WARN ] 2020-12-20 18:03:09 WebDriverManager:786 :fallback - message:There was an error managing geckodriver (latest version) (   (api.github.com)) ... trying again using latest driver stored in cache
[INFO ] 2020-12-20 18:03:09 WebDriverManager:921 :logSeekRepo - message:Reading https://api.github.com/repos/mozilla/geckodriver/releases to seek geckodriver
[ERROR] 2020-12-20 18:03:09 WebDriverManager:775 :handleException - message:There was an error managing geckodriver (latest version) (api.github.com)
java.net.UnknownHostException: api.github.com
	at java.base/java.net.InetAddress$CachedAddresses.get(InetAddress.java:797)
	at java.base/java.net.InetAddress.getAllByName0(InetAddress.java:1505)
	at java.base/java.net.InetAddress.getAllByName(InetAddress.java:1364)
	at java.base/java.net.InetAddress.getAllByName(InetAddress.java:1298)
	at org.apache.hc.client5.http.SystemDefaultDnsResolver.resolve(SystemDefaultDnsResolver.java:43)
	at org.apache.hc.client5.http.impl.io.DefaultHttpClientConnectionOperator.connect(DefaultHttpClientConnectionOperator.java:118)
	at org.apache.hc.client5.http.impl.io.PoolingHttpClientConnectionManager.connect(PoolingHttpClientConnectionManager.java:413)
	at org.apache.hc.client5.http.impl.classic.InternalExecRuntime.connectEndpoint(InternalExecRuntime.java:164)
	at org.apache.hc.client5.http.impl.classic.InternalExecRuntime.connectEndpoint(InternalExecRuntime.java:174)
	at org.apache.hc.client5.http.impl.classic.ConnectExec.execute(ConnectExec.java:135)
	at org.apache.hc.client5.http.impl.classic.ExecChainElement.execute(ExecChainElement.java:51)
	at org.apache.hc.client5.http.impl.classic.ExecChainElement$1.proceed(ExecChainElement.java:57)
	at org.apache.hc.client5.http.impl.classic.ProtocolExec.execute(ProtocolExec.java:169)
	at org.apache.hc.client5.http.impl.classic.ExecChainElement.execute(ExecChainElement.java:51)
	at org.apache.hc.client5.http.impl.classic.ExecChainElement$1.proceed(ExecChainElement.java:57)
	at org.apache.hc.client5.http.impl.classic.HttpRequestRetryExec.execute(HttpRequestRetryExec.java:93)
	at org.apache.hc.client5.http.impl.classic.ExecChainElement.execute(ExecChainElement.java:51)
	at org.apache.hc.client5.http.impl.classic.ExecChainElement$1.proceed(ExecChainElement.java:57)
	at org.apache.hc.client5.http.impl.classic.ContentCompressionExec.execute(ContentCompressionExec.java:128)
	at org.apache.hc.client5.http.impl.classic.ExecChainElement.execute(ExecChainElement.java:51)
	at org.apache.hc.client5.http.impl.classic.ExecChainElement$1.proceed(ExecChainElement.java:57)
	at org.apache.hc.client5.http.impl.classic.RedirectExec.execute(RedirectExec.java:116)
	at org.apache.hc.client5.http.impl.classic.ExecChainElement.execute(ExecChainElement.java:51)
	at org.apache.hc.client5.http.impl.classic.InternalHttpClient.doExecute(InternalHttpClient.java:178)
	at org.apache.hc.client5.http.impl.classic.CloseableHttpClient.execute(CloseableHttpClient.java:75)
	at org.apache.hc.client5.http.impl.classic.CloseableHttpClient.execute(CloseableHttpClient.java:89)
	at io.github.bonigarcia.wdm.online.HttpClient.execute(HttpClient.java:139)
	at io.github.bonigarcia.wdm.WebDriverManager.openGitHubConnection(WebDriverManager.java:947)
	at io.github.bonigarcia.wdm.WebDriverManager.getDriversFromGitHub(WebDriverManager.java:961)
	at io.github.bonigarcia.wdm.managers.FirefoxDriverManager.getDriverUrls(FirefoxDriverManager.java:90)
	at io.github.bonigarcia.wdm.WebDriverManager.createUrlHandler(WebDriverManager.java:797)
	at io.github.bonigarcia.wdm.WebDriverManager.download(WebDriverManager.java:649)
	at io.github.bonigarcia.wdm.WebDriverManager.manage(WebDriverManager.java:567)
	at io.github.bonigarcia.wdm.WebDriverManager.fallback(WebDriverManager.java:792)
	at io.github.bonigarcia.wdm.WebDriverManager.handleException(WebDriverManager.java:769)
	at io.github.bonigarcia.wdm.WebDriverManager.manage(WebDriverManager.java:573)
	at io.github.bonigarcia.wdm.WebDriverManager.setup(WebDriverManager.java:287)
	at driverManager.DriverManager.setUpDriver(DriverManager.java:27)
	at hooks.Hooks.initDriver(Hooks.java:19)
	at java.base/jdk.internal.reflect.NativeMethodAccessorImpl.invoke0(Native Method)
	at java.base/jdk.internal.reflect.NativeMethodAccessorImpl.invoke(NativeMethodAccessorImpl.java:62)
	at java.base/jdk.internal.reflect.DelegatingMethodAccessorImpl.invoke(DelegatingMethodAccessorImpl.java:43)
	at java.base/java.lang.reflect.Method.invoke(Method.java:567)
	at io.cucumber.java.Invoker.doInvoke(Invoker.java:66)
	at io.cucumber.java.Invoker.invoke(Invoker.java:24)
	at io.cucumber.java.AbstractGlueDefinition.invokeMethod(AbstractGlueDefinition.java:47)
	at io.cucumber.java.JavaHookDefinition.execute(JavaHookDefinition.java:59)
	at io.cucumber.core.runner.CoreHookDefinition.execute(CoreHookDefinition.java:46)
	at io.cucumber.core.runner.HookDefinitionMatch.runStep(HookDefinitionMatch.java:21)
	at io.cucumber.core.runner.ExecutionMode$1.execute(ExecutionMode.java:10)
	at io.cucumber.core.runner.TestStep.executeStep(TestStep.java:92)
	at io.cucumber.core.runner.TestStep.run(TestStep.java:64)
	at io.cucumber.core.runner.TestCase.run(TestCase.java:98)
	at io.cucumber.core.runner.Runner.runPickle(Runner.java:71)
	at io.cucumber.junit.PickleRunners$NoStepDescriptions.run(PickleRunners.java:151)
	at io.cucumber.junit.FeatureRunner.runChild(FeatureRunner.java:135)
	at io.cucumber.junit.FeatureRunner.runChild(FeatureRunner.java:27)
	at org.junit.runners.ParentRunner$4.run(ParentRunner.java:331)
	at org.junit.runners.ParentRunner$1.schedule(ParentRunner.java:79)
	at org.junit.runners.ParentRunner.runChildren(ParentRunner.java:329)
	at org.junit.runners.ParentRunner.access$100(ParentRunner.java:66)
	at org.junit.runners.ParentRunner$2.evaluate(ParentRunner.java:293)
	at org.junit.runners.ParentRunner$3.evaluate(ParentRunner.java:306)
	at org.junit.runners.ParentRunner.run(ParentRunner.java:413)
	at io.cucumber.junit.Cucumber.runChild(Cucumber.java:199)
	at io.cucumber.junit.Cucumber.runChild(Cucumber.java:90)
	at org.junit.runners.ParentRunner$4.run(ParentRunner.java:331)
	at org.apache.maven.surefire.junitcore.pc.Scheduler$1.run(Scheduler.java:405)
	at java.base/java.util.concurrent.Executors$RunnableAdapter.call(Executors.java:515)
	at java.base/java.util.concurrent.FutureTask.run(FutureTask.java:264)
	at java.base/java.util.concurrent.ThreadPoolExecutor.runWorker(ThreadPoolExecutor.java:1128)
	at java.base/java.util.concurrent.ThreadPoolExecutor$Worker.run(ThreadPoolExecutor.java:628)
	at java.base/java.lang.Thread.run(Thread.java:835)
[WARN ] 2020-12-20 18:03:10 VersionDetector:121 :getVersionsInputStream - message:Error reading version.properties, using local instead
[INFO ] 2020-12-20 18:03:10 WebDriverManager:921 :logSeekRepo - message:Reading https://api.github.com/repos/mozilla/geckodriver/releases to seek geckodriver
[WARN ] 2020-12-20 18:03:10 WebDriverManager:786 :fallback - message:There was an error managing geckodriver (latest version) (api.github.com) ... trying again using latest driver stored in cache
[INFO ] 2020-12-20 18:03:10 WebDriverManager:921 :logSeekRepo - message:Reading https://api.github.com/repos/mozilla/geckodriver/releases to seek geckodriver
[ERROR] 2020-12-20 18:03:10 WebDriverManager:775 :handleException - message:There was an error managing geckodriver (latest version) (api.github.com)
java.net.UnknownHostException: api.github.com
	at java.base/java.net.InetAddress$CachedAddresses.get(InetAddress.java:797)
	at java.base/java.net.InetAddress.getAllByName0(InetAddress.java:1505)
	at java.base/java.net.InetAddress.getAllByName(InetAddress.java:1364)
	at java.base/java.net.InetAddress.getAllByName(InetAddress.java:1298)
	at org.apache.hc.client5.http.SystemDefaultDnsResolver.resolve(SystemDefaultDnsResolver.java:43)
	at org.apache.hc.client5.http.impl.io.DefaultHttpClientConnectionOperator.connect(DefaultHttpClientConnectionOperator.java:118)
	at org.apache.hc.client5.http.impl.io.PoolingHttpClientConnectionManager.connect(PoolingHttpClientConnectionManager.java:413)
	at org.apache.hc.client5.http.impl.classic.InternalExecRuntime.connectEndpoint(InternalExecRuntime.java:164)
	at org.apache.hc.client5.http.impl.classic.InternalExecRuntime.connectEndpoint(InternalExecRuntime.java:174)
	at org.apache.hc.client5.http.impl.classic.ConnectExec.execute(ConnectExec.java:135)
	at org.apache.hc.client5.http.impl.classic.ExecChainElement.execute(ExecChainElement.java:51)
	at org.apache.hc.client5.http.impl.classic.ExecChainElement$1.proceed(ExecChainElement.java:57)
	at org.apache.hc.client5.http.impl.classic.ProtocolExec.execute(ProtocolExec.java:169)
	at org.apache.hc.client5.http.impl.classic.ExecChainElement.execute(ExecChainElement.java:51)
	at org.apache.hc.client5.http.impl.classic.ExecChainElement$1.proceed(ExecChainElement.java:57)
	at org.apache.hc.client5.http.impl.classic.HttpRequestRetryExec.execute(HttpRequestRetryExec.java:93)
	at org.apache.hc.client5.http.impl.classic.ExecChainElement.execute(ExecChainElement.java:51)
	at org.apache.hc.client5.http.impl.classic.ExecChainElement$1.proceed(ExecChainElement.java:57)
	at org.apache.hc.client5.http.impl.classic.ContentCompressionExec.execute(ContentCompressionExec.java:128)
	at org.apache.hc.client5.http.impl.classic.ExecChainElement.execute(ExecChainElement.java:51)
	at org.apache.hc.client5.http.impl.classic.ExecChainElement$1.proceed(ExecChainElement.java:57)
	at org.apache.hc.client5.http.impl.classic.RedirectExec.execute(RedirectExec.java:116)
	at org.apache.hc.client5.http.impl.classic.ExecChainElement.execute(ExecChainElement.java:51)
	at org.apache.hc.client5.http.impl.classic.InternalHttpClient.doExecute(InternalHttpClient.java:178)
	at org.apache.hc.client5.http.impl.classic.CloseableHttpClient.execute(CloseableHttpClient.java:75)
	at org.apache.hc.client5.http.impl.classic.CloseableHttpClient.execute(CloseableHttpClient.java:89)
	at io.github.bonigarcia.wdm.online.HttpClient.execute(HttpClient.java:139)
	at io.github.bonigarcia.wdm.WebDriverManager.openGitHubConnection(WebDriverManager.java:947)
	at io.github.bonigarcia.wdm.WebDriverManager.getDriversFromGitHub(WebDriverManager.java:961)
	at io.github.bonigarcia.wdm.managers.FirefoxDriverManager.getDriverUrls(FirefoxDriverManager.java:90)
	at io.github.bonigarcia.wdm.WebDriverManager.createUrlHandler(WebDriverManager.java:797)
	at io.github.bonigarcia.wdm.WebDriverManager.download(WebDriverManager.java:649)
	at io.github.bonigarcia.wdm.WebDriverManager.manage(WebDriverManager.java:567)
	at io.github.bonigarcia.wdm.WebDriverManager.fallback(WebDriverManager.java:792)
	at io.github.bonigarcia.wdm.WebDriverManager.handleException(WebDriverManager.java:769)
	at io.github.bonigarcia.wdm.WebDriverManager.manage(WebDriverManager.java:573)
	at io.github.bonigarcia.wdm.WebDriverManager.setup(WebDriverManager.java:287)
	at driverManager.DriverManager.setUpDriver(DriverManager.java:27)
	at hooks.Hooks.initDriver(Hooks.java:19)
	at java.base/jdk.internal.reflect.NativeMethodAccessorImpl.invoke0(Native Method)
	at java.base/jdk.internal.reflect.NativeMethodAccessorImpl.invoke(NativeMethodAccessorImpl.java:62)
	at java.base/jdk.internal.reflect.DelegatingMethodAccessorImpl.invoke(DelegatingMethodAccessorImpl.java:43)
	at java.base/java.lang.reflect.Method.invoke(Method.java:567)
	at io.cucumber.java.Invoker.doInvoke(Invoker.java:66)
	at io.cucumber.java.Invoker.invoke(Invoker.java:24)
	at io.cucumber.java.AbstractGlueDefinition.invokeMethod(AbstractGlueDefinition.java:47)
	at io.cucumber.java.JavaHookDefinition.execute(JavaHookDefinition.java:59)
	at io.cucumber.core.runner.CoreHookDefinition.execute(CoreHookDefinition.java:46)
	at io.cucumber.core.runner.HookDefinitionMatch.runStep(HookDefinitionMatch.java:21)
	at io.cucumber.core.runner.ExecutionMode$1.execute(ExecutionMode.java:10)
	at io.cucumber.core.runner.TestStep.executeStep(TestStep.java:92)
	at io.cucumber.core.runner.TestStep.run(TestStep.java:64)
	at io.cucumber.core.runner.TestCase.run(TestCase.java:98)
	at io.cucumber.core.runner.Runner.runPickle(Runner.java:71)
	at io.cucumber.junit.PickleRunners$NoStepDescriptions.run(PickleRunners.java:151)
	at io.cucumber.junit.FeatureRunner.runChild(FeatureRunner.java:135)
	at io.cucumber.junit.FeatureRunner.runChild(FeatureRunner.java:27)
	at org.junit.runners.ParentRunner$4.run(ParentRunner.java:331)
	at org.junit.runners.ParentRunner$1.schedule(ParentRunner.java:79)
	at org.junit.runners.ParentRunner.runChildren(ParentRunner.java:329)
	at org.junit.runners.ParentRunner.access$100(ParentRunner.java:66)
	at org.junit.runners.ParentRunner$2.evaluate(ParentRunner.java:293)
	at org.junit.runners.ParentRunner$3.evaluate(ParentRunner.java:306)
	at org.junit.runners.ParentRunner.run(ParentRunner.java:413)
	at io.cucumber.junit.Cucumber.runChild(Cucumber.java:199)
	at io.cucumber.junit.Cucumber.runChild(Cucumber.java:90)
	at org.junit.runners.ParentRunner$4.run(ParentRunner.java:331)
	at org.apache.maven.surefire.junitcore.pc.Scheduler$1.run(Scheduler.java:405)
	at java.base/java.util.concurrent.Executors$RunnableAdapter.call(Executors.java:515)
	at java.base/java.util.concurrent.FutureTask.run(FutureTask.java:264)
	at java.base/java.util.concurrent.ThreadPoolExecutor.runWorker(ThreadPoolExecutor.java:1128)
	at java.base/java.util.concurrent.ThreadPoolExecutor$Worker.run(ThreadPoolExecutor.java:628)
	at java.base/java.lang.Thread.run(Thread.java:835)
[WARN ] 2020-12-20 18:03:10 VersionDetector:121 :getVersionsInputStream - message:Error reading version.properties, using local instead
[INFO ] 2020-12-20 18:03:10 WebDriverManager:921 :logSeekRepo - message:Reading https://api.github.com/repos/mozilla/geckodriver/releases to seek geckodriver
[WARN ] 2020-12-20 18:03:10 WebDriverManager:786 :fallback - message:There was an error managing geckodriver (latest version) (api.github.com) ... trying again using latest driver stored in cache
[INFO ] 2020-12-20 18:03:10 WebDriverManager:921 :logSeekRepo - message:Reading https://api.github.com/repos/mozilla/geckodriver/releases to seek geckodriver
[ERROR] 2020-12-20 18:03:10 WebDriverManager:775 :handleException - message:There was an error managing geckodriver (latest version) (api.github.com)
java.net.UnknownHostException: api.github.com
	at java.base/java.net.InetAddress$CachedAddresses.get(InetAddress.java:797)
	at java.base/java.net.InetAddress.getAllByName0(InetAddress.java:1505)
	at java.base/java.net.InetAddress.getAllByName(InetAddress.java:1364)
	at java.base/java.net.InetAddress.getAllByName(InetAddress.java:1298)
	at org.apache.hc.client5.http.SystemDefaultDnsResolver.resolve(SystemDefaultDnsResolver.java:43)
	at org.apache.hc.client5.http.impl.io.DefaultHttpClientConnectionOperator.connect(DefaultHttpClientConnectionOperator.java:118)
	at org.apache.hc.client5.http.impl.io.PoolingHttpClientConnectionManager.connect(PoolingHttpClientConnectionManager.java:413)
	at org.apache.hc.client5.http.impl.classic.InternalExecRuntime.connectEndpoint(InternalExecRuntime.java:164)
	at org.apache.hc.client5.http.impl.classic.InternalExecRuntime.connectEndpoint(InternalExecRuntime.java:174)
	at org.apache.hc.client5.http.impl.classic.ConnectExec.execute(ConnectExec.java:135)
	at org.apache.hc.client5.http.impl.classic.ExecChainElement.execute(ExecChainElement.java:51)
	at org.apache.hc.client5.http.impl.classic.ExecChainElement$1.proceed(ExecChainElement.java:57)
	at org.apache.hc.client5.http.impl.classic.ProtocolExec.execute(ProtocolExec.java:169)
	at org.apache.hc.client5.http.impl.classic.ExecChainElement.execute(ExecChainElement.java:51)
	at org.apache.hc.client5.http.impl.classic.ExecChainElement$1.proceed(ExecChainElement.java:57)
	at org.apache.hc.client5.http.impl.classic.HttpRequestRetryExec.execute(HttpRequestRetryExec.java:93)
	at org.apache.hc.client5.http.impl.classic.ExecChainElement.execute(ExecChainElement.java:51)
	at org.apache.hc.client5.http.impl.classic.ExecChainElement$1.proceed(ExecChainElement.java:57)
	at org.apache.hc.client5.http.impl.classic.ContentCompressionExec.execute(ContentCompressionExec.java:128)
	at org.apache.hc.client5.http.impl.classic.ExecChainElement.execute(ExecChainElement.java:51)
	at org.apache.hc.client5.http.impl.classic.ExecChainElement$1.proceed(ExecChainElement.java:57)
	at org.apache.hc.client5.http.impl.classic.RedirectExec.execute(RedirectExec.java:116)
	at org.apache.hc.client5.http.impl.classic.ExecChainElement.execute(ExecChainElement.java:51)
	at org.apache.hc.client5.http.impl.classic.InternalHttpClient.doExecute(InternalHttpClient.java:178)
	at org.apache.hc.client5.http.impl.classic.CloseableHttpClient.execute(CloseableHttpClient.java:75)
	at org.apache.hc.client5.http.impl.classic.CloseableHttpClient.execute(CloseableHttpClient.java:89)
	at io.github.bonigarcia.wdm.online.HttpClient.execute(HttpClient.java:139)
	at io.github.bonigarcia.wdm.WebDriverManager.openGitHubConnection(WebDriverManager.java:947)
	at io.github.bonigarcia.wdm.WebDriverManager.getDriversFromGitHub(WebDriverManager.java:961)
	at io.github.bonigarcia.wdm.managers.FirefoxDriverManager.getDriverUrls(FirefoxDriverManager.java:90)
	at io.github.bonigarcia.wdm.WebDriverManager.createUrlHandler(WebDriverManager.java:797)
	at io.github.bonigarcia.wdm.WebDriverManager.download(WebDriverManager.java:649)
	at io.github.bonigarcia.wdm.WebDriverManager.manage(WebDriverManager.java:567)
	at io.github.bonigarcia.wdm.WebDriverManager.fallback(WebDriverManager.java:792)
	at io.github.bonigarcia.wdm.WebDriverManager.handleException(WebDriverManager.java:769)
	at io.github.bonigarcia.wdm.WebDriverManager.manage(WebDriverManager.java:573)
	at io.github.bonigarcia.wdm.WebDriverManager.setup(WebDriverManager.java:287)
	at driverManager.DriverManager.setUpDriver(DriverManager.java:27)
	at hooks.Hooks.initDriver(Hooks.java:19)
	at java.base/jdk.internal.reflect.NativeMethodAccessorImpl.invoke0(Native Method)
	at java.base/jdk.internal.reflect.NativeMethodAccessorImpl.invoke(NativeMethodAccessorImpl.java:62)
	at java.base/jdk.internal.reflect.DelegatingMethodAccessorImpl.invoke(DelegatingMethodAccessorImpl.java:43)
	at java.base/java.lang.reflect.Method.invoke(Method.java:567)
	at io.cucumber.java.Invoker.doInvoke(Invoker.java:66)
	at io.cucumber.java.Invoker.invoke(Invoker.java:24)
	at io.cucumber.java.AbstractGlueDefinition.invokeMethod(AbstractGlueDefinition.java:47)
	at io.cucumber.java.JavaHookDefinition.execute(JavaHookDefinition.java:59)
	at io.cucumber.core.runner.CoreHookDefinition.execute(CoreHookDefinition.java:46)
	at io.cucumber.core.runner.HookDefinitionMatch.runStep(HookDefinitionMatch.java:21)
	at io.cucumber.core.runner.ExecutionMode$1.execute(ExecutionMode.java:10)
	at io.cucumber.core.runner.TestStep.executeStep(TestStep.java:92)
	at io.cucumber.core.runner.TestStep.run(TestStep.java:64)
	at io.cucumber.core.runner.TestCase.run(TestCase.java:98)
	at io.cucumber.core.runner.Runner.runPickle(Runner.java:71)
	at io.cucumber.junit.PickleRunners$NoStepDescriptions.run(PickleRunners.java:151)
	at io.cucumber.junit.FeatureRunner.runChild(FeatureRunner.java:135)
	at io.cucumber.junit.FeatureRunner.runChild(FeatureRunner.java:27)
	at org.junit.runners.ParentRunner$4.run(ParentRunner.java:331)
	at org.junit.runners.ParentRunner$1.schedule(ParentRunner.java:79)
	at org.junit.runners.ParentRunner.runChildren(ParentRunner.java:329)
	at org.junit.runners.ParentRunner.access$100(ParentRunner.java:66)
	at org.junit.runners.ParentRunner$2.evaluate(ParentRunner.java:293)
	at org.junit.runners.ParentRunner$3.evaluate(ParentRunner.java:306)
	at org.junit.runners.ParentRunner.run(ParentRunner.java:413)
	at io.cucumber.junit.Cucumber.runChild(Cucumber.java:199)
	at io.cucumber.junit.Cucumber.runChild(Cucumber.java:90)
	at org.junit.runners.ParentRunner$4.run(ParentRunner.java:331)
	at org.apache.maven.surefire.junitcore.pc.Scheduler$1.run(Scheduler.java:405)
	at java.base/java.util.concurrent.Executors$RunnableAdapter.call(Executors.java:515)
	at java.base/java.util.concurrent.FutureTask.run(FutureTask.java:264)
	at java.base/java.util.concurrent.ThreadPoolExecutor.runWorker(ThreadPoolExecutor.java:1128)
	at java.base/java.util.concurrent.ThreadPoolExecutor$Worker.run(ThreadPoolExecutor.java:628)
	at java.base/java.lang.Thread.run(Thread.java:835)
[WARN ] 2020-12-20 18:03:10 VersionDetector:121 :getVersionsInputStream - message:Error reading version.properties, using local instead
[INFO ] 2020-12-20 18:03:10 WebDriverManager:921 :logSeekRepo - message:Reading https://api.github.com/repos/mozilla/geckodriver/releases to seek geckodriver
[WARN ] 2020-12-20 18:03:10 WebDriverManager:786 :fallback - message:There was an error managing geckodriver (latest version) (api.github.com) ... trying again using latest driver stored in cache
[INFO ] 2020-12-20 18:03:10 WebDriverManager:921 :logSeekRepo - message:Reading https://api.github.com/repos/mozilla/geckodriver/releases to seek geckodriver
[ERROR] 2020-12-20 18:03:10 WebDriverManager:775 :handleException - message:There was an error managing geckodriver (latest version) (api.github.com)
java.net.UnknownHostException: api.github.com
	at java.base/java.net.InetAddress$CachedAddresses.get(InetAddress.java:797)
	at java.base/java.net.InetAddress.getAllByName0(InetAddress.java:1505)
	at java.base/java.net.InetAddress.getAllByName(InetAddress.java:1364)
	at java.base/java.net.InetAddress.getAllByName(InetAddress.java:1298)
	at org.apache.hc.client5.http.SystemDefaultDnsResolver.resolve(SystemDefaultDnsResolver.java:43)
	at org.apache.hc.client5.http.impl.io.DefaultHttpClientConnectionOperator.connect(DefaultHttpClientConnectionOperator.java:118)
	at org.apache.hc.client5.http.impl.io.PoolingHttpClientConnectionManager.connect(PoolingHttpClientConnectionManager.java:413)
	at org.apache.hc.client5.http.impl.classic.InternalExecRuntime.connectEndpoint(InternalExecRuntime.java:164)
	at org.apache.hc.client5.http.impl.classic.InternalExecRuntime.connectEndpoint(InternalExecRuntime.java:174)
	at org.apache.hc.client5.http.impl.classic.ConnectExec.execute(ConnectExec.java:135)
	at org.apache.hc.client5.http.impl.classic.ExecChainElement.execute(ExecChainElement.java:51)
	at org.apache.hc.client5.http.impl.classic.ExecChainElement$1.proceed(ExecChainElement.java:57)
	at org.apache.hc.client5.http.impl.classic.ProtocolExec.execute(ProtocolExec.java:169)
	at org.apache.hc.client5.http.impl.classic.ExecChainElement.execute(ExecChainElement.java:51)
	at org.apache.hc.client5.http.impl.classic.ExecChainElement$1.proceed(ExecChainElement.java:57)
	at org.apache.hc.client5.http.impl.classic.HttpRequestRetryExec.execute(HttpRequestRetryExec.java:93)
	at org.apache.hc.client5.http.impl.classic.ExecChainElement.execute(ExecChainElement.java:51)
	at org.apache.hc.client5.http.impl.classic.ExecChainElement$1.proceed(ExecChainElement.java:57)
	at org.apache.hc.client5.http.impl.classic.ContentCompressionExec.execute(ContentCompressionExec.java:128)
	at org.apache.hc.client5.http.impl.classic.ExecChainElement.execute(ExecChainElement.java:51)
	at org.apache.hc.client5.http.impl.classic.ExecChainElement$1.proceed(ExecChainElement.java:57)
	at org.apache.hc.client5.http.impl.classic.RedirectExec.execute(RedirectExec.java:116)
	at org.apache.hc.client5.http.impl.classic.ExecChainElement.execute(ExecChainElement.java:51)
	at org.apache.hc.client5.http.impl.classic.InternalHttpClient.doExecute(InternalHttpClient.java:178)
	at org.apache.hc.client5.http.impl.classic.CloseableHttpClient.execute(CloseableHttpClient.java:75)
	at org.apache.hc.client5.http.impl.classic.CloseableHttpClient.execute(CloseableHttpClient.java:89)
	at io.github.bonigarcia.wdm.online.HttpClient.execute(HttpClient.java:139)
	at io.github.bonigarcia.wdm.WebDriverManager.openGitHubConnection(WebDriverManager.java:947)
	at io.github.bonigarcia.wdm.WebDriverManager.getDriversFromGitHub(WebDriverManager.java:961)
	at io.github.bonigarcia.wdm.managers.FirefoxDriverManager.getDriverUrls(FirefoxDriverManager.java:90)
	at io.github.bonigarcia.wdm.WebDriverManager.createUrlHandler(WebDriverManager.java:797)
	at io.github.bonigarcia.wdm.WebDriverManager.download(WebDriverManager.java:649)
	at io.github.bonigarcia.wdm.WebDriverManager.manage(WebDriverManager.java:567)
	at io.github.bonigarcia.wdm.WebDriverManager.fallback(WebDriverManager.java:792)
	at io.github.bonigarcia.wdm.WebDriverManager.handleException(WebDriverManager.java:769)
	at io.github.bonigarcia.wdm.WebDriverManager.manage(WebDriverManager.java:573)
	at io.github.bonigarcia.wdm.WebDriverManager.setup(WebDriverManager.java:287)
	at driverManager.DriverManager.setUpDriver(DriverManager.java:27)
	at hooks.Hooks.initDriver(Hooks.java:19)
	at java.base/jdk.internal.reflect.NativeMethodAccessorImpl.invoke0(Native Method)
	at java.base/jdk.internal.reflect.NativeMethodAccessorImpl.invoke(NativeMethodAccessorImpl.java:62)
	at java.base/jdk.internal.reflect.DelegatingMethodAccessorImpl.invoke(DelegatingMethodAccessorImpl.java:43)
	at java.base/java.lang.reflect.Method.invoke(Method.java:567)
	at io.cucumber.java.Invoker.doInvoke(Invoker.java:66)
	at io.cucumber.java.Invoker.invoke(Invoker.java:24)
	at io.cucumber.java.AbstractGlueDefinition.invokeMethod(AbstractGlueDefinition.java:47)
	at io.cucumber.java.JavaHookDefinition.execute(JavaHookDefinition.java:59)
	at io.cucumber.core.runner.CoreHookDefinition.execute(CoreHookDefinition.java:46)
	at io.cucumber.core.runner.HookDefinitionMatch.runStep(HookDefinitionMatch.java:21)
	at io.cucumber.core.runner.ExecutionMode$1.execute(ExecutionMode.java:10)
	at io.cucumber.core.runner.TestStep.executeStep(TestStep.java:92)
	at io.cucumber.core.runner.TestStep.run(TestStep.java:64)
	at io.cucumber.core.runner.TestCase.run(TestCase.java:98)
	at io.cucumber.core.runner.Runner.runPickle(Runner.java:71)
	at io.cucumber.junit.PickleRunners$NoStepDescriptions.run(PickleRunners.java:151)
	at io.cucumber.junit.FeatureRunner.runChild(FeatureRunner.java:135)
	at io.cucumber.junit.FeatureRunner.runChild(FeatureRunner.java:27)
	at org.junit.runners.ParentRunner$4.run(ParentRunner.java:331)
	at org.junit.runners.ParentRunner$1.schedule(ParentRunner.java:79)
	at org.junit.runners.ParentRunner.runChildren(ParentRunner.java:329)
	at org.junit.runners.ParentRunner.access$100(ParentRunner.java:66)
	at org.junit.runners.ParentRunner$2.evaluate(ParentRunner.java:293)
	at org.junit.runners.ParentRunner$3.evaluate(ParentRunner.java:306)
	at org.junit.runners.ParentRunner.run(ParentRunner.java:413)
	at io.cucumber.junit.Cucumber.runChild(Cucumber.java:199)
	at io.cucumber.junit.Cucumber.runChild(Cucumber.java:90)
	at org.junit.runners.ParentRunner$4.run(ParentRunner.java:331)
	at org.apache.maven.surefire.junitcore.pc.Scheduler$1.run(Scheduler.java:405)
	at java.base/java.util.concurrent.Executors$RunnableAdapter.call(Executors.java:515)
	at java.base/java.util.concurrent.FutureTask.run(FutureTask.java:264)
	at java.base/java.util.concurrent.ThreadPoolExecutor.runWorker(ThreadPoolExecutor.java:1128)
	at java.base/java.util.concurrent.ThreadPoolExecutor$Worker.run(ThreadPoolExecutor.java:628)
	at java.base/java.lang.Thread.run(Thread.java:835)
[INFO ] 2020-12-20 18:04:11 WebDriverManager:921 :logSeekRepo - message:Reading https://api.github.com/repos/mozilla/geckodriver/releases to seek geckodriver
[INFO ] 2020-12-20 18:04:13 WebDriverManager:661 :exportDriver - message:Exporting webdriver.gecko.driver as C:\Users\tom\.cache\selenium\geckodriver\win64\0.28.0\geckodriver.exe
[INFO ] 2020-12-20 18:04:19 WebDriverManager:921 :logSeekRepo - message:Reading https://api.github.com/repos/mozilla/geckodriver/releases to seek geckodriver
[INFO ] 2020-12-20 18:04:25 WebDriverManager:661 :exportDriver - message:Exporting webdriver.gecko.driver as C:\Users\tom\.cache\selenium\geckodriver\win64\0.28.0\geckodriver.exe
[INFO ] 2020-12-20 18:04:41 WebDriverManager:921 :logSeekRepo - message:Reading https://api.github.com/repos/mozilla/geckodriver/releases to seek geckodriver
[INFO ] 2020-12-20 18:04:44 WebDriverManager:661 :exportDriver - message:Exporting webdriver.gecko.driver as C:\Users\tom\.cache\selenium\geckodriver\win64\0.28.0\geckodriver.exe
[INFO ] 2020-12-20 18:04:51 WebDriverManager:921 :logSeekRepo - message:Reading https://api.github.com/repos/mozilla/geckodriver/releases to seek geckodriver
[INFO ] 2020-12-20 18:04:53 WebDriverManager:661 :exportDriver - message:Exporting webdriver.gecko.driver as C:\Users\tom\.cache\selenium\geckodriver\win64\0.28.0\geckodriver.exe
[WARN ] 2020-12-20 18:05:19 VersionDetector:121 :getVersionsInputStream - message:Error reading version.properties, using local instead
[INFO ] 2020-12-20 18:05:19 WebDriverManager:921 :logSeekRepo - message:Reading https://api.github.com/repos/mozilla/geckodriver/releases to seek geckodriver
[INFO ] 2020-12-20 18:05:36 WebDriverManager:661 :exportDriver - message:Exporting webdriver.gecko.driver as C:\Users\tom\.cache\selenium\geckodriver\win64\0.28.0\geckodriver.exe
[WARN ] 2020-12-20 18:05:57 VersionDetector:121 :getVersionsInputStream - message:Error reading version.properties, using local instead
[INFO ] 2020-12-20 18:05:57 WebDriverManager:921 :logSeekRepo - message:Reading https://api.github.com/repos/mozilla/geckodriver/releases to seek geckodriver
[WARN ] 2020-12-20 18:06:08 WebDriverManager:786 :fallback - message:There was an error managing geckodriver (latest version) (   (api.github.com)) ... trying again using latest driver stored in cache
[INFO ] 2020-12-20 18:06:08 WebDriverManager:921 :logSeekRepo - message:Reading https://api.github.com/repos/mozilla/geckodriver/releases to seek geckodriver
[ERROR] 2020-12-20 18:06:08 WebDriverManager:775 :handleException - message:There was an error managing geckodriver (latest version) (api.github.com)
java.net.UnknownHostException: api.github.com
	at java.base/java.net.InetAddress$CachedAddresses.get(InetAddress.java:797)
	at java.base/java.net.InetAddress.getAllByName0(InetAddress.java:1505)
	at java.base/java.net.InetAddress.getAllByName(InetAddress.java:1364)
	at java.base/java.net.InetAddress.getAllByName(InetAddress.java:1298)
	at org.apache.hc.client5.http.SystemDefaultDnsResolver.resolve(SystemDefaultDnsResolver.java:43)
	at org.apache.hc.client5.http.impl.io.DefaultHttpClientConnectionOperator.connect(DefaultHttpClientConnectionOperator.java:118)
	at org.apache.hc.client5.http.impl.io.PoolingHttpClientConnectionManager.connect(PoolingHttpClientConnectionManager.java:413)
	at org.apache.hc.client5.http.impl.classic.InternalExecRuntime.connectEndpoint(InternalExecRuntime.java:164)
	at org.apache.hc.client5.http.impl.classic.InternalExecRuntime.connectEndpoint(InternalExecRuntime.java:174)
	at org.apache.hc.client5.http.impl.classic.ConnectExec.execute(ConnectExec.java:135)
	at org.apache.hc.client5.http.impl.classic.ExecChainElement.execute(ExecChainElement.java:51)
	at org.apache.hc.client5.http.impl.classic.ExecChainElement$1.proceed(ExecChainElement.java:57)
	at org.apache.hc.client5.http.impl.classic.ProtocolExec.execute(ProtocolExec.java:169)
	at org.apache.hc.client5.http.impl.classic.ExecChainElement.execute(ExecChainElement.java:51)
	at org.apache.hc.client5.http.impl.classic.ExecChainElement$1.proceed(ExecChainElement.java:57)
	at org.apache.hc.client5.http.impl.classic.HttpRequestRetryExec.execute(HttpRequestRetryExec.java:93)
	at org.apache.hc.client5.http.impl.classic.ExecChainElement.execute(ExecChainElement.java:51)
	at org.apache.hc.client5.http.impl.classic.ExecChainElement$1.proceed(ExecChainElement.java:57)
	at org.apache.hc.client5.http.impl.classic.ContentCompressionExec.execute(ContentCompressionExec.java:128)
	at org.apache.hc.client5.http.impl.classic.ExecChainElement.execute(ExecChainElement.java:51)
	at org.apache.hc.client5.http.impl.classic.ExecChainElement$1.proceed(ExecChainElement.java:57)
	at org.apache.hc.client5.http.impl.classic.RedirectExec.execute(RedirectExec.java:116)
	at org.apache.hc.client5.http.impl.classic.ExecChainElement.execute(ExecChainElement.java:51)
	at org.apache.hc.client5.http.impl.classic.InternalHttpClient.doExecute(InternalHttpClient.java:178)
	at org.apache.hc.client5.http.impl.classic.CloseableHttpClient.execute(CloseableHttpClient.java:75)
	at org.apache.hc.client5.http.impl.classic.CloseableHttpClient.execute(CloseableHttpClient.java:89)
	at io.github.bonigarcia.wdm.online.HttpClient.execute(HttpClient.java:139)
	at io.github.bonigarcia.wdm.WebDriverManager.openGitHubConnection(WebDriverManager.java:947)
	at io.github.bonigarcia.wdm.WebDriverManager.getDriversFromGitHub(WebDriverManager.java:961)
	at io.github.bonigarcia.wdm.managers.FirefoxDriverManager.getDriverUrls(FirefoxDriverManager.java:90)
	at io.github.bonigarcia.wdm.WebDriverManager.createUrlHandler(WebDriverManager.java:797)
	at io.github.bonigarcia.wdm.WebDriverManager.download(WebDriverManager.java:649)
	at io.github.bonigarcia.wdm.WebDriverManager.manage(WebDriverManager.java:567)
	at io.github.bonigarcia.wdm.WebDriverManager.fallback(WebDriverManager.java:792)
	at io.github.bonigarcia.wdm.WebDriverManager.handleException(WebDriverManager.java:769)
	at io.github.bonigarcia.wdm.WebDriverManager.manage(WebDriverManager.java:573)
	at io.github.bonigarcia.wdm.WebDriverManager.setup(WebDriverManager.java:287)
	at driverManager.DriverManager.setUpDriver(DriverManager.java:27)
	at hooks.Hooks.initDriver(Hooks.java:19)
	at java.base/jdk.internal.reflect.NativeMethodAccessorImpl.invoke0(Native Method)
	at java.base/jdk.internal.reflect.NativeMethodAccessorImpl.invoke(NativeMethodAccessorImpl.java:62)
	at java.base/jdk.internal.reflect.DelegatingMethodAccessorImpl.invoke(DelegatingMethodAccessorImpl.java:43)
	at java.base/java.lang.reflect.Method.invoke(Method.java:567)
	at io.cucumber.java.Invoker.doInvoke(Invoker.java:66)
	at io.cucumber.java.Invoker.invoke(Invoker.java:24)
	at io.cucumber.java.AbstractGlueDefinition.invokeMethod(AbstractGlueDefinition.java:47)
	at io.cucumber.java.JavaHookDefinition.execute(JavaHookDefinition.java:59)
	at io.cucumber.core.runner.CoreHookDefinition.execute(CoreHookDefinition.java:46)
	at io.cucumber.core.runner.HookDefinitionMatch.runStep(HookDefinitionMatch.java:21)
	at io.cucumber.core.runner.ExecutionMode$1.execute(ExecutionMode.java:10)
	at io.cucumber.core.runner.TestStep.executeStep(TestStep.java:92)
	at io.cucumber.core.runner.TestStep.run(TestStep.java:64)
	at io.cucumber.core.runner.TestCase.run(TestCase.java:98)
	at io.cucumber.core.runner.Runner.runPickle(Runner.java:71)
	at io.cucumber.junit.PickleRunners$NoStepDescriptions.run(PickleRunners.java:151)
	at io.cucumber.junit.FeatureRunner.runChild(FeatureRunner.java:135)
	at io.cucumber.junit.FeatureRunner.runChild(FeatureRunner.java:27)
	at org.junit.runners.ParentRunner$4.run(ParentRunner.java:331)
	at org.junit.runners.ParentRunner$1.schedule(ParentRunner.java:79)
	at org.junit.runners.ParentRunner.runChildren(ParentRunner.java:329)
	at org.junit.runners.ParentRunner.access$100(ParentRunner.java:66)
	at org.junit.runners.ParentRunner$2.evaluate(ParentRunner.java:293)
	at org.junit.runners.ParentRunner$3.evaluate(ParentRunner.java:306)
	at org.junit.runners.ParentRunner.run(ParentRunner.java:413)
	at io.cucumber.junit.Cucumber.runChild(Cucumber.java:199)
	at io.cucumber.junit.Cucumber.runChild(Cucumber.java:90)
	at org.junit.runners.ParentRunner$4.run(ParentRunner.java:331)
	at org.apache.maven.surefire.junitcore.pc.Scheduler$1.run(Scheduler.java:405)
	at java.base/java.util.concurrent.Executors$RunnableAdapter.call(Executors.java:515)
	at java.base/java.util.concurrent.FutureTask.run(FutureTask.java:264)
	at java.base/java.util.concurrent.ThreadPoolExecutor.runWorker(ThreadPoolExecutor.java:1128)
	at java.base/java.util.concurrent.ThreadPoolExecutor$Worker.run(ThreadPoolExecutor.java:628)
	at java.base/java.lang.Thread.run(Thread.java:835)
[INFO ] 2020-12-20 18:09:50 WebDriverManager:605 :resolveDriverVersion - message:Using chromedriver 87.0.4280.88 (resolved driver for Chrome 87)
[INFO ] 2020-12-20 18:09:50 WebDriverManager:661 :exportDriver - message:Exporting webdriver.chrome.driver as C:\Users\tom\.cache\selenium\chromedriver\win32\87.0.4280.88\chromedriver.exe
[INFO ] 2020-12-20 18:09:56 WebDriverManager:605 :resolveDriverVersion - message:Using chromedriver 87.0.4280.88 (resolved driver for Chrome 87)
[INFO ] 2020-12-20 18:09:56 WebDriverManager:661 :exportDriver - message:Exporting webdriver.chrome.driver as C:\Users\tom\.cache\selenium\chromedriver\win32\87.0.4280.88\chromedriver.exe
[INFO ] 2020-12-20 18:09:58 WebDriverManager:605 :resolveDriverVersion - message:Using chromedriver 87.0.4280.88 (resolved driver for Chrome 87)
[INFO ] 2020-12-20 18:09:58 WebDriverManager:661 :exportDriver - message:Exporting webdriver.chrome.driver as C:\Users\tom\.cache\selenium\chromedriver\win32\87.0.4280.88\chromedriver.exe
[INFO ] 2020-12-20 18:09:59 WebDriverManager:605 :resolveDriverVersion - message:Using chromedriver 87.0.4280.88 (resolved driver for Chrome 87)
[INFO ] 2020-12-20 18:09:59 WebDriverManager:661 :exportDriver - message:Exporting webdriver.chrome.driver as C:\Users\tom\.cache\selenium\chromedriver\win32\87.0.4280.88\chromedriver.exe
[INFO ] 2020-12-20 18:10:01 WebDriverManager:605 :resolveDriverVersion - message:Using chromedriver 87.0.4280.88 (resolved driver for Chrome 87)
[INFO ] 2020-12-20 18:10:01 WebDriverManager:661 :exportDriver - message:Exporting webdriver.chrome.driver as C:\Users\tom\.cache\selenium\chromedriver\win32\87.0.4280.88\chromedriver.exe
[INFO ] 2020-12-20 18:10:02 WebDriverManager:605 :resolveDriverVersion - message:Using chromedriver 87.0.4280.88 (resolved driver for Chrome 87)
[INFO ] 2020-12-20 18:10:02 WebDriverManager:661 :exportDriver - message:Exporting webdriver.chrome.driver as C:\Users\tom\.cache\selenium\chromedriver\win32\87.0.4280.88\chromedriver.exe
[INFO ] 2020-12-20 18:10:46 MainPage:64 :checkEachProductHaveName - message:checkEachProductHaveName
[INFO ] 2020-12-20 18:10:47 MainPage:76 :checkAllPricesArePositive - message:checkAllPricesArePositive
[INFO ] 2020-12-20 18:12:22 WebDriverManager:605 :resolveDriverVersion - message:Using chromedriver 87.0.4280.88 (resolved driver for Chrome 87)
[INFO ] 2020-12-20 18:12:22 WebDriverManager:661 :exportDriver - message:Exporting webdriver.chrome.driver as C:\Users\tom\.cache\selenium\chromedriver\win32\87.0.4280.88\chromedriver.exe
[INFO ] 2020-12-20 18:13:18 WebDriverManager:605 :resolveDriverVersion - message:Using chromedriver 87.0.4280.88 (resolved driver for Chrome 87)
[INFO ] 2020-12-20 18:13:18 WebDriverManager:661 :exportDriver - message:Exporting webdriver.chrome.driver as C:\Users\tom\.cache\selenium\chromedriver\win32\87.0.4280.88\chromedriver.exe
